[ 2019-03-23T10:26:13+08:00 ] 127.0.0.1 /shenji/thinkphp3.2/thinkphp/
INFO: [ app_init ] --START--
INFO: Run Behavior\BuildLiteBehavior [ RunTime:0.000120s ]
INFO: [ app_init ] --END-- [ RunTime:0.003192s ]
INFO: [ app_begin ] --START--
INFO: Run Behavior\ReadHtmlCacheBehavior [ RunTime:0.011352s ]
INFO: [ app_begin ] --END-- [ RunTime:0.011593s ]

[ 2019-03-23T10:26:53+08:00 ] 127.0.0.1 /shenji/thinkphp3.2/thinkphp/
INFO: [ app_init ] --START--
INFO: Run Behavior\BuildLiteBehavior [ RunTime:0.000066s ]
INFO: [ app_init ] --END-- [ RunTime:0.000395s ]
INFO: [ app_begin ] --START--
INFO: Run Behavior\ReadHtmlCacheBehavior [ RunTime:0.001070s ]
INFO: [ app_begin ] --END-- [ RunTime:0.001402s ]
SQL: SHOW COLUMNS FROM `test` [ RunTime:0.0782s ]
NOTIC: [2] Missing argument 1 for Think\Model::where(), called in D:\PhpStudy20180211\PHPTutorial\WWW\shenji\thinkphp3.2\ThinkPHP\Shop\Home\Controller\IndexController.class.php on line 9 and defined D:\PhpStudy20180211\PHPTutorial\WWW\shenji\thinkphp3.2\ThinkPHP\Library\Think\Model.class.php 第 1798 行.
NOTIC: [8] Undefined variable: where D:\PhpStudy20180211\PHPTutorial\WWW\shenji\thinkphp3.2\ThinkPHP\Library\Think\Model.class.php 第 1806 行.
NOTIC: [8] Undefined variable: where D:\PhpStudy20180211\PHPTutorial\WWW\shenji\thinkphp3.2\ThinkPHP\Library\Think\Model.class.php 第 1809 行.
NOTIC: [8] Undefined variable: where D:\PhpStudy20180211\PHPTutorial\WWW\shenji\thinkphp3.2\ThinkPHP\Library\Think\Model.class.php 第 1817 行.
SQL: SELECT * FROM `test` WHERE ( id=3 )  [ RunTime:0.0150s ]
NOTIC: [8] Undefined offset: 0 D:\PhpStudy20180211\PHPTutorial\WWW\shenji\thinkphp3.2\ThinkPHP\Shop\Home\Controller\IndexController.class.php 第 10 行.
INFO: [ app_end ] --START--
INFO: Run Behavior\ShowPageTraceBehavior [ RunTime:0.003381s ]
INFO: [ app_end ] --END-- [ RunTime:0.004064s ]

[ 2019-03-23T10:27:42+08:00 ] 127.0.0.1 /shenji/thinkphp3.2/thinkphp/
INFO: [ app_init ] --START--
INFO: Run Behavior\BuildLiteBehavior [ RunTime:0.000090s ]
INFO: [ app_init ] --END-- [ RunTime:0.000536s ]
INFO: [ app_begin ] --START--
INFO: Run Behavior\ReadHtmlCacheBehavior [ RunTime:0.001451s ]
INFO: [ app_begin ] --END-- [ RunTime:0.001890s ]
SQL: SHOW COLUMNS FROM `test` [ RunTime:0.0299s ]
NOTIC: [2] Missing argument 1 for Think\Model::where(), called in D:\PhpStudy20180211\PHPTutorial\WWW\shenji\thinkphp3.2\ThinkPHP\Shop\Home\Controller\IndexController.class.php on line 9 and defined D:\PhpStudy20180211\PHPTutorial\WWW\shenji\thinkphp3.2\ThinkPHP\Library\Think\Model.class.php 第 1798 行.
NOTIC: [8] Undefined variable: where D:\PhpStudy20180211\PHPTutorial\WWW\shenji\thinkphp3.2\ThinkPHP\Library\Think\Model.class.php 第 1806 行.
NOTIC: [8] Undefined variable: where D:\PhpStudy20180211\PHPTutorial\WWW\shenji\thinkphp3.2\ThinkPHP\Library\Think\Model.class.php 第 1809 行.
NOTIC: [8] Undefined variable: where D:\PhpStudy20180211\PHPTutorial\WWW\shenji\thinkphp3.2\ThinkPHP\Library\Think\Model.class.php 第 1817 行.
SQL: SELECT * FROM `test` WHERE ( id=3 )  [ RunTime:0.0005s ]
INFO: [ app_end ] --START--
INFO: Run Behavior\ShowPageTraceBehavior [ RunTime:0.001156s ]
INFO: [ app_end ] --END-- [ RunTime:0.001457s ]

[ 2019-03-23T10:28:07+08:00 ] 127.0.0.1 /shenji/thinkphp3.2/thinkphp/
INFO: [ app_init ] --START--
INFO: Run Behavior\BuildLiteBehavior [ RunTime:0.000147s ]
INFO: [ app_init ] --END-- [ RunTime:0.000826s ]
INFO: [ app_begin ] --START--
INFO: Run Behavior\ReadHtmlCacheBehavior [ RunTime:0.001176s ]
INFO: [ app_begin ] --END-- [ RunTime:0.001531s ]
SQL: SHOW COLUMNS FROM `test` [ RunTime:0.0308s ]
NOTIC: [2] Missing argument 1 for Think\Model::where(), called in D:\PhpStudy20180211\PHPTutorial\WWW\shenji\thinkphp3.2\ThinkPHP\Shop\Home\Controller\IndexController.class.php on line 9 and defined D:\PhpStudy20180211\PHPTutorial\WWW\shenji\thinkphp3.2\ThinkPHP\Library\Think\Model.class.php 第 1798 行.
NOTIC: [8] Undefined variable: where D:\PhpStudy20180211\PHPTutorial\WWW\shenji\thinkphp3.2\ThinkPHP\Library\Think\Model.class.php 第 1806 行.
NOTIC: [8] Undefined variable: where D:\PhpStudy20180211\PHPTutorial\WWW\shenji\thinkphp3.2\ThinkPHP\Library\Think\Model.class.php 第 1809 行.
NOTIC: [8] Undefined variable: where D:\PhpStudy20180211\PHPTutorial\WWW\shenji\thinkphp3.2\ThinkPHP\Library\Think\Model.class.php 第 1817 行.
SQL: INSERT INTO `test` (`id`,`name`,`password`) VALUES ('3','admin','123456') [ RunTime:0.1166s ]
SQL: SELECT * FROM `test` WHERE ( id=3 )  [ RunTime:0.0009s ]
INFO: [ app_end ] --START--
INFO: Run Behavior\ShowPageTraceBehavior [ RunTime:0.002392s ]
INFO: [ app_end ] --END-- [ RunTime:0.003087s ]

[ 2019-03-23T10:28:49+08:00 ] 127.0.0.1 /shenji/thinkphp3.2/thinkphp/
INFO: [ app_init ] --START--
INFO: Run Behavior\BuildLiteBehavior [ RunTime:0.000062s ]
INFO: [ app_init ] --END-- [ RunTime:0.000358s ]
INFO: [ app_begin ] --START--
INFO: Run Behavior\ReadHtmlCacheBehavior [ RunTime:0.000984s ]
INFO: [ app_begin ] --END-- [ RunTime:0.001278s ]
SQL: SHOW COLUMNS FROM `test` [ RunTime:0.0327s ]

[ 2019-03-23T10:28:53+08:00 ] 127.0.0.1 /shenji/thinkphp3.2/thinkphp/
INFO: [ app_init ] --START--
INFO: Run Behavior\BuildLiteBehavior [ RunTime:0.000131s ]
INFO: [ app_init ] --END-- [ RunTime:0.000774s ]
INFO: [ app_begin ] --START--
INFO: Run Behavior\ReadHtmlCacheBehavior [ RunTime:0.002018s ]
INFO: [ app_begin ] --END-- [ RunTime:0.002657s ]
SQL: SHOW COLUMNS FROM `test` [ RunTime:0.0308s ]
NOTIC: [2] Missing argument 1 for Think\Model::where(), called in D:\PhpStudy20180211\PHPTutorial\WWW\shenji\thinkphp3.2\ThinkPHP\Shop\Home\Controller\IndexController.class.php on line 9 and defined D:\PhpStudy20180211\PHPTutorial\WWW\shenji\thinkphp3.2\ThinkPHP\Library\Think\Model.class.php 第 1798 行.
NOTIC: [8] Undefined variable: where D:\PhpStudy20180211\PHPTutorial\WWW\shenji\thinkphp3.2\ThinkPHP\Library\Think\Model.class.php 第 1806 行.
NOTIC: [8] Undefined variable: where D:\PhpStudy20180211\PHPTutorial\WWW\shenji\thinkphp3.2\ThinkPHP\Library\Think\Model.class.php 第 1809 行.
NOTIC: [8] Undefined variable: where D:\PhpStudy20180211\PHPTutorial\WWW\shenji\thinkphp3.2\ThinkPHP\Library\Think\Model.class.php 第 1817 行.
SQL: INSERT INTO `test` (`id`,`name`,`password`) VALUES ('3','admin','123456') [ RunTime:0.0006s ]
SQL: SELECT * FROM `test` WHERE ( id=3 )  [ RunTime:0.0006s ]
INFO: [ app_end ] --START--
INFO: Run Behavior\ShowPageTraceBehavior [ RunTime:0.001497s ]
INFO: [ app_end ] --END-- [ RunTime:0.001926s ]

[ 2019-03-23T10:31:15+08:00 ] 127.0.0.1 /shenji/thinkphp3.2/thinkphp/
INFO: [ app_init ] --START--
INFO: Run Behavior\BuildLiteBehavior [ RunTime:0.000097s ]
INFO: [ app_init ] --END-- [ RunTime:0.000586s ]
INFO: [ app_begin ] --START--
INFO: Run Behavior\ReadHtmlCacheBehavior [ RunTime:0.001143s ]
INFO: [ app_begin ] --END-- [ RunTime:0.001503s ]
SQL: SHOW COLUMNS FROM `test` [ RunTime:0.0151s ]
NOTIC: [2] Missing argument 1 for Think\Model::where(), called in D:\PhpStudy20180211\PHPTutorial\WWW\shenji\thinkphp3.2\ThinkPHP\Shop\Home\Controller\IndexController.class.php on line 9 and defined D:\PhpStudy20180211\PHPTutorial\WWW\shenji\thinkphp3.2\ThinkPHP\Library\Think\Model.class.php 第 1798 行.
NOTIC: [8] Undefined variable: where D:\PhpStudy20180211\PHPTutorial\WWW\shenji\thinkphp3.2\ThinkPHP\Library\Think\Model.class.php 第 1806 行.
NOTIC: [8] Undefined variable: where D:\PhpStudy20180211\PHPTutorial\WWW\shenji\thinkphp3.2\ThinkPHP\Library\Think\Model.class.php 第 1809 行.

[ 2019-03-23T10:56:54+08:00 ] 127.0.0.1 /shenji/thinkphp3.2/thinkphp/
INFO: [ app_init ] --START--
INFO: Run Behavior\BuildLiteBehavior [ RunTime:0.000095s ]
INFO: [ app_init ] --END-- [ RunTime:0.000489s ]
INFO: [ app_begin ] --START--
INFO: Run Behavior\ReadHtmlCacheBehavior [ RunTime:0.000797s ]
INFO: [ app_begin ] --END-- [ RunTime:0.000998s ]
SQL: SHOW COLUMNS FROM `test` [ RunTime:0.0311s ]

[ 2019-03-23T11:08:21+08:00 ] 127.0.0.1 /shenji/thinkphp3.2/thinkphp/
INFO: [ app_init ] --START--
INFO: Run Behavior\BuildLiteBehavior [ RunTime:0.000065s ]
INFO: [ app_init ] --END-- [ RunTime:0.000449s ]
INFO: [ app_begin ] --START--
INFO: Run Behavior\ReadHtmlCacheBehavior [ RunTime:0.001087s ]
INFO: [ app_begin ] --END-- [ RunTime:0.001590s ]
SQL: SHOW COLUMNS FROM `test` [ RunTime:0.0315s ]

[ 2019-03-23T11:12:03+08:00 ] 127.0.0.1 /shenji/thinkphp3.2/thinkphp/
INFO: [ app_init ] --START--
INFO: Run Behavior\BuildLiteBehavior [ RunTime:0.000039s ]
INFO: [ app_init ] --END-- [ RunTime:0.000212s ]
INFO: [ app_begin ] --START--
INFO: Run Behavior\ReadHtmlCacheBehavior [ RunTime:0.000851s ]
INFO: [ app_begin ] --END-- [ RunTime:0.001042s ]
SQL: SHOW COLUMNS FROM `test` [ RunTime:0.0262s ]

[ 2019-03-23T11:18:32+08:00 ] 127.0.0.1 /shenji/thinkphp3.2/thinkphp/
INFO: [ app_init ] --START--
INFO: Run Behavior\BuildLiteBehavior [ RunTime:0.000074s ]
INFO: [ app_init ] --END-- [ RunTime:0.000415s ]
INFO: [ app_begin ] --START--
INFO: Run Behavior\ReadHtmlCacheBehavior [ RunTime:0.001091s ]
INFO: [ app_begin ] --END-- [ RunTime:0.001433s ]
SQL: SHOW COLUMNS FROM `test` [ RunTime:0.0116s ]

[ 2019-03-23T15:36:28+08:00 ] 127.0.0.1 /shenji/thinkphp3.2/thinkphp/
INFO: [ app_init ] --START--
INFO: Run Behavior\BuildLiteBehavior [ RunTime:0.000084s ]
INFO: [ app_init ] --END-- [ RunTime:0.000468s ]
INFO: [ app_begin ] --START--
INFO: Run Behavior\ReadHtmlCacheBehavior [ RunTime:0.001182s ]
INFO: [ app_begin ] --END-- [ RunTime:0.001672s ]
SQL: SHOW COLUMNS FROM `test` [ RunTime:0.0305s ]
SQL: INSERT INTO `test` (`id`,`name`,`password`) VALUES ('2','admin','123456') [ RunTime:0.0030s ]
SQL: SELECT * FROM `test` WHERE ( id=3 )  [ RunTime:0.0005s ]
NOTIC: [8] Undefined offset: 0 D:\PhpStudy20180211\PHPTutorial\WWW\shenji\thinkphp3.2\ThinkPHP\Shop\Home\Controller\IndexController.class.php 第 10 行.
INFO: [ app_end ] --START--
INFO: Run Behavior\ShowPageTraceBehavior [ RunTime:0.009638s ]
INFO: [ app_end ] --END-- [ RunTime:0.009862s ]

[ 2019-03-23T15:37:47+08:00 ] 127.0.0.1 /shenji/thinkphp3.2/thinkphp/
INFO: [ app_init ] --START--
INFO: Run Behavior\BuildLiteBehavior [ RunTime:0.000066s ]
INFO: [ app_init ] --END-- [ RunTime:0.000364s ]
INFO: [ app_begin ] --START--
INFO: Run Behavior\ReadHtmlCacheBehavior [ RunTime:0.000983s ]
INFO: [ app_begin ] --END-- [ RunTime:0.001288s ]
SQL: SHOW COLUMNS FROM `test` [ RunTime:0.0311s ]
SQL: INSERT INTO `test` (`id`,`name`,`password`) VALUES ('2','admin','123456') [ RunTime:0.0011s ]

[ 2019-03-23T16:10:43+08:00 ] 127.0.0.1 /shenji/thinkphp3.2/thinkphp/
INFO: [ app_init ] --START--
INFO: Run Behavior\BuildLiteBehavior [ RunTime:0.000095s ]
INFO: [ app_init ] --END-- [ RunTime:0.000519s ]
INFO: [ app_begin ] --START--
INFO: Run Behavior\ReadHtmlCacheBehavior [ RunTime:0.001263s ]
INFO: [ app_begin ] --END-- [ RunTime:0.001652s ]
SQL: SHOW COLUMNS FROM `test` [ RunTime:0.0308s ]

[ 2019-03-23T16:11:43+08:00 ] 127.0.0.1 /shenji/thinkphp3.2/thinkphp/
INFO: [ app_init ] --START--
INFO: Run Behavior\BuildLiteBehavior [ RunTime:0.000186s ]
INFO: [ app_init ] --END-- [ RunTime:0.000953s ]
INFO: [ app_begin ] --START--
INFO: Run Behavior\ReadHtmlCacheBehavior [ RunTime:0.002442s ]
INFO: [ app_begin ] --END-- [ RunTime:0.003221s ]
SQL: SHOW COLUMNS FROM `test` [ RunTime:0.0328s ]
SQL: INSERT INTO `test` (`id`,`name`,`password`) VALUES ('2','admin','<script>alert(1);</script>') [ RunTime:0.0014s ]

[ 2019-03-23T16:13:24+08:00 ] 127.0.0.1 /shenji/thinkphp3.2/thinkphp/
INFO: [ app_init ] --START--
INFO: Run Behavior\BuildLiteBehavior [ RunTime:0.000099s ]
INFO: [ app_init ] --END-- [ RunTime:0.000556s ]
INFO: [ app_begin ] --START--
INFO: Run Behavior\ReadHtmlCacheBehavior [ RunTime:0.000893s ]
INFO: [ app_begin ] --END-- [ RunTime:0.001181s ]
SQL: SHOW COLUMNS FROM `test` [ RunTime:0.0272s ]

[ 2019-03-23T16:13:50+08:00 ] 127.0.0.1 /shenji/thinkphp3.2/thinkphp/
INFO: [ app_init ] --START--
INFO: Run Behavior\BuildLiteBehavior [ RunTime:0.000081s ]
INFO: [ app_init ] --END-- [ RunTime:0.000491s ]
INFO: [ app_begin ] --START--
INFO: Run Behavior\ReadHtmlCacheBehavior [ RunTime:0.001430s ]
INFO: [ app_begin ] --END-- [ RunTime:0.001915s ]
SQL: SHOW COLUMNS FROM `test` [ RunTime:0.0304s ]
SQL: INSERT INTO `test` (`id`,`name`,`password`) VALUES ('2','admin','<script>alert(1);</script>\'a\'') [ RunTime:0.0010s ]
SQL: SELECT * FROM `test` WHERE ( id=3 )  [ RunTime:0.0009s ]
NOTIC: [8] Undefined offset: 0 D:\PhpStudy20180211\PHPTutorial\WWW\shenji\thinkphp3.2\ThinkPHP\Shop\Home\Controller\IndexController.class.php 第 10 行.
INFO: [ app_end ] --START--
INFO: Run Behavior\ShowPageTraceBehavior [ RunTime:0.002229s ]
INFO: [ app_end ] --END-- [ RunTime:0.002830s ]

[ 2019-03-23T16:31:42+08:00 ] 127.0.0.1 /shenji/thinkphp3.2/thinkphp/
INFO: [ app_init ] --START--
INFO: Run Behavior\BuildLiteBehavior [ RunTime:0.000221s ]
INFO: [ app_init ] --END-- [ RunTime:0.000523s ]
INFO: [ app_begin ] --START--
INFO: Run Behavior\ReadHtmlCacheBehavior [ RunTime:0.000793s ]
INFO: [ app_begin ] --END-- [ RunTime:0.001032s ]
SQL: SHOW COLUMNS FROM `test` [ RunTime:0.0332s ]
SQL: INSERT INTO `test` (`id`,`name`,`password`) VALUES ('2','admin','<script>alert(1);</script>\'a\'') [ RunTime:0.0009s ]

[ 2019-03-23T16:49:44+08:00 ] 127.0.0.1 /shenji/thinkphp3.2/thinkphp/
INFO: [ app_init ] --START--
INFO: Run Behavior\BuildLiteBehavior [ RunTime:0.000064s ]
INFO: [ app_init ] --END-- [ RunTime:0.000362s ]
INFO: [ app_begin ] --START--
INFO: Run Behavior\ReadHtmlCacheBehavior [ RunTime:0.000900s ]
INFO: [ app_begin ] --END-- [ RunTime:0.001173s ]
SQL: SHOW COLUMNS FROM `test` [ RunTime:0.0230s ]
SQL: INSERT INTO `test` (`id`,`name`,`password`) VALUES ('2','admin','<script>alert(1);</script>\'a\'') [ RunTime:0.0003s ]
SQL: SELECT * FROM `test` WHERE ( id=3 )  [ RunTime:1.4923s ]

[ 2019-03-23T17:07:00+08:00 ] 127.0.0.1 /shenji/thinkphp3.2/thinkphp/
INFO: [ app_init ] --START--
INFO: Run Behavior\BuildLiteBehavior [ RunTime:0.000056s ]
INFO: [ app_init ] --END-- [ RunTime:0.000314s ]
INFO: [ app_begin ] --START--
INFO: Run Behavior\ReadHtmlCacheBehavior [ RunTime:0.000796s ]
INFO: [ app_begin ] --END-- [ RunTime:0.001026s ]
SQL: SHOW COLUMNS FROM `test` [ RunTime:0.0199s ]
SQL: INSERT INTO `test` (`id`,`name`,`password`) VALUES ('2','admin','<script>alert(1);</script>\'a\'') [ RunTime:0.0013s ]

[ 2019-03-23T17:08:56+08:00 ] 127.0.0.1 /shenji/thinkphp3.2/thinkphp/
INFO: [ app_init ] --START--
INFO: Run Behavior\BuildLiteBehavior [ RunTime:0.000056s ]
INFO: [ app_init ] --END-- [ RunTime:0.000310s ]
INFO: [ app_begin ] --START--
INFO: Run Behavior\ReadHtmlCacheBehavior [ RunTime:0.000894s ]
INFO: [ app_begin ] --END-- [ RunTime:0.001171s ]
SQL: SHOW COLUMNS FROM `test` [ RunTime:0.0312s ]
SQL: INSERT INTO `test` (`id`,`name`,`password`) VALUES ('2','admin','<script>alert(1);</script>\'a\'') [ RunTime:0.0012s ]

[ 2019-03-23T17:16:59+08:00 ] 127.0.0.1 /shenji/thinkphp3.2/thinkphp/
INFO: [ app_init ] --START--
INFO: Run Behavior\BuildLiteBehavior [ RunTime:0.000110s ]
INFO: [ app_init ] --END-- [ RunTime:0.000603s ]
INFO: [ app_begin ] --START--
INFO: Run Behavior\ReadHtmlCacheBehavior [ RunTime:0.000639s ]
INFO: [ app_begin ] --END-- [ RunTime:0.000815s ]
SQL: SHOW COLUMNS FROM `test` [ RunTime:0.0281s ]
SQL: INSERT INTO `test` (`id`,`name`,`password`) VALUES ('2','admin','<script>alert(1);</script>\'a\'') [ RunTime:0.0011s ]

[ 2019-03-23T17:17:46+08:00 ] 127.0.0.1 /shenji/thinkphp3.2/thinkphp/
INFO: [ app_init ] --START--
INFO: Run Behavior\BuildLiteBehavior [ RunTime:0.000051s ]
INFO: [ app_init ] --END-- [ RunTime:0.000286s ]
INFO: [ app_begin ] --START--
INFO: Run Behavior\ReadHtmlCacheBehavior [ RunTime:0.000809s ]
INFO: [ app_begin ] --END-- [ RunTime:0.001048s ]
SQL: SHOW COLUMNS FROM `test` [ RunTime:0.0289s ]
SQL: INSERT INTO `test` (`id`,`name`,`password`) VALUES ('2','admin','<script>alert(1);</script>\'a\'') [ RunTime:0.0013s ]

[ 2019-03-23T17:19:42+08:00 ] 127.0.0.1 /shenji/thinkphp3.2/thinkphp/
INFO: [ app_init ] --START--
INFO: Run Behavior\BuildLiteBehavior [ RunTime:0.000037s ]
INFO: [ app_init ] --END-- [ RunTime:0.000207s ]
INFO: [ app_begin ] --START--
INFO: Run Behavior\ReadHtmlCacheBehavior [ RunTime:0.001008s ]
INFO: [ app_begin ] --END-- [ RunTime:0.001234s ]
SQL: SHOW COLUMNS FROM `test` [ RunTime:0.0334s ]
SQL: INSERT INTO `test` (`id`,`name`,`password`) VALUES ('2','admin','<script>alert(1);</script>\'a\'') [ RunTime:0.0011s ]

[ 2019-03-23T17:19:59+08:00 ] 127.0.0.1 /shenji/thinkphp3.2/thinkphp/
INFO: [ app_init ] --START--
INFO: Run Behavior\BuildLiteBehavior [ RunTime:0.000059s ]
INFO: [ app_init ] --END-- [ RunTime:0.000331s ]
INFO: [ app_begin ] --START--
INFO: Run Behavior\ReadHtmlCacheBehavior [ RunTime:0.001055s ]
INFO: [ app_begin ] --END-- [ RunTime:0.001352s ]
SQL: SHOW COLUMNS FROM `test` [ RunTime:0.0315s ]
SQL: INSERT INTO `test` (`id`,`name`,`password`) VALUES ('2','admin','<script>alert(1);</script>\'a\'') [ RunTime:0.0011s ]

[ 2019-03-23T17:20:53+08:00 ] 127.0.0.1 /shenji/thinkphp3.2/thinkphp/
INFO: [ app_init ] --START--
INFO: Run Behavior\BuildLiteBehavior [ RunTime:0.000064s ]
INFO: [ app_init ] --END-- [ RunTime:0.000354s ]
INFO: [ app_begin ] --START--
INFO: Run Behavior\ReadHtmlCacheBehavior [ RunTime:0.001008s ]
INFO: [ app_begin ] --END-- [ RunTime:0.001312s ]
SQL: SHOW COLUMNS FROM `test` [ RunTime:0.0168s ]
SQL: INSERT INTO `test` (`id`,`name`,`password`) VALUES ('2','admin','<script>alert(1);</script>\'a\'') [ RunTime:0.0008s ]

[ 2019-03-23T17:21:13+08:00 ] 127.0.0.1 /shenji/thinkphp3.2/thinkphp/
INFO: [ app_init ] --START--
INFO: Run Behavior\BuildLiteBehavior [ RunTime:0.000069s ]
INFO: [ app_init ] --END-- [ RunTime:0.000407s ]
INFO: [ app_begin ] --START--
INFO: Run Behavior\ReadHtmlCacheBehavior [ RunTime:0.001143s ]
INFO: [ app_begin ] --END-- [ RunTime:0.001494s ]
SQL: SHOW COLUMNS FROM `test` [ RunTime:0.0216s ]
SQL: INSERT INTO `test` (`id`,`name`,`password`) VALUES ('2','admin','<script>alert(1);</script>\'a\'') [ RunTime:0.0006s ]
SQL: SELECT * FROM `test` WHERE `id` IN ('name','password')  [ RunTime:0.0008s ]
NOTIC: [8] Undefined offset: 0 D:\PhpStudy20180211\PHPTutorial\WWW\shenji\thinkphp3.2\ThinkPHP\Shop\Home\Controller\IndexController.class.php 第 10 行.
INFO: [ app_end ] --START--
INFO: Run Behavior\ShowPageTraceBehavior [ RunTime:0.001729s ]
INFO: [ app_end ] --END-- [ RunTime:0.002478s ]

[ 2019-03-23T17:21:40+08:00 ] 127.0.0.1 /shenji/thinkphp3.2/thinkphp/
INFO: [ app_init ] --START--
INFO: Run Behavior\BuildLiteBehavior [ RunTime:0.000123s ]
INFO: [ app_init ] --END-- [ RunTime:0.000738s ]
INFO: [ app_begin ] --START--
INFO: Run Behavior\ReadHtmlCacheBehavior [ RunTime:0.001993s ]
INFO: [ app_begin ] --END-- [ RunTime:0.002614s ]
SQL: SHOW COLUMNS FROM `test` [ RunTime:0.0293s ]
SQL: INSERT INTO `test` (`id`,`name`,`password`) VALUES ('2','admin','<script>alert(1);</script>\'a\'') [ RunTime:0.0009s ]
SQL: SELECT * FROM `test` WHERE `id` IN ('name','password')  [ RunTime:0.0009s ]
NOTIC: [8] Undefined offset: 0 D:\PhpStudy20180211\PHPTutorial\WWW\shenji\thinkphp3.2\ThinkPHP\Shop\Home\Controller\IndexController.class.php 第 10 行.
INFO: [ app_end ] --START--
INFO: Run Behavior\ShowPageTraceBehavior [ RunTime:0.002193s ]
INFO: [ app_end ] --END-- [ RunTime:0.002789s ]

[ 2019-03-23T17:24:29+08:00 ] 127.0.0.1 /shenji/thinkphp3.2/thinkphp/
INFO: [ app_init ] --START--
INFO: Run Behavior\BuildLiteBehavior [ RunTime:0.000068s ]
INFO: [ app_init ] --END-- [ RunTime:0.000407s ]
INFO: [ app_begin ] --START--
INFO: Run Behavior\ReadHtmlCacheBehavior [ RunTime:0.001067s ]
INFO: [ app_begin ] --END-- [ RunTime:0.001393s ]
SQL: SHOW COLUMNS FROM `test` [ RunTime:0.0273s ]
SQL: INSERT INTO `test` (`id`,`name`,`password`) VALUES ('2','admin','<script>alert(1);</script>\'a\'') [ RunTime:0.0006s ]
SQL: SELECT * FROM `test` WHERE `id` = 0  [ RunTime:0.0006s ]
NOTIC: [8] Undefined offset: 0 D:\PhpStudy20180211\PHPTutorial\WWW\shenji\thinkphp3.2\ThinkPHP\Shop\Home\Controller\IndexController.class.php 第 10 行.
INFO: [ app_end ] --START--
INFO: Run Behavior\ShowPageTraceBehavior [ RunTime:0.001614s ]
INFO: [ app_end ] --END-- [ RunTime:0.002004s ]

[ 2019-03-23T17:24:33+08:00 ] 127.0.0.1 /shenji/thinkphp3.2/thinkphp/
INFO: [ app_init ] --START--
INFO: Run Behavior\BuildLiteBehavior [ RunTime:0.000125s ]
INFO: [ app_init ] --END-- [ RunTime:0.000765s ]
INFO: [ app_begin ] --START--
INFO: Run Behavior\ReadHtmlCacheBehavior [ RunTime:0.002206s ]
INFO: [ app_begin ] --END-- [ RunTime:0.002966s ]
SQL: SHOW COLUMNS FROM `test` [ RunTime:0.0298s ]
SQL: INSERT INTO `test` (`id`,`name`,`password`) VALUES ('2','admin','<script>alert(1);</script>\'a\'') [ RunTime:0.0005s ]
SQL: SELECT * FROM `test` WHERE `id` = 0  [ RunTime:0.0004s ]
NOTIC: [8] Undefined offset: 0 D:\PhpStudy20180211\PHPTutorial\WWW\shenji\thinkphp3.2\ThinkPHP\Shop\Home\Controller\IndexController.class.php 第 10 行.
INFO: [ app_end ] --START--
INFO: Run Behavior\ShowPageTraceBehavior [ RunTime:0.001147s ]
INFO: [ app_end ] --END-- [ RunTime:0.001455s ]

[ 2019-03-23T17:24:50+08:00 ] 127.0.0.1 /shenji/thinkphp3.2/thinkphp/
INFO: [ app_init ] --START--
INFO: Run Behavior\BuildLiteBehavior [ RunTime:0.000094s ]
INFO: [ app_init ] --END-- [ RunTime:0.000572s ]
INFO: [ app_begin ] --START--
INFO: Run Behavior\ReadHtmlCacheBehavior [ RunTime:0.001334s ]
INFO: [ app_begin ] --END-- [ RunTime:0.001736s ]
SQL: SHOW COLUMNS FROM `test` [ RunTime:0.0095s ]
SQL: INSERT INTO `test` (`id`,`name`,`password`) VALUES ('2','admin','<script>alert(1);</script>\'a\'') [ RunTime:0.0003s ]
SQL: SELECT * FROM `test` WHERE `id` = 0  [ RunTime:0.0003s ]
NOTIC: [8] Undefined offset: 0 D:\PhpStudy20180211\PHPTutorial\WWW\shenji\thinkphp3.2\ThinkPHP\Shop\Home\Controller\IndexController.class.php 第 10 行.
INFO: [ app_end ] --START--
INFO: Run Behavior\ShowPageTraceBehavior [ RunTime:0.000690s ]
INFO: [ app_end ] --END-- [ RunTime:0.000846s ]

[ 2019-03-23T17:25:06+08:00 ] 127.0.0.1 /shenji/thinkphp3.2/thinkphp/
INFO: [ app_init ] --START--
INFO: Run Behavior\BuildLiteBehavior [ RunTime:0.000037s ]
INFO: [ app_init ] --END-- [ RunTime:0.000202s ]
INFO: [ app_begin ] --START--
INFO: Run Behavior\ReadHtmlCacheBehavior [ RunTime:0.000591s ]
INFO: [ app_begin ] --END-- [ RunTime:0.000755s ]
SQL: SHOW COLUMNS FROM `test` [ RunTime:0.0094s ]
SQL: INSERT INTO `test` (`id`,`name`,`password`) VALUES ('2','admin','<script>alert(1);</script>\'a\'') [ RunTime:0.0004s ]
SQL: SELECT * FROM `test` WHERE ( id=2 )  [ RunTime:0.0003s ]
INFO: [ app_end ] --START--
INFO: Run Behavior\ShowPageTraceBehavior [ RunTime:0.000755s ]
INFO: [ app_end ] --END-- [ RunTime:0.000917s ]

[ 2019-03-23T17:25:18+08:00 ] 127.0.0.1 /shenji/thinkphp3.2/thinkphp/
INFO: [ app_init ] --START--
INFO: Run Behavior\BuildLiteBehavior [ RunTime:0.000124s ]
INFO: [ app_init ] --END-- [ RunTime:0.000746s ]
INFO: [ app_begin ] --START--
INFO: Run Behavior\ReadHtmlCacheBehavior [ RunTime:0.002082s ]
INFO: [ app_begin ] --END-- [ RunTime:0.002771s ]
SQL: SHOW COLUMNS FROM `test` [ RunTime:0.0313s ]
SQL: INSERT INTO `test` (`id`,`name`,`password`) VALUES ('2','admin','<script>alert(1);</script>\'a\'') [ RunTime:0.0009s ]
SQL: SELECT * FROM `test` WHERE ( id=2 )  [ RunTime:0.0009s ]
INFO: [ app_end ] --START--
INFO: Run Behavior\ShowPageTraceBehavior [ RunTime:0.002092s ]
INFO: [ app_end ] --END-- [ RunTime:0.002694s ]

[ 2019-03-23T17:30:04+08:00 ] 127.0.0.1 /shenji/thinkphp3.2/thinkphp/
INFO: [ app_init ] --START--
INFO: Run Behavior\BuildLiteBehavior [ RunTime:0.000130s ]
INFO: [ app_init ] --END-- [ RunTime:0.000754s ]
INFO: [ app_begin ] --START--
INFO: Run Behavior\ReadHtmlCacheBehavior [ RunTime:0.002247s ]
INFO: [ app_begin ] --END-- [ RunTime:0.002941s ]
SQL: SHOW COLUMNS FROM `test` [ RunTime:0.0275s ]
SQL: INSERT INTO `test` (`id`,`name`,`password`) VALUES ('2','admin','<script>alert(1);</script>\'a\'') [ RunTime:0.0005s ]
NOTIC: [8] Undefined index: _logic xdebug://debug-eval(1) : eval()'d code 第 1 行.
NOTIC: [8] Undefined index: _logic xdebug://debug-eval(1) : eval()'d code 第 1 行.
NOTIC: [8] Undefined index: _logic xdebug://debug-eval(1) : eval()'d code 第 1 行.

[ 2019-03-23T17:35:33+08:00 ] 127.0.0.1 /shenji/thinkphp3.2/thinkphp/
INFO: [ app_init ] --START--
INFO: Run Behavior\BuildLiteBehavior [ RunTime:0.000040s ]
INFO: [ app_init ] --END-- [ RunTime:0.000241s ]
INFO: [ app_begin ] --START--
INFO: Run Behavior\ReadHtmlCacheBehavior [ RunTime:0.001140s ]
INFO: [ app_begin ] --END-- [ RunTime:0.001431s ]
SQL: SHOW COLUMNS FROM `test` [ RunTime:0.0292s ]
SQL: INSERT INTO `test` (`id`,`name`,`password`) VALUES ('2','admin','<script>alert(1);</script>\'a\'') [ RunTime:0.0007s ]

